[ 2017-07-05T14:18:38+08:00 ] ::1 /vmallshop/index.php/Mobile/Login/loginaction.html
INFO: [ app_begin ] --START--
INFO: Run Behavior\ReadHtmlCacheBehavior [ RunTime:0.001000s ]
INFO: [ app_begin ] --END-- [ RunTime:0.001000s ]

[ 2017-07-05T14:19:42+08:00 ] ::1 /vmallshop/index.php/Mobile/Login/loginaction.html
INFO: [ app_begin ] --START--
INFO: Run Behavior\ReadHtmlCacheBehavior [ RunTime:0.000000s ]
INFO: [ app_begin ] --END-- [ RunTime:0.001000s ]
SQL: DESCRIBE vmall_user [ RunTime:0.008000s ]
SQL: SELECT * FROM `vmall_user` WHERE `user_name` = '' AND `user_pwd` = '96e79218965eb72c92a549dd5a330112'  [ RunTime:0.001000s ]
NOTIC: [8] Undefined index: info D:\phpstudy\WWW\vmallshop\ThinkPHP\Library\Think\Controller.class.php 第 216 行.
NOTIC: [8] Undefined index: navTabId D:\phpstudy\WWW\vmallshop\ThinkPHP\Library\Think\Controller.class.php 第 217 行.
NOTIC: [8] Undefined index: callbackType D:\phpstudy\WWW\vmallshop\ThinkPHP\Library\Think\Controller.class.php 第 218 行.
NOTIC: [8] Undefined index: forwardUrl D:\phpstudy\WWW\vmallshop\ThinkPHP\Library\Think\Controller.class.php 第 219 行.

[ 2017-07-05T14:20:09+08:00 ] ::1 /vmallshop/index.php/Mobile/Login/loginaction.html
INFO: [ app_begin ] --START--
INFO: Run Behavior\ReadHtmlCacheBehavior [ RunTime:0.000000s ]
INFO: [ app_begin ] --END-- [ RunTime:0.001000s ]
SQL: DESCRIBE vmall_user [ RunTime:0.006000s ]
SQL: SELECT * FROM `vmall_user` WHERE `user_name` = '' AND `user_pwd` = '96e79218965eb72c92a549dd5a330112'  [ RunTime:0.001000s ]
NOTIC: [8] Undefined index: info D:\phpstudy\WWW\vmallshop\ThinkPHP\Library\Think\Controller.class.php 第 216 行.
NOTIC: [8] Undefined index: navTabId D:\phpstudy\WWW\vmallshop\ThinkPHP\Library\Think\Controller.class.php 第 217 行.
NOTIC: [8] Undefined index: callbackType D:\phpstudy\WWW\vmallshop\ThinkPHP\Library\Think\Controller.class.php 第 218 行.
NOTIC: [8] Undefined index: forwardUrl D:\phpstudy\WWW\vmallshop\ThinkPHP\Library\Think\Controller.class.php 第 219 行.

[ 2017-07-05T14:20:52+08:00 ] ::1 /vmallshop/index.php/Mobile/Login/loginaction.html
INFO: [ app_begin ] --START--
INFO: Run Behavior\ReadHtmlCacheBehavior [ RunTime:0.001000s ]
INFO: [ app_begin ] --END-- [ RunTime:0.003000s ]
SQL: DESCRIBE vmall_user [ RunTime:0.007001s ]
SQL: SELECT * FROM `vmall_user` WHERE `user_name` = '' AND `user_pwd` = 'e3ceb5881a0a1fdaad01296d7554868d'  [ RunTime:0.001000s ]
NOTIC: [8] Undefined index: info D:\phpstudy\WWW\vmallshop\ThinkPHP\Library\Think\Controller.class.php 第 216 行.
NOTIC: [8] Undefined index: navTabId D:\phpstudy\WWW\vmallshop\ThinkPHP\Library\Think\Controller.class.php 第 217 行.
NOTIC: [8] Undefined index: callbackType D:\phpstudy\WWW\vmallshop\ThinkPHP\Library\Think\Controller.class.php 第 218 行.
NOTIC: [8] Undefined index: forwardUrl D:\phpstudy\WWW\vmallshop\ThinkPHP\Library\Think\Controller.class.php 第 219 行.

[ 2017-07-05T14:22:59+08:00 ] ::1 /vmallshop/index.php/Mobile/Login/loginaction.html
INFO: [ app_begin ] --START--
INFO: Run Behavior\ReadHtmlCacheBehavior [ RunTime:0.000000s ]
INFO: [ app_begin ] --END-- [ RunTime:0.001001s ]
SQL: DESCRIBE vmall_user [ RunTime:0.007000s ]
SQL: SELECT * FROM `vmall_user` WHERE `user_name` = '' AND `user_pwd` = '96e79218965eb72c92a549dd5a330112'  [ RunTime:0.000000s ]
NOTIC: [8] Undefined index: info D:\phpstudy\WWW\vmallshop\ThinkPHP\Library\Think\Controller.class.php 第 216 行.
NOTIC: [8] Undefined index: navTabId D:\phpstudy\WWW\vmallshop\ThinkPHP\Library\Think\Controller.class.php 第 217 行.
NOTIC: [8] Undefined index: callbackType D:\phpstudy\WWW\vmallshop\ThinkPHP\Library\Think\Controller.class.php 第 218 行.
NOTIC: [8] Undefined index: forwardUrl D:\phpstudy\WWW\vmallshop\ThinkPHP\Library\Think\Controller.class.php 第 219 行.

[ 2017-07-05T14:23:23+08:00 ] ::1 /vmallshop/index.php/Mobile/Login/loginaction.html
INFO: [ app_begin ] --START--
INFO: Run Behavior\ReadHtmlCacheBehavior [ RunTime:0.001000s ]
INFO: [ app_begin ] --END-- [ RunTime:0.001000s ]

[ 2017-07-05T14:23:39+08:00 ] ::1 /vmallshop/index.php/Mobile/Login/loginaction.html
INFO: [ app_begin ] --START--
INFO: Run Behavior\ReadHtmlCacheBehavior [ RunTime:0.001000s ]
INFO: [ app_begin ] --END-- [ RunTime:0.001000s ]

[ 2017-07-05T14:25:44+08:00 ] ::1 /vmallshop/index.php/Mobile/Login/loginaction.html
INFO: [ app_begin ] --START--
INFO: Run Behavior\ReadHtmlCacheBehavior [ RunTime:0.001000s ]
INFO: [ app_begin ] --END-- [ RunTime:0.001000s ]
SQL: DESCRIBE vmall_user [ RunTime:0.007000s ]
SQL: SELECT * FROM `vmall_user` WHERE `user_name` = '' AND `user_pwd` = '96e79218965eb72c92a549dd5a330112'  [ RunTime:0.000000s ]
NOTIC: [8] Undefined index: info D:\phpstudy\WWW\vmallshop\ThinkPHP\Library\Think\Controller.class.php 第 216 行.
NOTIC: [8] Undefined index: navTabId D:\phpstudy\WWW\vmallshop\ThinkPHP\Library\Think\Controller.class.php 第 217 行.
NOTIC: [8] Undefined index: callbackType D:\phpstudy\WWW\vmallshop\ThinkPHP\Library\Think\Controller.class.php 第 218 行.
NOTIC: [8] Undefined index: forwardUrl D:\phpstudy\WWW\vmallshop\ThinkPHP\Library\Think\Controller.class.php 第 219 行.

[ 2017-07-05T14:29:03+08:00 ] ::1 /vmallshop/index.php/Mobile/Login/loginaction.html
INFO: [ app_begin ] --START--
INFO: Run Behavior\ReadHtmlCacheBehavior [ RunTime:0.001000s ]
INFO: [ app_begin ] --END-- [ RunTime:0.001000s ]
SQL: DESCRIBE vmall_user [ RunTime:0.007000s ]
SQL: SELECT * FROM `vmall_user` WHERE `user_name` = '' AND `user_pwd` = '96e79218965eb72c92a549dd5a330112'  [ RunTime:0.001000s ]

[ 2017-07-05T14:30:34+08:00 ] ::1 /vmallshop/index.php/Mobile/Login/loginaction.html
INFO: [ app_begin ] --START--
INFO: Run Behavior\ReadHtmlCacheBehavior [ RunTime:0.000000s ]
INFO: [ app_begin ] --END-- [ RunTime:0.002000s ]
SQL: DESCRIBE vmall_user [ RunTime:0.007001s ]
SQL: SELECT * FROM `vmall_user` WHERE `user_name` = '' AND `user_pwd` = '96e79218965eb72c92a549dd5a330112'  [ RunTime:0.001000s ]
NOTIC: [8] Undefined index: info D:\phpstudy\WWW\vmallshop\ThinkPHP\Library\Think\Controller.class.php 第 216 行.
NOTIC: [8] Undefined index: navTabId D:\phpstudy\WWW\vmallshop\ThinkPHP\Library\Think\Controller.class.php 第 217 行.
NOTIC: [8] Undefined index: callbackType D:\phpstudy\WWW\vmallshop\ThinkPHP\Library\Think\Controller.class.php 第 218 行.
NOTIC: [8] Undefined index: forwardUrl D:\phpstudy\WWW\vmallshop\ThinkPHP\Library\Think\Controller.class.php 第 219 行.

[ 2017-07-05T14:31:01+08:00 ] ::1 /vmallshop/index.php/Mobile/Login/loginaction.html
INFO: [ app_begin ] --START--
INFO: Run Behavior\ReadHtmlCacheBehavior [ RunTime:0.002000s ]
INFO: [ app_begin ] --END-- [ RunTime:0.003000s ]
SQL: DESCRIBE vmall_user [ RunTime:0.008001s ]
SQL: SELECT * FROM `vmall_user` WHERE `user_name` = ''  [ RunTime:0.001000s ]

[ 2017-07-05T14:31:42+08:00 ] ::1 /vmallshop/index.php/Mobile/Login/loginaction.html
INFO: [ app_begin ] --START--
INFO: Run Behavior\ReadHtmlCacheBehavior [ RunTime:0.002000s ]
INFO: [ app_begin ] --END-- [ RunTime:0.002000s ]
SQL: DESCRIBE vmall_user [ RunTime:0.006001s ]
SQL: SELECT * FROM `vmall_user` WHERE `user_name` = 'test005'  [ RunTime:0.001000s ]

[ 2017-07-05T14:32:18+08:00 ] ::1 /vmallshop/index.php/Mobile/Login/loginaction.html
INFO: [ app_begin ] --START--
INFO: Run Behavior\ReadHtmlCacheBehavior [ RunTime:0.001000s ]
INFO: [ app_begin ] --END-- [ RunTime:0.001000s ]
SQL: DESCRIBE vmall_user [ RunTime:0.006000s ]
SQL: SELECT * FROM `vmall_user` WHERE `user_name` = '123abc'  [ RunTime:0.000000s ]

[ 2017-07-05T14:32:31+08:00 ] ::1 /vmallshop/index.php/Mobile/Login/loginaction.html
INFO: [ app_begin ] --START--
INFO: Run Behavior\ReadHtmlCacheBehavior [ RunTime:0.001000s ]
INFO: [ app_begin ] --END-- [ RunTime:0.001000s ]
SQL: DESCRIBE vmall_user [ RunTime:0.008000s ]
SQL: SELECT * FROM `vmall_user` WHERE `user_name` = ''  [ RunTime:0.002000s ]

[ 2017-07-05T14:32:54+08:00 ] ::1 /vmallshop/index.php/Mobile/Login/loginaction.html
INFO: [ app_begin ] --START--
INFO: Run Behavior\ReadHtmlCacheBehavior [ RunTime:0.000000s ]
INFO: [ app_begin ] --END-- [ RunTime:0.002000s ]
SQL: DESCRIBE vmall_user [ RunTime:0.006000s ]
SQL: SELECT * FROM `vmall_user` WHERE `user_name` = ''  [ RunTime:0.000000s ]

[ 2017-07-05T14:33:17+08:00 ] ::1 /vmallshop/index.php/Mobile/Login/loginaction.html
INFO: [ app_begin ] --START--
INFO: Run Behavior\ReadHtmlCacheBehavior [ RunTime:0.000000s ]
INFO: [ app_begin ] --END-- [ RunTime:0.001000s ]
SQL: DESCRIBE vmall_user [ RunTime:0.006000s ]
SQL: SELECT * FROM `vmall_user` WHERE `user_name` = ''  [ RunTime:0.001001s ]

[ 2017-07-05T14:34:22+08:00 ] ::1 /vmallshop/index.php/Mobile/Login/loginaction.html
INFO: [ app_begin ] --START--
INFO: Run Behavior\ReadHtmlCacheBehavior [ RunTime:0.001000s ]
INFO: [ app_begin ] --END-- [ RunTime:0.001000s ]
SQL: DESCRIBE vmall_user [ RunTime:0.007000s ]
SQL: SELECT * FROM `vmall_user` WHERE `user_name` = ''  [ RunTime:0.001000s ]

[ 2017-07-05T14:35:17+08:00 ] ::1 /vmallshop/index.php/Mobile/Login/loginaction.html
INFO: [ app_begin ] --START--
INFO: Run Behavior\ReadHtmlCacheBehavior [ RunTime:0.001000s ]
INFO: [ app_begin ] --END-- [ RunTime:0.001000s ]
SQL: DESCRIBE vmall_user [ RunTime:0.006001s ]
SQL: SELECT * FROM `vmall_user` WHERE `user_name` = '' AND `user_pwd` = '96e79218965eb72c92a549dd5a330112'  [ RunTime:0.001000s ]
NOTIC: [8] Undefined index: info D:\phpstudy\WWW\vmallshop\ThinkPHP\Library\Think\Controller.class.php 第 216 行.
NOTIC: [8] Undefined index: navTabId D:\phpstudy\WWW\vmallshop\ThinkPHP\Library\Think\Controller.class.php 第 217 行.
NOTIC: [8] Undefined index: callbackType D:\phpstudy\WWW\vmallshop\ThinkPHP\Library\Think\Controller.class.php 第 218 行.
NOTIC: [8] Undefined index: forwardUrl D:\phpstudy\WWW\vmallshop\ThinkPHP\Library\Think\Controller.class.php 第 219 行.

[ 2017-07-05T14:35:24+08:00 ] ::1 /vmallshop/index.php/Mobile/Login/loginaction.html
INFO: [ app_begin ] --START--
INFO: Run Behavior\ReadHtmlCacheBehavior [ RunTime:0.001000s ]
INFO: [ app_begin ] --END-- [ RunTime:0.001000s ]
SQL: DESCRIBE vmall_user [ RunTime:0.006000s ]
SQL: SELECT * FROM `vmall_user` WHERE `user_name` = '' AND `user_pwd` = 'e3ceb5881a0a1fdaad01296d7554868d'  [ RunTime:0.001000s ]
NOTIC: [8] Undefined index: info D:\phpstudy\WWW\vmallshop\ThinkPHP\Library\Think\Controller.class.php 第 216 行.
NOTIC: [8] Undefined index: navTabId D:\phpstudy\WWW\vmallshop\ThinkPHP\Library\Think\Controller.class.php 第 217 行.
NOTIC: [8] Undefined index: callbackType D:\phpstudy\WWW\vmallshop\ThinkPHP\Library\Think\Controller.class.php 第 218 行.
NOTIC: [8] Undefined index: forwardUrl D:\phpstudy\WWW\vmallshop\ThinkPHP\Library\Think\Controller.class.php 第 219 行.

[ 2017-07-05T14:35:34+08:00 ] ::1 /vmallshop/index.php/Mobile/Login/loginaction.html
INFO: [ app_begin ] --START--
INFO: Run Behavior\ReadHtmlCacheBehavior [ RunTime:0.001000s ]
INFO: [ app_begin ] --END-- [ RunTime:0.001000s ]
SQL: DESCRIBE vmall_user [ RunTime:0.006000s ]
SQL: SELECT * FROM `vmall_user` WHERE `user_name` = '' AND `user_pwd` = 'e3ceb5881a0a1fdaad01296d7554868d'  [ RunTime:0.000000s ]
NOTIC: [8] Undefined index: info D:\phpstudy\WWW\vmallshop\ThinkPHP\Library\Think\Controller.class.php 第 216 行.
NOTIC: [8] Undefined index: navTabId D:\phpstudy\WWW\vmallshop\ThinkPHP\Library\Think\Controller.class.php 第 217 行.
NOTIC: [8] Undefined index: callbackType D:\phpstudy\WWW\vmallshop\ThinkPHP\Library\Think\Controller.class.php 第 218 行.
NOTIC: [8] Undefined index: forwardUrl D:\phpstudy\WWW\vmallshop\ThinkPHP\Library\Think\Controller.class.php 第 219 行.

[ 2017-07-05T14:35:46+08:00 ] ::1 /vmallshop/index.php/Mobile/Login/loginaction.html
INFO: [ app_begin ] --START--
INFO: Run Behavior\ReadHtmlCacheBehavior [ RunTime:0.001000s ]
INFO: [ app_begin ] --END-- [ RunTime:0.001000s ]
SQL: DESCRIBE vmall_user [ RunTime:0.007001s ]
SQL: SELECT * FROM `vmall_user` WHERE `user_name` = '' AND `user_pwd` = '0b4e7a0e5fe84ad35fb5f95b9ceeac79'  [ RunTime:0.001000s ]
NOTIC: [8] Undefined index: info D:\phpstudy\WWW\vmallshop\ThinkPHP\Library\Think\Controller.class.php 第 216 行.
NOTIC: [8] Undefined index: navTabId D:\phpstudy\WWW\vmallshop\ThinkPHP\Library\Think\Controller.class.php 第 217 行.
NOTIC: [8] Undefined index: callbackType D:\phpstudy\WWW\vmallshop\ThinkPHP\Library\Think\Controller.class.php 第 218 行.
NOTIC: [8] Undefined index: forwardUrl D:\phpstudy\WWW\vmallshop\ThinkPHP\Library\Think\Controller.class.php 第 219 行.

[ 2017-07-05T14:36:11+08:00 ] ::1 /vmallshop/index.php/Mobile/Login/loginaction.html
INFO: [ app_begin ] --START--
INFO: Run Behavior\ReadHtmlCacheBehavior [ RunTime:0.001000s ]
INFO: [ app_begin ] --END-- [ RunTime:0.001000s ]
SQL: DESCRIBE vmall_user [ RunTime:0.007001s ]
SQL: SELECT * FROM `vmall_user` WHERE `user_name` = ''  [ RunTime:0.000000s ]

[ 2017-07-05T14:36:22+08:00 ] ::1 /vmallshop/index.php/Mobile/Login/loginaction.html
INFO: [ app_begin ] --START--
INFO: Run Behavior\ReadHtmlCacheBehavior [ RunTime:0.000000s ]
INFO: [ app_begin ] --END-- [ RunTime:0.001000s ]
SQL: DESCRIBE vmall_user [ RunTime:0.007000s ]
SQL: SELECT * FROM `vmall_user` WHERE `user_name` = ''  [ RunTime:0.000000s ]

[ 2017-07-05T14:36:35+08:00 ] ::1 /vmallshop/index.php/Mobile/Login/loginaction.html
INFO: [ app_begin ] --START--
INFO: Run Behavior\ReadHtmlCacheBehavior [ RunTime:0.001000s ]
INFO: [ app_begin ] --END-- [ RunTime:0.001000s ]
SQL: DESCRIBE vmall_user [ RunTime:0.008001s ]
SQL: SELECT * FROM `vmall_user` WHERE `user_name` = ''  [ RunTime:0.000000s ]

[ 2017-07-05T14:36:57+08:00 ] ::1 /vmallshop/index.php/Mobile/Login/loginaction.html
INFO: [ app_begin ] --START--
INFO: Run Behavior\ReadHtmlCacheBehavior [ RunTime:0.001000s ]
INFO: [ app_begin ] --END-- [ RunTime:0.001000s ]
SQL: DESCRIBE vmall_user [ RunTime:0.006000s ]
SQL: SELECT * FROM `vmall_user` WHERE `user_name` = ''  [ RunTime:0.001001s ]

[ 2017-07-05T14:37:14+08:00 ] ::1 /vmallshop/index.php/Mobile/Login/loginaction.html
INFO: [ app_begin ] --START--
INFO: Run Behavior\ReadHtmlCacheBehavior [ RunTime:0.001000s ]
INFO: [ app_begin ] --END-- [ RunTime:0.001000s ]
SQL: DESCRIBE vmall_user [ RunTime:0.007001s ]
SQL: SELECT * FROM `vmall_user` WHERE `user_name` = ''  [ RunTime:0.000000s ]

[ 2017-07-05T14:37:25+08:00 ] ::1 /vmallshop/index.php/Mobile/Login/loginaction.html
INFO: [ app_begin ] --START--
INFO: Run Behavior\ReadHtmlCacheBehavior [ RunTime:0.000000s ]
INFO: [ app_begin ] --END-- [ RunTime:0.001000s ]
SQL: DESCRIBE vmall_user [ RunTime:0.008000s ]
SQL: SELECT * FROM `vmall_user` WHERE `user_name` = '123abc'  [ RunTime:0.001000s ]

[ 2017-07-05T14:37:39+08:00 ] ::1 /vmallshop/index.php/Mobile/Login/loginaction.html
INFO: [ app_begin ] --START--
INFO: Run Behavior\ReadHtmlCacheBehavior [ RunTime:0.001000s ]
INFO: [ app_begin ] --END-- [ RunTime:0.001000s ]
SQL: DESCRIBE vmall_user [ RunTime:0.009000s ]
SQL: SELECT * FROM `vmall_user` WHERE `user_name` = '123abc' AND `user_pwd` = '96e79218965eb72c92a549dd5a330112'  [ RunTime:0.001000s ]
NOTIC: [8] Undefined index: info D:\phpstudy\WWW\vmallshop\ThinkPHP\Library\Think\Controller.class.php 第 216 行.
NOTIC: [8] Undefined index: navTabId D:\phpstudy\WWW\vmallshop\ThinkPHP\Library\Think\Controller.class.php 第 217 行.
NOTIC: [8] Undefined index: callbackType D:\phpstudy\WWW\vmallshop\ThinkPHP\Library\Think\Controller.class.php 第 218 行.
NOTIC: [8] Undefined index: forwardUrl D:\phpstudy\WWW\vmallshop\ThinkPHP\Library\Think\Controller.class.php 第 219 行.

[ 2017-07-05T14:37:46+08:00 ] ::1 /vmallshop/index.php/Mobile/Login/loginaction.html
INFO: [ app_begin ] --START--
INFO: Run Behavior\ReadHtmlCacheBehavior [ RunTime:0.001000s ]
INFO: [ app_begin ] --END-- [ RunTime:0.002000s ]
SQL: DESCRIBE vmall_user [ RunTime:0.024002s ]
SQL: SELECT * FROM `vmall_user` WHERE `user_name` = '123abc' AND `user_pwd` = 'e3ceb5881a0a1fdaad01296d7554868d'  [ RunTime:0.001000s ]
SQL: UPDATE `vmall_user` SET `user_last_time`=1499236666,`user_last_ip`=0 WHERE `user_id` = 30 [ RunTime:0.038002s ]
NOTIC: [8] Undefined index: info D:\phpstudy\WWW\vmallshop\ThinkPHP\Library\Think\Controller.class.php 第 216 行.
NOTIC: [8] Undefined index: navTabId D:\phpstudy\WWW\vmallshop\ThinkPHP\Library\Think\Controller.class.php 第 217 行.
NOTIC: [8] Undefined index: callbackType D:\phpstudy\WWW\vmallshop\ThinkPHP\Library\Think\Controller.class.php 第 218 行.
NOTIC: [8] Undefined index: forwardUrl D:\phpstudy\WWW\vmallshop\ThinkPHP\Library\Think\Controller.class.php 第 219 行.

[ 2017-07-05T15:12:56+08:00 ] ::1 /vmallshop/index.php/Mobile/Login/loginaction.html
INFO: [ app_begin ] --START--
INFO: Run Behavior\ReadHtmlCacheBehavior [ RunTime:0.001000s ]
INFO: [ app_begin ] --END-- [ RunTime:0.001000s ]
SQL: DESCRIBE vmall_user [ RunTime:0.006001s ]
SQL: SELECT * FROM `vmall_user` WHERE `user_name` = '123abc' AND `user_pwd` = 'e3ceb5881a0a1fdaad01296d7554868d'  [ RunTime:0.001000s ]
SQL: UPDATE `vmall_user` SET `user_last_time`=1499238776,`user_last_ip`=0 WHERE `user_id` = 30 [ RunTime:0.045002s ]
NOTIC: [8] Undefined index: info D:\phpstudy\WWW\vmallshop\ThinkPHP\Library\Think\Controller.class.php 第 216 行.
NOTIC: [8] Undefined index: navTabId D:\phpstudy\WWW\vmallshop\ThinkPHP\Library\Think\Controller.class.php 第 217 行.
NOTIC: [8] Undefined index: callbackType D:\phpstudy\WWW\vmallshop\ThinkPHP\Library\Think\Controller.class.php 第 218 行.
NOTIC: [8] Undefined index: forwardUrl D:\phpstudy\WWW\vmallshop\ThinkPHP\Library\Think\Controller.class.php 第 219 行.

[ 2017-07-05T15:17:35+08:00 ] ::1 /vmallshop/index.php/Mobile/Login/loginaction.html
INFO: [ app_begin ] --START--
INFO: Run Behavior\ReadHtmlCacheBehavior [ RunTime:0.001000s ]
INFO: [ app_begin ] --END-- [ RunTime:0.002000s ]
SQL: DESCRIBE vmall_user [ RunTime:0.006000s ]
SQL: SELECT * FROM `vmall_user` WHERE `user_name` = '123abc' AND `user_pwd` = 'e3ceb5881a0a1fdaad01296d7554868d'  [ RunTime:0.001000s ]
SQL: UPDATE `vmall_user` SET `user_last_time`=1499239055,`user_last_ip`=0 WHERE `user_id` = 30 [ RunTime:0.042003s ]
NOTIC: [8] Undefined index: info D:\phpstudy\WWW\vmallshop\ThinkPHP\Library\Think\Controller.class.php 第 216 行.
NOTIC: [8] Undefined index: navTabId D:\phpstudy\WWW\vmallshop\ThinkPHP\Library\Think\Controller.class.php 第 217 行.
NOTIC: [8] Undefined index: callbackType D:\phpstudy\WWW\vmallshop\ThinkPHP\Library\Think\Controller.class.php 第 218 行.
NOTIC: [8] Undefined index: forwardUrl D:\phpstudy\WWW\vmallshop\ThinkPHP\Library\Think\Controller.class.php 第 219 行.

[ 2017-07-05T15:21:23+08:00 ] ::1 /vmallshop/index.php/Mobile/Login/loginaction.html
INFO: [ app_begin ] --START--
INFO: Run Behavior\ReadHtmlCacheBehavior [ RunTime:0.001000s ]
INFO: [ app_begin ] --END-- [ RunTime:0.001000s ]
SQL: DESCRIBE vmall_user [ RunTime:0.005000s ]
SQL: SELECT * FROM `vmall_user` WHERE `user_name` = '123abc' AND `user_pwd` = 'e3ceb5881a0a1fdaad01296d7554868d'  [ RunTime:0.000000s ]
SQL: UPDATE `vmall_user` SET `user_last_time`=1499239283,`user_last_ip`=0 WHERE `user_id` = 30 [ RunTime:0.026002s ]

[ 2017-07-05T15:22:12+08:00 ] ::1 /vmallshop/index.php/Mobile/Login/loginaction.html
INFO: [ app_begin ] --START--
INFO: Run Behavior\ReadHtmlCacheBehavior [ RunTime:0.001000s ]
INFO: [ app_begin ] --END-- [ RunTime:0.002000s ]
SQL: DESCRIBE vmall_user [ RunTime:0.005000s ]
SQL: SELECT * FROM `vmall_user` WHERE `user_name` = '123abc' AND `user_pwd` = 'e3ceb5881a0a1fdaad01296d7554868d'  [ RunTime:0.000000s ]
SQL: UPDATE `vmall_user` SET `user_last_time`=1499239332,`user_last_ip`=0 WHERE `user_id` = 30 [ RunTime:0.250014s ]
NOTIC: [8] Undefined index: info D:\phpstudy\WWW\vmallshop\ThinkPHP\Library\Think\Controller.class.php 第 216 行.
NOTIC: [8] Undefined index: navTabId D:\phpstudy\WWW\vmallshop\ThinkPHP\Library\Think\Controller.class.php 第 217 行.
NOTIC: [8] Undefined index: callbackType D:\phpstudy\WWW\vmallshop\ThinkPHP\Library\Think\Controller.class.php 第 218 行.
NOTIC: [8] Undefined index: forwardUrl D:\phpstudy\WWW\vmallshop\ThinkPHP\Library\Think\Controller.class.php 第 219 行.

[ 2017-07-05T15:24:07+08:00 ] ::1 /vmallshop/index.php/Mobile/Login/loginaction.html
INFO: [ app_begin ] --START--
INFO: Run Behavior\ReadHtmlCacheBehavior [ RunTime:0.001000s ]
INFO: [ app_begin ] --END-- [ RunTime:0.001000s ]
SQL: DESCRIBE vmall_user [ RunTime:0.005001s ]
SQL: SELECT * FROM `vmall_user` WHERE `user_name` = '123abc' AND `user_pwd` = 'e3ceb5881a0a1fdaad01296d7554868d'  [ RunTime:0.001000s ]
SQL: UPDATE `vmall_user` SET `user_last_time`=1499239447,`user_last_ip`=0 WHERE `user_id` = 30 [ RunTime:0.079004s ]
NOTIC: [8] Undefined index: info D:\phpstudy\WWW\vmallshop\ThinkPHP\Library\Think\Controller.class.php 第 216 行.
NOTIC: [8] Undefined index: navTabId D:\phpstudy\WWW\vmallshop\ThinkPHP\Library\Think\Controller.class.php 第 217 行.
NOTIC: [8] Undefined index: callbackType D:\phpstudy\WWW\vmallshop\ThinkPHP\Library\Think\Controller.class.php 第 218 行.
NOTIC: [8] Undefined index: forwardUrl D:\phpstudy\WWW\vmallshop\ThinkPHP\Library\Think\Controller.class.php 第 219 行.

[ 2017-07-05T16:40:17+08:00 ] ::1 /vmallshop/index.php/Mobile/Login/loginaction.html
INFO: [ app_begin ] --START--
INFO: Run Behavior\ReadHtmlCacheBehavior [ RunTime:0.000000s ]
INFO: [ app_begin ] --END-- [ RunTime:0.001000s ]
SQL: DESCRIBE vmall_user [ RunTime:0.007000s ]
SQL: SELECT * FROM `vmall_user` WHERE `user_name` = '123abc' AND `user_pwd` = 'e3ceb5881a0a1fdaad01296d7554868d'  [ RunTime:0.001000s ]
SQL: UPDATE `vmall_user` SET `user_last_time`=1499244017,`user_last_ip`=0 WHERE `user_id` = 30 [ RunTime:0.026002s ]
NOTIC: [8] Undefined index: info D:\phpstudy\WWW\vmallshop\ThinkPHP\Library\Think\Controller.class.php 第 216 行.
NOTIC: [8] Undefined index: navTabId D:\phpstudy\WWW\vmallshop\ThinkPHP\Library\Think\Controller.class.php 第 217 行.
NOTIC: [8] Undefined index: callbackType D:\phpstudy\WWW\vmallshop\ThinkPHP\Library\Think\Controller.class.php 第 218 行.
NOTIC: [8] Undefined index: forwardUrl D:\phpstudy\WWW\vmallshop\ThinkPHP\Library\Think\Controller.class.php 第 219 行.

[ 2017-07-05T17:11:25+08:00 ] ::1 /vmallshop/index.php/Mobile/Login/loginaction.html
INFO: [ app_begin ] --START--
INFO: Run Behavior\ReadHtmlCacheBehavior [ RunTime:0.001000s ]
INFO: [ app_begin ] --END-- [ RunTime:0.002000s ]
SQL: DESCRIBE vmall_user [ RunTime:0.028002s ]
SQL: SELECT * FROM `vmall_user` WHERE `user_name` = 'aaaaaa' AND `user_pwd` = '0b4e7a0e5fe84ad35fb5f95b9ceeac79'  [ RunTime:0.001000s ]
SQL: UPDATE `vmall_user` SET `user_last_time`=1499245885,`user_last_ip`=0 WHERE `user_id` = 31 [ RunTime:0.042002s ]
NOTIC: [8] Undefined index: info D:\phpstudy\WWW\vmallshop\ThinkPHP\Library\Think\Controller.class.php 第 216 行.
NOTIC: [8] Undefined index: navTabId D:\phpstudy\WWW\vmallshop\ThinkPHP\Library\Think\Controller.class.php 第 217 行.
NOTIC: [8] Undefined index: callbackType D:\phpstudy\WWW\vmallshop\ThinkPHP\Library\Think\Controller.class.php 第 218 行.
NOTIC: [8] Undefined index: forwardUrl D:\phpstudy\WWW\vmallshop\ThinkPHP\Library\Think\Controller.class.php 第 219 行.

