[ 2017-07-06T09:03:51+08:00 ] ::1 /vmallshop/index.php/Mobile/Login/loginaction.html
INFO: [ app_begin ] --START--
INFO: Run Behavior\ReadHtmlCacheBehavior [ RunTime:0.001000s ]
INFO: [ app_begin ] --END-- [ RunTime:0.001000s ]
SQL: DESCRIBE vmall_user [ RunTime:0.349201s ]
SQL: SELECT * FROM `vmall_user` WHERE `user_name` = '123abc' AND `user_pwd` = 'e3ceb5881a0a1fdaad01296d7554868d'  [ RunTime:0.000000s ]
SQL: UPDATE `vmall_user` SET `user_last_time`=1499303031,`user_last_ip`=0 WHERE `user_id` = 30 [ RunTime:0.336601s ]
NOTIC: [8] Undefined index: info D:\phpstudy\WWW\vmallshop\ThinkPHP\Library\Think\Controller.class.php 第 216 行.
NOTIC: [8] Undefined index: navTabId D:\phpstudy\WWW\vmallshop\ThinkPHP\Library\Think\Controller.class.php 第 217 行.
NOTIC: [8] Undefined index: callbackType D:\phpstudy\WWW\vmallshop\ThinkPHP\Library\Think\Controller.class.php 第 218 行.
NOTIC: [8] Undefined index: forwardUrl D:\phpstudy\WWW\vmallshop\ThinkPHP\Library\Think\Controller.class.php 第 219 行.

[ 2017-07-06T10:04:59+08:00 ] ::1 /vmallshop/index.php/Mobile/Login/loginaction.html
INFO: [ app_begin ] --START--
INFO: Run Behavior\ReadHtmlCacheBehavior [ RunTime:0.000000s ]
INFO: [ app_begin ] --END-- [ RunTime:0.001000s ]
SQL: DESCRIBE vmall_user [ RunTime:0.006000s ]
SQL: SELECT * FROM `vmall_user` WHERE `user_name` = '123abc' AND `user_pwd` = 'e3ceb5881a0a1fdaad01296d7554868d'  [ RunTime:0.001000s ]
SQL: UPDATE `vmall_user` SET `user_last_time`=1499306699,`user_last_ip`=0 WHERE `user_id` = 30 [ RunTime:0.034002s ]
NOTIC: [8] Undefined index: info D:\phpstudy\WWW\vmallshop\ThinkPHP\Library\Think\Controller.class.php 第 216 行.
NOTIC: [8] Undefined index: navTabId D:\phpstudy\WWW\vmallshop\ThinkPHP\Library\Think\Controller.class.php 第 217 行.
NOTIC: [8] Undefined index: callbackType D:\phpstudy\WWW\vmallshop\ThinkPHP\Library\Think\Controller.class.php 第 218 行.
NOTIC: [8] Undefined index: forwardUrl D:\phpstudy\WWW\vmallshop\ThinkPHP\Library\Think\Controller.class.php 第 219 行.

[ 2017-07-06T10:05:14+08:00 ] ::1 /vmallshop/index.php/Mobile/User/editdit
ERR: 非法操作:editdit

[ 2017-07-06T12:09:09+08:00 ] ::1 /vmallshop/index.php/Mobile/Login/loginout.html
INFO: [ app_begin ] --START--
INFO: Run Behavior\ReadHtmlCacheBehavior [ RunTime:0.001000s ]
INFO: [ app_begin ] --END-- [ RunTime:0.001000s ]
ERR: 非法操作:loginout

[ 2017-07-06T12:10:26+08:00 ] ::1 /vmallshop/index.php/Mobile/Login/loginout.html
INFO: [ app_begin ] --START--
INFO: Run Behavior\ReadHtmlCacheBehavior [ RunTime:0.001000s ]
INFO: [ app_begin ] --END-- [ RunTime:0.001000s ]
NOTIC: [8] Undefined index: info D:\phpstudy\WWW\vmallshop\ThinkPHP\Library\Think\Controller.class.php 第 216 行.
NOTIC: [8] Undefined index: navTabId D:\phpstudy\WWW\vmallshop\ThinkPHP\Library\Think\Controller.class.php 第 217 行.
NOTIC: [8] Undefined index: callbackType D:\phpstudy\WWW\vmallshop\ThinkPHP\Library\Think\Controller.class.php 第 218 行.
NOTIC: [8] Undefined index: forwardUrl D:\phpstudy\WWW\vmallshop\ThinkPHP\Library\Think\Controller.class.php 第 219 行.

[ 2017-07-06T12:10:32+08:00 ] ::1 /vmallshop/index.php/Mobile/Login/loginaction.html
INFO: [ app_begin ] --START--
INFO: Run Behavior\ReadHtmlCacheBehavior [ RunTime:0.000000s ]
INFO: [ app_begin ] --END-- [ RunTime:0.001000s ]
SQL: DESCRIBE vmall_user [ RunTime:0.006000s ]
SQL: SELECT * FROM `vmall_user` WHERE `user_name` = '123abc' AND `user_pwd` = 'e3ceb5881a0a1fdaad01296d7554868d'  [ RunTime:0.001000s ]
SQL: UPDATE `vmall_user` SET `user_last_time`=1499314232,`user_last_ip`=0 WHERE `user_id` = 30 [ RunTime:0.177010s ]
NOTIC: [8] Undefined index: info D:\phpstudy\WWW\vmallshop\ThinkPHP\Library\Think\Controller.class.php 第 216 行.
NOTIC: [8] Undefined index: navTabId D:\phpstudy\WWW\vmallshop\ThinkPHP\Library\Think\Controller.class.php 第 217 行.
NOTIC: [8] Undefined index: callbackType D:\phpstudy\WWW\vmallshop\ThinkPHP\Library\Think\Controller.class.php 第 218 行.
NOTIC: [8] Undefined index: forwardUrl D:\phpstudy\WWW\vmallshop\ThinkPHP\Library\Think\Controller.class.php 第 219 行.

[ 2017-07-06T12:19:26+08:00 ] ::1 /vmallshop/index.php/Mobile/Login/loginout.html
INFO: [ app_begin ] --START--
INFO: Run Behavior\ReadHtmlCacheBehavior [ RunTime:0.001000s ]
INFO: [ app_begin ] --END-- [ RunTime:0.001000s ]
NOTIC: [8] Undefined index: info D:\phpstudy\WWW\vmallshop\ThinkPHP\Library\Think\Controller.class.php 第 216 行.
NOTIC: [8] Undefined index: navTabId D:\phpstudy\WWW\vmallshop\ThinkPHP\Library\Think\Controller.class.php 第 217 行.
NOTIC: [8] Undefined index: callbackType D:\phpstudy\WWW\vmallshop\ThinkPHP\Library\Think\Controller.class.php 第 218 行.
NOTIC: [8] Undefined index: forwardUrl D:\phpstudy\WWW\vmallshop\ThinkPHP\Library\Think\Controller.class.php 第 219 行.

[ 2017-07-06T12:19:45+08:00 ] ::1 /vmallshop/index.php/Mobile/Login/loginaction.html
INFO: [ app_begin ] --START--
INFO: Run Behavior\ReadHtmlCacheBehavior [ RunTime:0.001000s ]
INFO: [ app_begin ] --END-- [ RunTime:0.001000s ]
SQL: DESCRIBE vmall_user [ RunTime:0.008000s ]
SQL: SELECT * FROM `vmall_user` WHERE `user_name` = 'aaaaaa' AND `user_pwd` = '0b4e7a0e5fe84ad35fb5f95b9ceeac79'  [ RunTime:0.001000s ]
SQL: UPDATE `vmall_user` SET `user_last_time`=1499314785,`user_last_ip`=0 WHERE `user_id` = 30 [ RunTime:0.047003s ]
NOTIC: [8] Undefined index: info D:\phpstudy\WWW\vmallshop\ThinkPHP\Library\Think\Controller.class.php 第 216 行.
NOTIC: [8] Undefined index: navTabId D:\phpstudy\WWW\vmallshop\ThinkPHP\Library\Think\Controller.class.php 第 217 行.
NOTIC: [8] Undefined index: callbackType D:\phpstudy\WWW\vmallshop\ThinkPHP\Library\Think\Controller.class.php 第 218 行.
NOTIC: [8] Undefined index: forwardUrl D:\phpstudy\WWW\vmallshop\ThinkPHP\Library\Think\Controller.class.php 第 219 行.

[ 2017-07-06T12:24:01+08:00 ] ::1 /vmallshop/index.php/Mobile/Login/loginout.html
INFO: [ app_begin ] --START--
INFO: Run Behavior\ReadHtmlCacheBehavior [ RunTime:0.001000s ]
INFO: [ app_begin ] --END-- [ RunTime:0.001000s ]
NOTIC: [8] Undefined index: info D:\phpstudy\WWW\vmallshop\ThinkPHP\Library\Think\Controller.class.php 第 216 行.
NOTIC: [8] Undefined index: navTabId D:\phpstudy\WWW\vmallshop\ThinkPHP\Library\Think\Controller.class.php 第 217 行.
NOTIC: [8] Undefined index: callbackType D:\phpstudy\WWW\vmallshop\ThinkPHP\Library\Think\Controller.class.php 第 218 行.
NOTIC: [8] Undefined index: forwardUrl D:\phpstudy\WWW\vmallshop\ThinkPHP\Library\Think\Controller.class.php 第 219 行.

[ 2017-07-06T12:26:38+08:00 ] ::1 /vmallshop/index.php/Mobile/Login/loginaction.html
INFO: [ app_begin ] --START--
INFO: Run Behavior\ReadHtmlCacheBehavior [ RunTime:0.001000s ]
INFO: [ app_begin ] --END-- [ RunTime:0.001000s ]
SQL: DESCRIBE vmall_user [ RunTime:0.007000s ]
SQL: SELECT * FROM `vmall_user` WHERE `user_name` = 'aaaaa' AND `user_pwd` = '0b4e7a0e5fe84ad35fb5f95b9ceeac79'  [ RunTime:0.001000s ]
NOTIC: [8] Undefined index: info D:\phpstudy\WWW\vmallshop\ThinkPHP\Library\Think\Controller.class.php 第 216 行.
NOTIC: [8] Undefined index: navTabId D:\phpstudy\WWW\vmallshop\ThinkPHP\Library\Think\Controller.class.php 第 217 行.
NOTIC: [8] Undefined index: callbackType D:\phpstudy\WWW\vmallshop\ThinkPHP\Library\Think\Controller.class.php 第 218 行.
NOTIC: [8] Undefined index: forwardUrl D:\phpstudy\WWW\vmallshop\ThinkPHP\Library\Think\Controller.class.php 第 219 行.

[ 2017-07-06T12:26:46+08:00 ] ::1 /vmallshop/index.php/Mobile/Login/loginaction.html
INFO: [ app_begin ] --START--
INFO: Run Behavior\ReadHtmlCacheBehavior [ RunTime:0.000000s ]
INFO: [ app_begin ] --END-- [ RunTime:0.001000s ]
SQL: DESCRIBE vmall_user [ RunTime:0.007001s ]
SQL: SELECT * FROM `vmall_user` WHERE `user_name` = '123abc' AND `user_pwd` = 'e3ceb5881a0a1fdaad01296d7554868d'  [ RunTime:0.001000s ]
NOTIC: [8] Undefined index: info D:\phpstudy\WWW\vmallshop\ThinkPHP\Library\Think\Controller.class.php 第 216 行.
NOTIC: [8] Undefined index: navTabId D:\phpstudy\WWW\vmallshop\ThinkPHP\Library\Think\Controller.class.php 第 217 行.
NOTIC: [8] Undefined index: callbackType D:\phpstudy\WWW\vmallshop\ThinkPHP\Library\Think\Controller.class.php 第 218 行.
NOTIC: [8] Undefined index: forwardUrl D:\phpstudy\WWW\vmallshop\ThinkPHP\Library\Think\Controller.class.php 第 219 行.

[ 2017-07-06T12:27:28+08:00 ] ::1 /vmallshop/index.php/Mobile/Login/loginaction.html
INFO: [ app_begin ] --START--
INFO: Run Behavior\ReadHtmlCacheBehavior [ RunTime:0.001000s ]
INFO: [ app_begin ] --END-- [ RunTime:0.001000s ]
SQL: DESCRIBE vmall_user [ RunTime:0.007000s ]
SQL: SELECT * FROM `vmall_user` WHERE `user_name` = 'aaaaaa' AND `user_pwd` = '0b4e7a0e5fe84ad35fb5f95b9ceeac79'  [ RunTime:0.000000s ]
SQL: UPDATE `vmall_user` SET `user_last_time`=1499315248,`user_last_ip`=0 WHERE `user_id` = 30 [ RunTime:0.044003s ]
NOTIC: [8] Undefined index: info D:\phpstudy\WWW\vmallshop\ThinkPHP\Library\Think\Controller.class.php 第 216 行.
NOTIC: [8] Undefined index: navTabId D:\phpstudy\WWW\vmallshop\ThinkPHP\Library\Think\Controller.class.php 第 217 行.
NOTIC: [8] Undefined index: callbackType D:\phpstudy\WWW\vmallshop\ThinkPHP\Library\Think\Controller.class.php 第 218 行.
NOTIC: [8] Undefined index: forwardUrl D:\phpstudy\WWW\vmallshop\ThinkPHP\Library\Think\Controller.class.php 第 219 行.

[ 2017-07-06T15:49:14+08:00 ] ::1 /vmallshop/index.php/Mobile/User/user_edit.html
INFO: [ app_begin ] --START--
INFO: Run Behavior\ReadHtmlCacheBehavior [ RunTime:0.001000s ]
INFO: [ app_begin ] --END-- [ RunTime:0.001000s ]
SQL: DESCRIBE vmall_user [ RunTime:0.007000s ]
SQL: SELECT * FROM `vmall_user` WHERE `user_id` = 30 LIMIT 1   [ RunTime:0.001000s ]
NOTIC: [8] Array to string conversion D:\phpstudy\WWW\vmallshop\ThinkPHP\Library\Think\Model.class.php 第 594 行.
ERR: 错误的查询条件:[user_info=>Array]

[ 2017-07-06T15:50:30+08:00 ] ::1 /vmallshop/index.php/Mobile/User/user_edit.html
INFO: [ app_begin ] --START--
INFO: Run Behavior\ReadHtmlCacheBehavior [ RunTime:0.001000s ]
INFO: [ app_begin ] --END-- [ RunTime:0.001000s ]
SQL: DESCRIBE vmall_user [ RunTime:0.006001s ]
SQL: SELECT * FROM `vmall_user` WHERE `user_id` = 30 LIMIT 1   [ RunTime:0.000000s ]
NOTIC: [8] Array to string conversion D:\phpstudy\WWW\vmallshop\ThinkPHP\Library\Think\Model.class.php 第 594 行.
ERR: 错误的查询条件:[user_info=>Array]

[ 2017-07-06T15:54:11+08:00 ] ::1 /vmallshop/index.php/Mobile/User/editaction.html
INFO: [ app_begin ] --START--
INFO: Run Behavior\ReadHtmlCacheBehavior [ RunTime:0.000000s ]
INFO: [ app_begin ] --END-- [ RunTime:0.001000s ]
SQL: DESCRIBE vmall_user [ RunTime:0.008000s ]
SQL: SELECT * FROM `vmall_user` WHERE `user_id` = 30 LIMIT 1   [ RunTime:0.001000s ]
NOTIC: [8] Array to string conversion D:\phpstudy\WWW\vmallshop\ThinkPHP\Library\Think\Model.class.php 第 594 行.
ERR: 错误的查询条件:[user_info=>Array]

[ 2017-07-06T15:56:56+08:00 ] ::1 /vmallshop/index.php/Mobile/User/editaction.html
INFO: [ app_begin ] --START--
INFO: Run Behavior\ReadHtmlCacheBehavior [ RunTime:0.000000s ]
INFO: [ app_begin ] --END-- [ RunTime:0.001000s ]
SQL: DESCRIBE vmall_user [ RunTime:0.007001s ]
SQL: SELECT * FROM `vmall_user` WHERE `user_id` = 30 LIMIT 1   [ RunTime:0.000000s ]
NOTIC: [8] Array to string conversion D:\phpstudy\WWW\vmallshop\ThinkPHP\Library\Think\Model.class.php 第 594 行.
ERR: 错误的查询条件:[user_info=>Array]

[ 2017-07-06T15:57:40+08:00 ] ::1 /vmallshop/index.php/Mobile/User/editaction.html
INFO: [ app_begin ] --START--
INFO: Run Behavior\ReadHtmlCacheBehavior [ RunTime:0.001000s ]
INFO: [ app_begin ] --END-- [ RunTime:0.001000s ]
SQL: DESCRIBE vmall_user [ RunTime:0.006001s ]
SQL: SELECT * FROM `vmall_user` WHERE `user_id` = 30 LIMIT 1   [ RunTime:0.001000s ]
NOTIC: [8] Array to string conversion D:\phpstudy\WWW\vmallshop\ThinkPHP\Library\Think\Model.class.php 第 594 行.
ERR: 错误的查询条件:[user_info=>Array]

[ 2017-07-06T16:00:53+08:00 ] ::1 /vmallshop/index.php/Mobile/User/editaction.html
INFO: [ app_begin ] --START--
INFO: Run Behavior\ReadHtmlCacheBehavior [ RunTime:0.001000s ]
INFO: [ app_begin ] --END-- [ RunTime:0.003000s ]
SQL: DESCRIBE vmall_user [ RunTime:0.005000s ]
SQL: SELECT * FROM `vmall_user` WHERE `user_id` = 30 LIMIT 1   [ RunTime:0.000000s ]
NOTIC: [8] Array to string conversion D:\phpstudy\WWW\vmallshop\ThinkPHP\Library\Think\Model.class.php 第 594 行.
ERR: 错误的查询条件:[user_info=>Array]

[ 2017-07-06T16:03:31+08:00 ] ::1 /vmallshop/index.php/Mobile/User/editaction.html
INFO: [ app_begin ] --START--
INFO: Run Behavior\ReadHtmlCacheBehavior [ RunTime:0.001000s ]
INFO: [ app_begin ] --END-- [ RunTime:0.001000s ]
SQL: DESCRIBE vmall_user [ RunTime:0.006000s ]
SQL: SELECT * FROM `vmall_user` WHERE `user_id` = 30 LIMIT 1   [ RunTime:0.001000s ]
NOTIC: [8] Undefined index: info D:\phpstudy\WWW\vmallshop\ThinkPHP\Library\Think\Controller.class.php 第 216 行.
NOTIC: [8] Undefined index: navTabId D:\phpstudy\WWW\vmallshop\ThinkPHP\Library\Think\Controller.class.php 第 217 行.
NOTIC: [8] Undefined index: callbackType D:\phpstudy\WWW\vmallshop\ThinkPHP\Library\Think\Controller.class.php 第 218 行.
NOTIC: [8] Undefined index: forwardUrl D:\phpstudy\WWW\vmallshop\ThinkPHP\Library\Think\Controller.class.php 第 219 行.

[ 2017-07-06T16:03:56+08:00 ] ::1 /vmallshop/index.php/Mobile/User/editaction.html
INFO: [ app_begin ] --START--
INFO: Run Behavior\ReadHtmlCacheBehavior [ RunTime:0.001000s ]
INFO: [ app_begin ] --END-- [ RunTime:0.001000s ]
SQL: DESCRIBE vmall_user [ RunTime:0.006001s ]
SQL: SELECT * FROM `vmall_user` WHERE `user_id` = 30 LIMIT 1   [ RunTime:0.000000s ]
NOTIC: [8] Array to string conversion D:\phpstudy\WWW\vmallshop\ThinkPHP\Library\Think\Model.class.php 第 594 行.
ERR: 错误的查询条件:[user_info=>Array]

[ 2017-07-06T16:05:46+08:00 ] ::1 /vmallshop/index.php/Mobile/User/editaction.html
INFO: [ app_begin ] --START--
INFO: Run Behavior\ReadHtmlCacheBehavior [ RunTime:0.001000s ]
INFO: [ app_begin ] --END-- [ RunTime:0.002001s ]
SQL: DESCRIBE vmall_user [ RunTime:0.006001s ]
SQL: SELECT * FROM `vmall_user` WHERE `user_id` = 30 LIMIT 1   [ RunTime:0.001000s ]

[ 2017-07-06T16:07:07+08:00 ] ::1 /vmallshop/index.php/Mobile/User/editaction.html
INFO: [ app_begin ] --START--
INFO: Run Behavior\ReadHtmlCacheBehavior [ RunTime:0.001000s ]
INFO: [ app_begin ] --END-- [ RunTime:0.001000s ]
SQL: DESCRIBE vmall_user [ RunTime:0.006000s ]
SQL: SELECT * FROM `vmall_user` WHERE `user_id` = 30 LIMIT 1   [ RunTime:0.000000s ]

[ 2017-07-06T16:07:57+08:00 ] ::1 /vmallshop/index.php/Mobile/User/editaction.html
INFO: [ app_begin ] --START--
INFO: Run Behavior\ReadHtmlCacheBehavior [ RunTime:0.001000s ]
INFO: [ app_begin ] --END-- [ RunTime:0.002000s ]
SQL: DESCRIBE vmall_user [ RunTime:0.005000s ]
SQL: SELECT * FROM `vmall_user` WHERE `user_id` = 30 LIMIT 1   [ RunTime:0.000000s ]
NOTIC: [8] Undefined offset: 0 D:\phpstudy\WWW\vmallshop\ThinkPHP\Library\Think\Db.class.php 第 471 行.
NOTIC: [8] Undefined offset: 0 D:\phpstudy\WWW\vmallshop\ThinkPHP\Library\Think\Db.class.php 第 515 行.
NOTIC: [8] Undefined offset: 0 D:\phpstudy\WWW\vmallshop\ThinkPHP\Library\Think\Db.class.php 第 515 行.
NOTIC: [8] Undefined offset: 0 D:\phpstudy\WWW\vmallshop\ThinkPHP\Library\Think\Db.class.php 第 516 行.
NOTIC: [8] Undefined offset: 0 D:\phpstudy\WWW\vmallshop\ThinkPHP\Library\Think\Db.class.php 第 519 行.
NOTIC: [8] Undefined offset: 1 D:\phpstudy\WWW\vmallshop\ThinkPHP\Library\Think\Db.class.php 第 515 行.
NOTIC: [8] Undefined offset: 1 D:\phpstudy\WWW\vmallshop\ThinkPHP\Library\Think\Db.class.php 第 515 行.
NOTIC: [8] Undefined offset: 1 D:\phpstudy\WWW\vmallshop\ThinkPHP\Library\Think\Db.class.php 第 516 行.
NOTIC: [8] Undefined offset: 1 D:\phpstudy\WWW\vmallshop\ThinkPHP\Library\Think\Db.class.php 第 519 行.
NOTIC: [8] Undefined offset: 2 D:\phpstudy\WWW\vmallshop\ThinkPHP\Library\Think\Db.class.php 第 515 行.
NOTIC: [8] Undefined offset: 2 D:\phpstudy\WWW\vmallshop\ThinkPHP\Library\Think\Db.class.php 第 515 行.
NOTIC: [8] Undefined offset: 2 D:\phpstudy\WWW\vmallshop\ThinkPHP\Library\Think\Db.class.php 第 516 行.
NOTIC: [8] Undefined offset: 2 D:\phpstudy\WWW\vmallshop\ThinkPHP\Library\Think\Db.class.php 第 519 行.
NOTIC: [8] Undefined offset: 3 D:\phpstudy\WWW\vmallshop\ThinkPHP\Library\Think\Db.class.php 第 515 行.
NOTIC: [8] Undefined offset: 3 D:\phpstudy\WWW\vmallshop\ThinkPHP\Library\Think\Db.class.php 第 515 行.
NOTIC: [8] Undefined offset: 3 D:\phpstudy\WWW\vmallshop\ThinkPHP\Library\Think\Db.class.php 第 516 行.
NOTIC: [8] Undefined offset: 3 D:\phpstudy\WWW\vmallshop\ThinkPHP\Library\Think\Db.class.php 第 519 行.
NOTIC: [8] Undefined offset: 4 D:\phpstudy\WWW\vmallshop\ThinkPHP\Library\Think\Db.class.php 第 515 行.
NOTIC: [8] Undefined offset: 4 D:\phpstudy\WWW\vmallshop\ThinkPHP\Library\Think\Db.class.php 第 515 行.
NOTIC: [8] Undefined offset: 4 D:\phpstudy\WWW\vmallshop\ThinkPHP\Library\Think\Db.class.php 第 516 行.
NOTIC: [8] Undefined offset: 4 D:\phpstudy\WWW\vmallshop\ThinkPHP\Library\Think\Db.class.php 第 519 行.
NOTIC: [8] Undefined offset: 5 D:\phpstudy\WWW\vmallshop\ThinkPHP\Library\Think\Db.class.php 第 515 行.
NOTIC: [8] Undefined offset: 5 D:\phpstudy\WWW\vmallshop\ThinkPHP\Library\Think\Db.class.php 第 515 行.
NOTIC: [8] Undefined offset: 5 D:\phpstudy\WWW\vmallshop\ThinkPHP\Library\Think\Db.class.php 第 516 行.
NOTIC: [8] Undefined offset: 5 D:\phpstudy\WWW\vmallshop\ThinkPHP\Library\Think\Db.class.php 第 519 行.
NOTIC: [8] Undefined offset: 6 D:\phpstudy\WWW\vmallshop\ThinkPHP\Library\Think\Db.class.php 第 515 行.
NOTIC: [8] Undefined offset: 6 D:\phpstudy\WWW\vmallshop\ThinkPHP\Library\Think\Db.class.php 第 515 行.
NOTIC: [8] Undefined offset: 6 D:\phpstudy\WWW\vmallshop\ThinkPHP\Library\Think\Db.class.php 第 516 行.
NOTIC: [8] Undefined offset: 6 D:\phpstudy\WWW\vmallshop\ThinkPHP\Library\Think\Db.class.php 第 519 行.
NOTIC: [8] Undefined offset: 7 D:\phpstudy\WWW\vmallshop\ThinkPHP\Library\Think\Db.class.php 第 515 行.
NOTIC: [8] Undefined offset: 7 D:\phpstudy\WWW\vmallshop\ThinkPHP\Library\Think\Db.class.php 第 515 行.
NOTIC: [8] Undefined offset: 7 D:\phpstudy\WWW\vmallshop\ThinkPHP\Library\Think\Db.class.php 第 516 行.
NOTIC: [8] Undefined offset: 7 D:\phpstudy\WWW\vmallshop\ThinkPHP\Library\Think\Db.class.php 第 519 行.
NOTIC: [8] Undefined offset: 8 D:\phpstudy\WWW\vmallshop\ThinkPHP\Library\Think\Db.class.php 第 515 行.
NOTIC: [8] Undefined offset: 8 D:\phpstudy\WWW\vmallshop\ThinkPHP\Library\Think\Db.class.php 第 515 行.
NOTIC: [8] Undefined offset: 8 D:\phpstudy\WWW\vmallshop\ThinkPHP\Library\Think\Db.class.php 第 516 行.
NOTIC: [8] Undefined offset: 8 D:\phpstudy\WWW\vmallshop\ThinkPHP\Library\Think\Db.class.php 第 519 行.
NOTIC: [8] Undefined offset: 9 D:\phpstudy\WWW\vmallshop\ThinkPHP\Library\Think\Db.class.php 第 515 行.
NOTIC: [8] Undefined offset: 9 D:\phpstudy\WWW\vmallshop\ThinkPHP\Library\Think\Db.class.php 第 515 行.
NOTIC: [8] Undefined offset: 9 D:\phpstudy\WWW\vmallshop\ThinkPHP\Library\Think\Db.class.php 第 516 行.
NOTIC: [8] Undefined offset: 9 D:\phpstudy\WWW\vmallshop\ThinkPHP\Library\Think\Db.class.php 第 519 行.
NOTIC: [8] Undefined offset: 10 D:\phpstudy\WWW\vmallshop\ThinkPHP\Library\Think\Db.class.php 第 515 行.
NOTIC: [8] Undefined offset: 10 D:\phpstudy\WWW\vmallshop\ThinkPHP\Library\Think\Db.class.php 第 515 行.
NOTIC: [8] Undefined offset: 10 D:\phpstudy\WWW\vmallshop\ThinkPHP\Library\Think\Db.class.php 第 516 行.
NOTIC: [8] Undefined offset: 10 D:\phpstudy\WWW\vmallshop\ThinkPHP\Library\Think\Db.class.php 第 519 行.
NOTIC: [8] Undefined offset: 11 D:\phpstudy\WWW\vmallshop\ThinkPHP\Library\Think\Db.class.php 第 515 行.
NOTIC: [8] Undefined offset: 11 D:\phpstudy\WWW\vmallshop\ThinkPHP\Library\Think\Db.class.php 第 515 行.
NOTIC: [8] Undefined offset: 11 D:\phpstudy\WWW\vmallshop\ThinkPHP\Library\Think\Db.class.php 第 516 行.
NOTIC: [8] Undefined offset: 11 D:\phpstudy\WWW\vmallshop\ThinkPHP\Library\Think\Db.class.php 第 519 行.
NOTIC: [8] Undefined offset: 12 D:\phpstudy\WWW\vmallshop\ThinkPHP\Library\Think\Db.class.php 第 515 行.
NOTIC: [8] Undefined offset: 12 D:\phpstudy\WWW\vmallshop\ThinkPHP\Library\Think\Db.class.php 第 515 行.
NOTIC: [8] Undefined offset: 12 D:\phpstudy\WWW\vmallshop\ThinkPHP\Library\Think\Db.class.php 第 516 行.
NOTIC: [8] Undefined offset: 12 D:\phpstudy\WWW\vmallshop\ThinkPHP\Library\Think\Db.class.php 第 519 行.
NOTIC: [8] Undefined offset: 13 D:\phpstudy\WWW\vmallshop\ThinkPHP\Library\Think\Db.class.php 第 515 行.
NOTIC: [8] Undefined offset: 13 D:\phpstudy\WWW\vmallshop\ThinkPHP\Library\Think\Db.class.php 第 515 行.
NOTIC: [8] Undefined offset: 13 D:\phpstudy\WWW\vmallshop\ThinkPHP\Library\Think\Db.class.php 第 516 行.
NOTIC: [8] Undefined offset: 13 D:\phpstudy\WWW\vmallshop\ThinkPHP\Library\Think\Db.class.php 第 519 行.
NOTIC: [8] Undefined offset: 14 D:\phpstudy\WWW\vmallshop\ThinkPHP\Library\Think\Db.class.php 第 515 行.
NOTIC: [8] Undefined offset: 14 D:\phpstudy\WWW\vmallshop\ThinkPHP\Library\Think\Db.class.php 第 515 行.
NOTIC: [8] Undefined offset: 14 D:\phpstudy\WWW\vmallshop\ThinkPHP\Library\Think\Db.class.php 第 516 行.
NOTIC: [8] Undefined offset: 14 D:\phpstudy\WWW\vmallshop\ThinkPHP\Library\Think\Db.class.php 第 519 行.
SQL: UPDATE `vmall_user` SET `true_name`='张三',`user_email`='56325969@qq.com',`user_sex`=1 WHERE ( `user_id` = null AND `user_id` = null AND `user_id` = null AND `user_id` = null AND `user_id` = null AND `user_id` = null AND `user_id` = null AND `user_id` = null AND `user_id` = null AND `user_id` = null AND `user_id` = null AND `user_id` = null AND `user_id` = null AND `user_id` = null AND `user_id` = null  ) [ RunTime:0.008000s ]
NOTIC: [8] Undefined index: info D:\phpstudy\WWW\vmallshop\ThinkPHP\Library\Think\Controller.class.php 第 216 行.
NOTIC: [8] Undefined index: navTabId D:\phpstudy\WWW\vmallshop\ThinkPHP\Library\Think\Controller.class.php 第 217 行.
NOTIC: [8] Undefined index: callbackType D:\phpstudy\WWW\vmallshop\ThinkPHP\Library\Think\Controller.class.php 第 218 行.
NOTIC: [8] Undefined index: forwardUrl D:\phpstudy\WWW\vmallshop\ThinkPHP\Library\Think\Controller.class.php 第 219 行.

[ 2017-07-06T16:09:07+08:00 ] ::1 /vmallshop/index.php/Mobile/Login/loginaction.html
INFO: [ app_begin ] --START--
INFO: Run Behavior\ReadHtmlCacheBehavior [ RunTime:0.001000s ]
INFO: [ app_begin ] --END-- [ RunTime:0.001000s ]
SQL: DESCRIBE vmall_user [ RunTime:0.007001s ]
SQL: SELECT * FROM `vmall_user` WHERE `user_name` = 'aaaaaa' AND `user_pwd` = '0b4e7a0e5fe84ad35fb5f95b9ceeac79'  [ RunTime:0.000000s ]
SQL: UPDATE `vmall_user` SET `user_last_time`=1499328547,`user_last_ip`=0 WHERE `user_id` = 30 [ RunTime:0.046003s ]
NOTIC: [8] Undefined index: info D:\phpstudy\WWW\vmallshop\ThinkPHP\Library\Think\Controller.class.php 第 216 行.
NOTIC: [8] Undefined index: navTabId D:\phpstudy\WWW\vmallshop\ThinkPHP\Library\Think\Controller.class.php 第 217 行.
NOTIC: [8] Undefined index: callbackType D:\phpstudy\WWW\vmallshop\ThinkPHP\Library\Think\Controller.class.php 第 218 行.
NOTIC: [8] Undefined index: forwardUrl D:\phpstudy\WWW\vmallshop\ThinkPHP\Library\Think\Controller.class.php 第 219 行.

[ 2017-07-06T16:09:40+08:00 ] ::1 /vmallshop/index.php/Mobile/User/editaction.html
INFO: [ app_begin ] --START--
INFO: Run Behavior\ReadHtmlCacheBehavior [ RunTime:0.001000s ]
INFO: [ app_begin ] --END-- [ RunTime:0.001000s ]
SQL: DESCRIBE vmall_user [ RunTime:0.006001s ]
SQL: SELECT * FROM `vmall_user` WHERE `user_id` = 30 LIMIT 1   [ RunTime:0.001000s ]
NOTIC: [8] Undefined offset: 0 D:\phpstudy\WWW\vmallshop\ThinkPHP\Library\Think\Db.class.php 第 471 行.
NOTIC: [8] Undefined offset: 0 D:\phpstudy\WWW\vmallshop\ThinkPHP\Library\Think\Db.class.php 第 515 行.
NOTIC: [8] Undefined offset: 0 D:\phpstudy\WWW\vmallshop\ThinkPHP\Library\Think\Db.class.php 第 515 行.
NOTIC: [8] Undefined offset: 0 D:\phpstudy\WWW\vmallshop\ThinkPHP\Library\Think\Db.class.php 第 516 行.
NOTIC: [8] Undefined offset: 0 D:\phpstudy\WWW\vmallshop\ThinkPHP\Library\Think\Db.class.php 第 519 行.
NOTIC: [8] Undefined offset: 1 D:\phpstudy\WWW\vmallshop\ThinkPHP\Library\Think\Db.class.php 第 515 行.
NOTIC: [8] Undefined offset: 1 D:\phpstudy\WWW\vmallshop\ThinkPHP\Library\Think\Db.class.php 第 515 行.
NOTIC: [8] Undefined offset: 1 D:\phpstudy\WWW\vmallshop\ThinkPHP\Library\Think\Db.class.php 第 516 行.
NOTIC: [8] Undefined offset: 1 D:\phpstudy\WWW\vmallshop\ThinkPHP\Library\Think\Db.class.php 第 519 行.
NOTIC: [8] Undefined offset: 2 D:\phpstudy\WWW\vmallshop\ThinkPHP\Library\Think\Db.class.php 第 515 行.
NOTIC: [8] Undefined offset: 2 D:\phpstudy\WWW\vmallshop\ThinkPHP\Library\Think\Db.class.php 第 515 行.
NOTIC: [8] Undefined offset: 2 D:\phpstudy\WWW\vmallshop\ThinkPHP\Library\Think\Db.class.php 第 516 行.
NOTIC: [8] Undefined offset: 2 D:\phpstudy\WWW\vmallshop\ThinkPHP\Library\Think\Db.class.php 第 519 行.
NOTIC: [8] Undefined offset: 3 D:\phpstudy\WWW\vmallshop\ThinkPHP\Library\Think\Db.class.php 第 515 行.
NOTIC: [8] Undefined offset: 3 D:\phpstudy\WWW\vmallshop\ThinkPHP\Library\Think\Db.class.php 第 515 行.
NOTIC: [8] Undefined offset: 3 D:\phpstudy\WWW\vmallshop\ThinkPHP\Library\Think\Db.class.php 第 516 行.
NOTIC: [8] Undefined offset: 3 D:\phpstudy\WWW\vmallshop\ThinkPHP\Library\Think\Db.class.php 第 519 行.
NOTIC: [8] Undefined offset: 4 D:\phpstudy\WWW\vmallshop\ThinkPHP\Library\Think\Db.class.php 第 515 行.
NOTIC: [8] Undefined offset: 4 D:\phpstudy\WWW\vmallshop\ThinkPHP\Library\Think\Db.class.php 第 515 行.
NOTIC: [8] Undefined offset: 4 D:\phpstudy\WWW\vmallshop\ThinkPHP\Library\Think\Db.class.php 第 516 行.
NOTIC: [8] Undefined offset: 4 D:\phpstudy\WWW\vmallshop\ThinkPHP\Library\Think\Db.class.php 第 519 行.
NOTIC: [8] Undefined offset: 5 D:\phpstudy\WWW\vmallshop\ThinkPHP\Library\Think\Db.class.php 第 515 行.
NOTIC: [8] Undefined offset: 5 D:\phpstudy\WWW\vmallshop\ThinkPHP\Library\Think\Db.class.php 第 515 行.
NOTIC: [8] Undefined offset: 5 D:\phpstudy\WWW\vmallshop\ThinkPHP\Library\Think\Db.class.php 第 516 行.
NOTIC: [8] Undefined offset: 5 D:\phpstudy\WWW\vmallshop\ThinkPHP\Library\Think\Db.class.php 第 519 行.
NOTIC: [8] Undefined offset: 6 D:\phpstudy\WWW\vmallshop\ThinkPHP\Library\Think\Db.class.php 第 515 行.
NOTIC: [8] Undefined offset: 6 D:\phpstudy\WWW\vmallshop\ThinkPHP\Library\Think\Db.class.php 第 515 行.
NOTIC: [8] Undefined offset: 6 D:\phpstudy\WWW\vmallshop\ThinkPHP\Library\Think\Db.class.php 第 516 行.
NOTIC: [8] Undefined offset: 6 D:\phpstudy\WWW\vmallshop\ThinkPHP\Library\Think\Db.class.php 第 519 行.
NOTIC: [8] Undefined offset: 7 D:\phpstudy\WWW\vmallshop\ThinkPHP\Library\Think\Db.class.php 第 515 行.
NOTIC: [8] Undefined offset: 7 D:\phpstudy\WWW\vmallshop\ThinkPHP\Library\Think\Db.class.php 第 515 行.
NOTIC: [8] Undefined offset: 7 D:\phpstudy\WWW\vmallshop\ThinkPHP\Library\Think\Db.class.php 第 516 行.
NOTIC: [8] Undefined offset: 7 D:\phpstudy\WWW\vmallshop\ThinkPHP\Library\Think\Db.class.php 第 519 行.
NOTIC: [8] Undefined offset: 8 D:\phpstudy\WWW\vmallshop\ThinkPHP\Library\Think\Db.class.php 第 515 行.
NOTIC: [8] Undefined offset: 8 D:\phpstudy\WWW\vmallshop\ThinkPHP\Library\Think\Db.class.php 第 515 行.
NOTIC: [8] Undefined offset: 8 D:\phpstudy\WWW\vmallshop\ThinkPHP\Library\Think\Db.class.php 第 516 行.
NOTIC: [8] Undefined offset: 8 D:\phpstudy\WWW\vmallshop\ThinkPHP\Library\Think\Db.class.php 第 519 行.
NOTIC: [8] Undefined offset: 9 D:\phpstudy\WWW\vmallshop\ThinkPHP\Library\Think\Db.class.php 第 515 行.
NOTIC: [8] Undefined offset: 9 D:\phpstudy\WWW\vmallshop\ThinkPHP\Library\Think\Db.class.php 第 515 行.
NOTIC: [8] Undefined offset: 9 D:\phpstudy\WWW\vmallshop\ThinkPHP\Library\Think\Db.class.php 第 516 行.
NOTIC: [8] Undefined offset: 9 D:\phpstudy\WWW\vmallshop\ThinkPHP\Library\Think\Db.class.php 第 519 行.
NOTIC: [8] Undefined offset: 10 D:\phpstudy\WWW\vmallshop\ThinkPHP\Library\Think\Db.class.php 第 515 行.
NOTIC: [8] Undefined offset: 10 D:\phpstudy\WWW\vmallshop\ThinkPHP\Library\Think\Db.class.php 第 515 行.
NOTIC: [8] Undefined offset: 10 D:\phpstudy\WWW\vmallshop\ThinkPHP\Library\Think\Db.class.php 第 516 行.
NOTIC: [8] Undefined offset: 10 D:\phpstudy\WWW\vmallshop\ThinkPHP\Library\Think\Db.class.php 第 519 行.
NOTIC: [8] Undefined offset: 11 D:\phpstudy\WWW\vmallshop\ThinkPHP\Library\Think\Db.class.php 第 515 行.
NOTIC: [8] Undefined offset: 11 D:\phpstudy\WWW\vmallshop\ThinkPHP\Library\Think\Db.class.php 第 515 行.
NOTIC: [8] Undefined offset: 11 D:\phpstudy\WWW\vmallshop\ThinkPHP\Library\Think\Db.class.php 第 516 行.
NOTIC: [8] Undefined offset: 11 D:\phpstudy\WWW\vmallshop\ThinkPHP\Library\Think\Db.class.php 第 519 行.
NOTIC: [8] Undefined offset: 12 D:\phpstudy\WWW\vmallshop\ThinkPHP\Library\Think\Db.class.php 第 515 行.
NOTIC: [8] Undefined offset: 12 D:\phpstudy\WWW\vmallshop\ThinkPHP\Library\Think\Db.class.php 第 515 行.
NOTIC: [8] Undefined offset: 12 D:\phpstudy\WWW\vmallshop\ThinkPHP\Library\Think\Db.class.php 第 516 行.
NOTIC: [8] Undefined offset: 12 D:\phpstudy\WWW\vmallshop\ThinkPHP\Library\Think\Db.class.php 第 519 行.
NOTIC: [8] Undefined offset: 13 D:\phpstudy\WWW\vmallshop\ThinkPHP\Library\Think\Db.class.php 第 515 行.
NOTIC: [8] Undefined offset: 13 D:\phpstudy\WWW\vmallshop\ThinkPHP\Library\Think\Db.class.php 第 515 行.
NOTIC: [8] Undefined offset: 13 D:\phpstudy\WWW\vmallshop\ThinkPHP\Library\Think\Db.class.php 第 516 行.
NOTIC: [8] Undefined offset: 13 D:\phpstudy\WWW\vmallshop\ThinkPHP\Library\Think\Db.class.php 第 519 行.
NOTIC: [8] Undefined offset: 14 D:\phpstudy\WWW\vmallshop\ThinkPHP\Library\Think\Db.class.php 第 515 行.
NOTIC: [8] Undefined offset: 14 D:\phpstudy\WWW\vmallshop\ThinkPHP\Library\Think\Db.class.php 第 515 行.
NOTIC: [8] Undefined offset: 14 D:\phpstudy\WWW\vmallshop\ThinkPHP\Library\Think\Db.class.php 第 516 行.
NOTIC: [8] Undefined offset: 14 D:\phpstudy\WWW\vmallshop\ThinkPHP\Library\Think\Db.class.php 第 519 行.
SQL: UPDATE `vmall_user` SET `true_name`='张三',`user_email`='32884312@qq.com',`user_sex`=1 WHERE ( `user_id` = null AND `user_id` = null AND `user_id` = null AND `user_id` = null AND `user_id` = null AND `user_id` = null AND `user_id` = null AND `user_id` = null AND `user_id` = null AND `user_id` = null AND `user_id` = null AND `user_id` = null AND `user_id` = null AND `user_id` = null AND `user_id` = null  ) [ RunTime:0.001000s ]
NOTIC: [8] Undefined index: info D:\phpstudy\WWW\vmallshop\ThinkPHP\Library\Think\Controller.class.php 第 216 行.
NOTIC: [8] Undefined index: navTabId D:\phpstudy\WWW\vmallshop\ThinkPHP\Library\Think\Controller.class.php 第 217 行.
NOTIC: [8] Undefined index: callbackType D:\phpstudy\WWW\vmallshop\ThinkPHP\Library\Think\Controller.class.php 第 218 行.
NOTIC: [8] Undefined index: forwardUrl D:\phpstudy\WWW\vmallshop\ThinkPHP\Library\Think\Controller.class.php 第 219 行.

[ 2017-07-06T16:10:41+08:00 ] ::1 /vmallshop/index.php/Mobile/User/editaction.html
INFO: [ app_begin ] --START--
INFO: Run Behavior\ReadHtmlCacheBehavior [ RunTime:0.001000s ]
INFO: [ app_begin ] --END-- [ RunTime:0.001000s ]
SQL: DESCRIBE vmall_user [ RunTime:0.007000s ]
SQL: SELECT * FROM `vmall_user` WHERE `user_id` = 30 LIMIT 1   [ RunTime:0.001001s ]
NOTIC: [8] Undefined index: info D:\phpstudy\WWW\vmallshop\ThinkPHP\Library\Think\Controller.class.php 第 216 行.
NOTIC: [8] Undefined index: navTabId D:\phpstudy\WWW\vmallshop\ThinkPHP\Library\Think\Controller.class.php 第 217 行.
NOTIC: [8] Undefined index: callbackType D:\phpstudy\WWW\vmallshop\ThinkPHP\Library\Think\Controller.class.php 第 218 行.
NOTIC: [8] Undefined index: forwardUrl D:\phpstudy\WWW\vmallshop\ThinkPHP\Library\Think\Controller.class.php 第 219 行.

[ 2017-07-06T16:10:51+08:00 ] ::1 /vmallshop/index.php/Mobile/User/editaction.html
INFO: [ app_begin ] --START--
INFO: Run Behavior\ReadHtmlCacheBehavior [ RunTime:0.000000s ]
INFO: [ app_begin ] --END-- [ RunTime:0.001000s ]
SQL: DESCRIBE vmall_user [ RunTime:0.006000s ]
SQL: SELECT * FROM `vmall_user` WHERE `user_id` = 30 LIMIT 1   [ RunTime:0.000000s ]
NOTIC: [8] Undefined offset: 0 D:\phpstudy\WWW\vmallshop\ThinkPHP\Library\Think\Db.class.php 第 471 行.
NOTIC: [8] Undefined offset: 0 D:\phpstudy\WWW\vmallshop\ThinkPHP\Library\Think\Db.class.php 第 515 行.
NOTIC: [8] Undefined offset: 0 D:\phpstudy\WWW\vmallshop\ThinkPHP\Library\Think\Db.class.php 第 515 行.
NOTIC: [8] Undefined offset: 0 D:\phpstudy\WWW\vmallshop\ThinkPHP\Library\Think\Db.class.php 第 516 行.
NOTIC: [8] Undefined offset: 0 D:\phpstudy\WWW\vmallshop\ThinkPHP\Library\Think\Db.class.php 第 519 行.
NOTIC: [8] Undefined offset: 1 D:\phpstudy\WWW\vmallshop\ThinkPHP\Library\Think\Db.class.php 第 515 行.
NOTIC: [8] Undefined offset: 1 D:\phpstudy\WWW\vmallshop\ThinkPHP\Library\Think\Db.class.php 第 515 行.
NOTIC: [8] Undefined offset: 1 D:\phpstudy\WWW\vmallshop\ThinkPHP\Library\Think\Db.class.php 第 516 行.
NOTIC: [8] Undefined offset: 1 D:\phpstudy\WWW\vmallshop\ThinkPHP\Library\Think\Db.class.php 第 519 行.
NOTIC: [8] Undefined offset: 2 D:\phpstudy\WWW\vmallshop\ThinkPHP\Library\Think\Db.class.php 第 515 行.
NOTIC: [8] Undefined offset: 2 D:\phpstudy\WWW\vmallshop\ThinkPHP\Library\Think\Db.class.php 第 515 行.
NOTIC: [8] Undefined offset: 2 D:\phpstudy\WWW\vmallshop\ThinkPHP\Library\Think\Db.class.php 第 516 行.
NOTIC: [8] Undefined offset: 2 D:\phpstudy\WWW\vmallshop\ThinkPHP\Library\Think\Db.class.php 第 519 行.
NOTIC: [8] Undefined offset: 3 D:\phpstudy\WWW\vmallshop\ThinkPHP\Library\Think\Db.class.php 第 515 行.
NOTIC: [8] Undefined offset: 3 D:\phpstudy\WWW\vmallshop\ThinkPHP\Library\Think\Db.class.php 第 515 行.
NOTIC: [8] Undefined offset: 3 D:\phpstudy\WWW\vmallshop\ThinkPHP\Library\Think\Db.class.php 第 516 行.
NOTIC: [8] Undefined offset: 3 D:\phpstudy\WWW\vmallshop\ThinkPHP\Library\Think\Db.class.php 第 519 行.
NOTIC: [8] Undefined offset: 4 D:\phpstudy\WWW\vmallshop\ThinkPHP\Library\Think\Db.class.php 第 515 行.
NOTIC: [8] Undefined offset: 4 D:\phpstudy\WWW\vmallshop\ThinkPHP\Library\Think\Db.class.php 第 515 行.
NOTIC: [8] Undefined offset: 4 D:\phpstudy\WWW\vmallshop\ThinkPHP\Library\Think\Db.class.php 第 516 行.
NOTIC: [8] Undefined offset: 4 D:\phpstudy\WWW\vmallshop\ThinkPHP\Library\Think\Db.class.php 第 519 行.
NOTIC: [8] Undefined offset: 5 D:\phpstudy\WWW\vmallshop\ThinkPHP\Library\Think\Db.class.php 第 515 行.
NOTIC: [8] Undefined offset: 5 D:\phpstudy\WWW\vmallshop\ThinkPHP\Library\Think\Db.class.php 第 515 行.
NOTIC: [8] Undefined offset: 5 D:\phpstudy\WWW\vmallshop\ThinkPHP\Library\Think\Db.class.php 第 516 行.
NOTIC: [8] Undefined offset: 5 D:\phpstudy\WWW\vmallshop\ThinkPHP\Library\Think\Db.class.php 第 519 行.
NOTIC: [8] Undefined offset: 6 D:\phpstudy\WWW\vmallshop\ThinkPHP\Library\Think\Db.class.php 第 515 行.
NOTIC: [8] Undefined offset: 6 D:\phpstudy\WWW\vmallshop\ThinkPHP\Library\Think\Db.class.php 第 515 行.
NOTIC: [8] Undefined offset: 6 D:\phpstudy\WWW\vmallshop\ThinkPHP\Library\Think\Db.class.php 第 516 行.
NOTIC: [8] Undefined offset: 6 D:\phpstudy\WWW\vmallshop\ThinkPHP\Library\Think\Db.class.php 第 519 行.
NOTIC: [8] Undefined offset: 7 D:\phpstudy\WWW\vmallshop\ThinkPHP\Library\Think\Db.class.php 第 515 行.
NOTIC: [8] Undefined offset: 7 D:\phpstudy\WWW\vmallshop\ThinkPHP\Library\Think\Db.class.php 第 515 行.
NOTIC: [8] Undefined offset: 7 D:\phpstudy\WWW\vmallshop\ThinkPHP\Library\Think\Db.class.php 第 516 行.
NOTIC: [8] Undefined offset: 7 D:\phpstudy\WWW\vmallshop\ThinkPHP\Library\Think\Db.class.php 第 519 行.
NOTIC: [8] Undefined offset: 8 D:\phpstudy\WWW\vmallshop\ThinkPHP\Library\Think\Db.class.php 第 515 行.
NOTIC: [8] Undefined offset: 8 D:\phpstudy\WWW\vmallshop\ThinkPHP\Library\Think\Db.class.php 第 515 行.
NOTIC: [8] Undefined offset: 8 D:\phpstudy\WWW\vmallshop\ThinkPHP\Library\Think\Db.class.php 第 516 行.
NOTIC: [8] Undefined offset: 8 D:\phpstudy\WWW\vmallshop\ThinkPHP\Library\Think\Db.class.php 第 519 行.
NOTIC: [8] Undefined offset: 9 D:\phpstudy\WWW\vmallshop\ThinkPHP\Library\Think\Db.class.php 第 515 行.
NOTIC: [8] Undefined offset: 9 D:\phpstudy\WWW\vmallshop\ThinkPHP\Library\Think\Db.class.php 第 515 行.
NOTIC: [8] Undefined offset: 9 D:\phpstudy\WWW\vmallshop\ThinkPHP\Library\Think\Db.class.php 第 516 行.
NOTIC: [8] Undefined offset: 9 D:\phpstudy\WWW\vmallshop\ThinkPHP\Library\Think\Db.class.php 第 519 行.
NOTIC: [8] Undefined offset: 10 D:\phpstudy\WWW\vmallshop\ThinkPHP\Library\Think\Db.class.php 第 515 行.
NOTIC: [8] Undefined offset: 10 D:\phpstudy\WWW\vmallshop\ThinkPHP\Library\Think\Db.class.php 第 515 行.
NOTIC: [8] Undefined offset: 10 D:\phpstudy\WWW\vmallshop\ThinkPHP\Library\Think\Db.class.php 第 516 行.
NOTIC: [8] Undefined offset: 10 D:\phpstudy\WWW\vmallshop\ThinkPHP\Library\Think\Db.class.php 第 519 行.
NOTIC: [8] Undefined offset: 11 D:\phpstudy\WWW\vmallshop\ThinkPHP\Library\Think\Db.class.php 第 515 行.
NOTIC: [8] Undefined offset: 11 D:\phpstudy\WWW\vmallshop\ThinkPHP\Library\Think\Db.class.php 第 515 行.
NOTIC: [8] Undefined offset: 11 D:\phpstudy\WWW\vmallshop\ThinkPHP\Library\Think\Db.class.php 第 516 行.
NOTIC: [8] Undefined offset: 11 D:\phpstudy\WWW\vmallshop\ThinkPHP\Library\Think\Db.class.php 第 519 行.
NOTIC: [8] Undefined offset: 12 D:\phpstudy\WWW\vmallshop\ThinkPHP\Library\Think\Db.class.php 第 515 行.
NOTIC: [8] Undefined offset: 12 D:\phpstudy\WWW\vmallshop\ThinkPHP\Library\Think\Db.class.php 第 515 行.
NOTIC: [8] Undefined offset: 12 D:\phpstudy\WWW\vmallshop\ThinkPHP\Library\Think\Db.class.php 第 516 行.
NOTIC: [8] Undefined offset: 12 D:\phpstudy\WWW\vmallshop\ThinkPHP\Library\Think\Db.class.php 第 519 行.
NOTIC: [8] Undefined offset: 13 D:\phpstudy\WWW\vmallshop\ThinkPHP\Library\Think\Db.class.php 第 515 行.
NOTIC: [8] Undefined offset: 13 D:\phpstudy\WWW\vmallshop\ThinkPHP\Library\Think\Db.class.php 第 515 行.
NOTIC: [8] Undefined offset: 13 D:\phpstudy\WWW\vmallshop\ThinkPHP\Library\Think\Db.class.php 第 516 行.
NOTIC: [8] Undefined offset: 13 D:\phpstudy\WWW\vmallshop\ThinkPHP\Library\Think\Db.class.php 第 519 行.
NOTIC: [8] Undefined offset: 14 D:\phpstudy\WWW\vmallshop\ThinkPHP\Library\Think\Db.class.php 第 515 行.
NOTIC: [8] Undefined offset: 14 D:\phpstudy\WWW\vmallshop\ThinkPHP\Library\Think\Db.class.php 第 515 行.
NOTIC: [8] Undefined offset: 14 D:\phpstudy\WWW\vmallshop\ThinkPHP\Library\Think\Db.class.php 第 516 行.
NOTIC: [8] Undefined offset: 14 D:\phpstudy\WWW\vmallshop\ThinkPHP\Library\Think\Db.class.php 第 519 行.
SQL: SELECT * FROM `vmall_user` WHERE ( `user_id` = null AND `user_id` = null AND `user_id` = null AND `user_id` = null AND `user_id` = null AND `user_id` = null AND `user_id` = null AND `user_id` = null AND `user_id` = null AND `user_id` = null AND `user_id` = null AND `user_id` = null AND `user_id` = null AND `user_id` = null AND `user_id` = null  )  [ RunTime:0.001000s ]

[ 2017-07-06T16:11:08+08:00 ] ::1 /vmallshop/index.php/Mobile/User/editaction.html
INFO: [ app_begin ] --START--
INFO: Run Behavior\ReadHtmlCacheBehavior [ RunTime:0.000000s ]
INFO: [ app_begin ] --END-- [ RunTime:0.001000s ]
SQL: DESCRIBE vmall_user [ RunTime:0.006000s ]
SQL: SELECT * FROM `vmall_user` WHERE `user_id` = 30 LIMIT 1   [ RunTime:0.001000s ]
NOTIC: [8] Undefined offset: 0 D:\phpstudy\WWW\vmallshop\ThinkPHP\Library\Think\Db.class.php 第 471 行.
NOTIC: [8] Undefined offset: 0 D:\phpstudy\WWW\vmallshop\ThinkPHP\Library\Think\Db.class.php 第 515 行.
NOTIC: [8] Undefined offset: 0 D:\phpstudy\WWW\vmallshop\ThinkPHP\Library\Think\Db.class.php 第 515 行.
NOTIC: [8] Undefined offset: 0 D:\phpstudy\WWW\vmallshop\ThinkPHP\Library\Think\Db.class.php 第 516 行.
NOTIC: [8] Undefined offset: 0 D:\phpstudy\WWW\vmallshop\ThinkPHP\Library\Think\Db.class.php 第 519 行.
NOTIC: [8] Undefined offset: 1 D:\phpstudy\WWW\vmallshop\ThinkPHP\Library\Think\Db.class.php 第 515 行.
NOTIC: [8] Undefined offset: 1 D:\phpstudy\WWW\vmallshop\ThinkPHP\Library\Think\Db.class.php 第 515 行.
NOTIC: [8] Undefined offset: 1 D:\phpstudy\WWW\vmallshop\ThinkPHP\Library\Think\Db.class.php 第 516 行.
NOTIC: [8] Undefined offset: 1 D:\phpstudy\WWW\vmallshop\ThinkPHP\Library\Think\Db.class.php 第 519 行.
NOTIC: [8] Undefined offset: 2 D:\phpstudy\WWW\vmallshop\ThinkPHP\Library\Think\Db.class.php 第 515 行.
NOTIC: [8] Undefined offset: 2 D:\phpstudy\WWW\vmallshop\ThinkPHP\Library\Think\Db.class.php 第 515 行.
NOTIC: [8] Undefined offset: 2 D:\phpstudy\WWW\vmallshop\ThinkPHP\Library\Think\Db.class.php 第 516 行.
NOTIC: [8] Undefined offset: 2 D:\phpstudy\WWW\vmallshop\ThinkPHP\Library\Think\Db.class.php 第 519 行.
NOTIC: [8] Undefined offset: 3 D:\phpstudy\WWW\vmallshop\ThinkPHP\Library\Think\Db.class.php 第 515 行.
NOTIC: [8] Undefined offset: 3 D:\phpstudy\WWW\vmallshop\ThinkPHP\Library\Think\Db.class.php 第 515 行.
NOTIC: [8] Undefined offset: 3 D:\phpstudy\WWW\vmallshop\ThinkPHP\Library\Think\Db.class.php 第 516 行.
NOTIC: [8] Undefined offset: 3 D:\phpstudy\WWW\vmallshop\ThinkPHP\Library\Think\Db.class.php 第 519 行.
NOTIC: [8] Undefined offset: 4 D:\phpstudy\WWW\vmallshop\ThinkPHP\Library\Think\Db.class.php 第 515 行.
NOTIC: [8] Undefined offset: 4 D:\phpstudy\WWW\vmallshop\ThinkPHP\Library\Think\Db.class.php 第 515 行.
NOTIC: [8] Undefined offset: 4 D:\phpstudy\WWW\vmallshop\ThinkPHP\Library\Think\Db.class.php 第 516 行.
NOTIC: [8] Undefined offset: 4 D:\phpstudy\WWW\vmallshop\ThinkPHP\Library\Think\Db.class.php 第 519 行.
NOTIC: [8] Undefined offset: 5 D:\phpstudy\WWW\vmallshop\ThinkPHP\Library\Think\Db.class.php 第 515 行.
NOTIC: [8] Undefined offset: 5 D:\phpstudy\WWW\vmallshop\ThinkPHP\Library\Think\Db.class.php 第 515 行.
NOTIC: [8] Undefined offset: 5 D:\phpstudy\WWW\vmallshop\ThinkPHP\Library\Think\Db.class.php 第 516 行.
NOTIC: [8] Undefined offset: 5 D:\phpstudy\WWW\vmallshop\ThinkPHP\Library\Think\Db.class.php 第 519 行.
NOTIC: [8] Undefined offset: 6 D:\phpstudy\WWW\vmallshop\ThinkPHP\Library\Think\Db.class.php 第 515 行.
NOTIC: [8] Undefined offset: 6 D:\phpstudy\WWW\vmallshop\ThinkPHP\Library\Think\Db.class.php 第 515 行.
NOTIC: [8] Undefined offset: 6 D:\phpstudy\WWW\vmallshop\ThinkPHP\Library\Think\Db.class.php 第 516 行.
NOTIC: [8] Undefined offset: 6 D:\phpstudy\WWW\vmallshop\ThinkPHP\Library\Think\Db.class.php 第 519 行.
NOTIC: [8] Undefined offset: 7 D:\phpstudy\WWW\vmallshop\ThinkPHP\Library\Think\Db.class.php 第 515 行.
NOTIC: [8] Undefined offset: 7 D:\phpstudy\WWW\vmallshop\ThinkPHP\Library\Think\Db.class.php 第 515 行.
NOTIC: [8] Undefined offset: 7 D:\phpstudy\WWW\vmallshop\ThinkPHP\Library\Think\Db.class.php 第 516 行.
NOTIC: [8] Undefined offset: 7 D:\phpstudy\WWW\vmallshop\ThinkPHP\Library\Think\Db.class.php 第 519 行.
NOTIC: [8] Undefined offset: 8 D:\phpstudy\WWW\vmallshop\ThinkPHP\Library\Think\Db.class.php 第 515 行.
NOTIC: [8] Undefined offset: 8 D:\phpstudy\WWW\vmallshop\ThinkPHP\Library\Think\Db.class.php 第 515 行.
NOTIC: [8] Undefined offset: 8 D:\phpstudy\WWW\vmallshop\ThinkPHP\Library\Think\Db.class.php 第 516 行.
NOTIC: [8] Undefined offset: 8 D:\phpstudy\WWW\vmallshop\ThinkPHP\Library\Think\Db.class.php 第 519 行.
NOTIC: [8] Undefined offset: 9 D:\phpstudy\WWW\vmallshop\ThinkPHP\Library\Think\Db.class.php 第 515 行.
NOTIC: [8] Undefined offset: 9 D:\phpstudy\WWW\vmallshop\ThinkPHP\Library\Think\Db.class.php 第 515 行.
NOTIC: [8] Undefined offset: 9 D:\phpstudy\WWW\vmallshop\ThinkPHP\Library\Think\Db.class.php 第 516 行.
NOTIC: [8] Undefined offset: 9 D:\phpstudy\WWW\vmallshop\ThinkPHP\Library\Think\Db.class.php 第 519 行.
NOTIC: [8] Undefined offset: 10 D:\phpstudy\WWW\vmallshop\ThinkPHP\Library\Think\Db.class.php 第 515 行.
NOTIC: [8] Undefined offset: 10 D:\phpstudy\WWW\vmallshop\ThinkPHP\Library\Think\Db.class.php 第 515 行.
NOTIC: [8] Undefined offset: 10 D:\phpstudy\WWW\vmallshop\ThinkPHP\Library\Think\Db.class.php 第 516 行.
NOTIC: [8] Undefined offset: 10 D:\phpstudy\WWW\vmallshop\ThinkPHP\Library\Think\Db.class.php 第 519 行.
NOTIC: [8] Undefined offset: 11 D:\phpstudy\WWW\vmallshop\ThinkPHP\Library\Think\Db.class.php 第 515 行.
NOTIC: [8] Undefined offset: 11 D:\phpstudy\WWW\vmallshop\ThinkPHP\Library\Think\Db.class.php 第 515 行.
NOTIC: [8] Undefined offset: 11 D:\phpstudy\WWW\vmallshop\ThinkPHP\Library\Think\Db.class.php 第 516 行.
NOTIC: [8] Undefined offset: 11 D:\phpstudy\WWW\vmallshop\ThinkPHP\Library\Think\Db.class.php 第 519 行.
NOTIC: [8] Undefined offset: 12 D:\phpstudy\WWW\vmallshop\ThinkPHP\Library\Think\Db.class.php 第 515 行.
NOTIC: [8] Undefined offset: 12 D:\phpstudy\WWW\vmallshop\ThinkPHP\Library\Think\Db.class.php 第 515 行.
NOTIC: [8] Undefined offset: 12 D:\phpstudy\WWW\vmallshop\ThinkPHP\Library\Think\Db.class.php 第 516 行.
NOTIC: [8] Undefined offset: 12 D:\phpstudy\WWW\vmallshop\ThinkPHP\Library\Think\Db.class.php 第 519 行.
NOTIC: [8] Undefined offset: 13 D:\phpstudy\WWW\vmallshop\ThinkPHP\Library\Think\Db.class.php 第 515 行.
NOTIC: [8] Undefined offset: 13 D:\phpstudy\WWW\vmallshop\ThinkPHP\Library\Think\Db.class.php 第 515 行.
NOTIC: [8] Undefined offset: 13 D:\phpstudy\WWW\vmallshop\ThinkPHP\Library\Think\Db.class.php 第 516 行.
NOTIC: [8] Undefined offset: 13 D:\phpstudy\WWW\vmallshop\ThinkPHP\Library\Think\Db.class.php 第 519 行.
NOTIC: [8] Undefined offset: 14 D:\phpstudy\WWW\vmallshop\ThinkPHP\Library\Think\Db.class.php 第 515 行.
NOTIC: [8] Undefined offset: 14 D:\phpstudy\WWW\vmallshop\ThinkPHP\Library\Think\Db.class.php 第 515 行.
NOTIC: [8] Undefined offset: 14 D:\phpstudy\WWW\vmallshop\ThinkPHP\Library\Think\Db.class.php 第 516 行.
NOTIC: [8] Undefined offset: 14 D:\phpstudy\WWW\vmallshop\ThinkPHP\Library\Think\Db.class.php 第 519 行.
SQL: SELECT * FROM `vmall_user` WHERE ( `user_id` = null AND `user_id` = null AND `user_id` = null AND `user_id` = null AND `user_id` = null AND `user_id` = null AND `user_id` = null AND `user_id` = null AND `user_id` = null AND `user_id` = null AND `user_id` = null AND `user_id` = null AND `user_id` = null AND `user_id` = null AND `user_id` = null  )  [ RunTime:0.001000s ]

[ 2017-07-06T16:11:26+08:00 ] ::1 /vmallshop/index.php/Mobile/User/editaction.html
INFO: [ app_begin ] --START--
INFO: Run Behavior\ReadHtmlCacheBehavior [ RunTime:0.001000s ]
INFO: [ app_begin ] --END-- [ RunTime:0.001000s ]
SQL: DESCRIBE vmall_user [ RunTime:0.006000s ]
SQL: SELECT * FROM `vmall_user` WHERE `user_id` = 30 LIMIT 1   [ RunTime:0.001001s ]
NOTIC: [8] Undefined offset: 0 D:\phpstudy\WWW\vmallshop\ThinkPHP\Library\Think\Db.class.php 第 471 行.
NOTIC: [8] Undefined offset: 0 D:\phpstudy\WWW\vmallshop\ThinkPHP\Library\Think\Db.class.php 第 515 行.
NOTIC: [8] Undefined offset: 0 D:\phpstudy\WWW\vmallshop\ThinkPHP\Library\Think\Db.class.php 第 515 行.
NOTIC: [8] Undefined offset: 0 D:\phpstudy\WWW\vmallshop\ThinkPHP\Library\Think\Db.class.php 第 516 行.
NOTIC: [8] Undefined offset: 0 D:\phpstudy\WWW\vmallshop\ThinkPHP\Library\Think\Db.class.php 第 519 行.
NOTIC: [8] Undefined offset: 1 D:\phpstudy\WWW\vmallshop\ThinkPHP\Library\Think\Db.class.php 第 515 行.
NOTIC: [8] Undefined offset: 1 D:\phpstudy\WWW\vmallshop\ThinkPHP\Library\Think\Db.class.php 第 515 行.
NOTIC: [8] Undefined offset: 1 D:\phpstudy\WWW\vmallshop\ThinkPHP\Library\Think\Db.class.php 第 516 行.
NOTIC: [8] Undefined offset: 1 D:\phpstudy\WWW\vmallshop\ThinkPHP\Library\Think\Db.class.php 第 519 行.
NOTIC: [8] Undefined offset: 2 D:\phpstudy\WWW\vmallshop\ThinkPHP\Library\Think\Db.class.php 第 515 行.
NOTIC: [8] Undefined offset: 2 D:\phpstudy\WWW\vmallshop\ThinkPHP\Library\Think\Db.class.php 第 515 行.
NOTIC: [8] Undefined offset: 2 D:\phpstudy\WWW\vmallshop\ThinkPHP\Library\Think\Db.class.php 第 516 行.
NOTIC: [8] Undefined offset: 2 D:\phpstudy\WWW\vmallshop\ThinkPHP\Library\Think\Db.class.php 第 519 行.
NOTIC: [8] Undefined offset: 3 D:\phpstudy\WWW\vmallshop\ThinkPHP\Library\Think\Db.class.php 第 515 行.
NOTIC: [8] Undefined offset: 3 D:\phpstudy\WWW\vmallshop\ThinkPHP\Library\Think\Db.class.php 第 515 行.
NOTIC: [8] Undefined offset: 3 D:\phpstudy\WWW\vmallshop\ThinkPHP\Library\Think\Db.class.php 第 516 行.
NOTIC: [8] Undefined offset: 3 D:\phpstudy\WWW\vmallshop\ThinkPHP\Library\Think\Db.class.php 第 519 行.
NOTIC: [8] Undefined offset: 4 D:\phpstudy\WWW\vmallshop\ThinkPHP\Library\Think\Db.class.php 第 515 行.
NOTIC: [8] Undefined offset: 4 D:\phpstudy\WWW\vmallshop\ThinkPHP\Library\Think\Db.class.php 第 515 行.
NOTIC: [8] Undefined offset: 4 D:\phpstudy\WWW\vmallshop\ThinkPHP\Library\Think\Db.class.php 第 516 行.
NOTIC: [8] Undefined offset: 4 D:\phpstudy\WWW\vmallshop\ThinkPHP\Library\Think\Db.class.php 第 519 行.
NOTIC: [8] Undefined offset: 5 D:\phpstudy\WWW\vmallshop\ThinkPHP\Library\Think\Db.class.php 第 515 行.
NOTIC: [8] Undefined offset: 5 D:\phpstudy\WWW\vmallshop\ThinkPHP\Library\Think\Db.class.php 第 515 行.
NOTIC: [8] Undefined offset: 5 D:\phpstudy\WWW\vmallshop\ThinkPHP\Library\Think\Db.class.php 第 516 行.
NOTIC: [8] Undefined offset: 5 D:\phpstudy\WWW\vmallshop\ThinkPHP\Library\Think\Db.class.php 第 519 行.
NOTIC: [8] Undefined offset: 6 D:\phpstudy\WWW\vmallshop\ThinkPHP\Library\Think\Db.class.php 第 515 行.
NOTIC: [8] Undefined offset: 6 D:\phpstudy\WWW\vmallshop\ThinkPHP\Library\Think\Db.class.php 第 515 行.
NOTIC: [8] Undefined offset: 6 D:\phpstudy\WWW\vmallshop\ThinkPHP\Library\Think\Db.class.php 第 516 行.
NOTIC: [8] Undefined offset: 6 D:\phpstudy\WWW\vmallshop\ThinkPHP\Library\Think\Db.class.php 第 519 行.
NOTIC: [8] Undefined offset: 7 D:\phpstudy\WWW\vmallshop\ThinkPHP\Library\Think\Db.class.php 第 515 行.
NOTIC: [8] Undefined offset: 7 D:\phpstudy\WWW\vmallshop\ThinkPHP\Library\Think\Db.class.php 第 515 行.
NOTIC: [8] Undefined offset: 7 D:\phpstudy\WWW\vmallshop\ThinkPHP\Library\Think\Db.class.php 第 516 行.
NOTIC: [8] Undefined offset: 7 D:\phpstudy\WWW\vmallshop\ThinkPHP\Library\Think\Db.class.php 第 519 行.
NOTIC: [8] Undefined offset: 8 D:\phpstudy\WWW\vmallshop\ThinkPHP\Library\Think\Db.class.php 第 515 行.
NOTIC: [8] Undefined offset: 8 D:\phpstudy\WWW\vmallshop\ThinkPHP\Library\Think\Db.class.php 第 515 行.
NOTIC: [8] Undefined offset: 8 D:\phpstudy\WWW\vmallshop\ThinkPHP\Library\Think\Db.class.php 第 516 行.
NOTIC: [8] Undefined offset: 8 D:\phpstudy\WWW\vmallshop\ThinkPHP\Library\Think\Db.class.php 第 519 行.
NOTIC: [8] Undefined offset: 9 D:\phpstudy\WWW\vmallshop\ThinkPHP\Library\Think\Db.class.php 第 515 行.
NOTIC: [8] Undefined offset: 9 D:\phpstudy\WWW\vmallshop\ThinkPHP\Library\Think\Db.class.php 第 515 行.
NOTIC: [8] Undefined offset: 9 D:\phpstudy\WWW\vmallshop\ThinkPHP\Library\Think\Db.class.php 第 516 行.
NOTIC: [8] Undefined offset: 9 D:\phpstudy\WWW\vmallshop\ThinkPHP\Library\Think\Db.class.php 第 519 行.
NOTIC: [8] Undefined offset: 10 D:\phpstudy\WWW\vmallshop\ThinkPHP\Library\Think\Db.class.php 第 515 行.
NOTIC: [8] Undefined offset: 10 D:\phpstudy\WWW\vmallshop\ThinkPHP\Library\Think\Db.class.php 第 515 行.
NOTIC: [8] Undefined offset: 10 D:\phpstudy\WWW\vmallshop\ThinkPHP\Library\Think\Db.class.php 第 516 行.
NOTIC: [8] Undefined offset: 10 D:\phpstudy\WWW\vmallshop\ThinkPHP\Library\Think\Db.class.php 第 519 行.
NOTIC: [8] Undefined offset: 11 D:\phpstudy\WWW\vmallshop\ThinkPHP\Library\Think\Db.class.php 第 515 行.
NOTIC: [8] Undefined offset: 11 D:\phpstudy\WWW\vmallshop\ThinkPHP\Library\Think\Db.class.php 第 515 行.
NOTIC: [8] Undefined offset: 11 D:\phpstudy\WWW\vmallshop\ThinkPHP\Library\Think\Db.class.php 第 516 行.
NOTIC: [8] Undefined offset: 11 D:\phpstudy\WWW\vmallshop\ThinkPHP\Library\Think\Db.class.php 第 519 行.
NOTIC: [8] Undefined offset: 12 D:\phpstudy\WWW\vmallshop\ThinkPHP\Library\Think\Db.class.php 第 515 行.
NOTIC: [8] Undefined offset: 12 D:\phpstudy\WWW\vmallshop\ThinkPHP\Library\Think\Db.class.php 第 515 行.
NOTIC: [8] Undefined offset: 12 D:\phpstudy\WWW\vmallshop\ThinkPHP\Library\Think\Db.class.php 第 516 行.
NOTIC: [8] Undefined offset: 12 D:\phpstudy\WWW\vmallshop\ThinkPHP\Library\Think\Db.class.php 第 519 行.
NOTIC: [8] Undefined offset: 13 D:\phpstudy\WWW\vmallshop\ThinkPHP\Library\Think\Db.class.php 第 515 行.
NOTIC: [8] Undefined offset: 13 D:\phpstudy\WWW\vmallshop\ThinkPHP\Library\Think\Db.class.php 第 515 行.
NOTIC: [8] Undefined offset: 13 D:\phpstudy\WWW\vmallshop\ThinkPHP\Library\Think\Db.class.php 第 516 行.
NOTIC: [8] Undefined offset: 13 D:\phpstudy\WWW\vmallshop\ThinkPHP\Library\Think\Db.class.php 第 519 行.
NOTIC: [8] Undefined offset: 14 D:\phpstudy\WWW\vmallshop\ThinkPHP\Library\Think\Db.class.php 第 515 行.
NOTIC: [8] Undefined offset: 14 D:\phpstudy\WWW\vmallshop\ThinkPHP\Library\Think\Db.class.php 第 515 行.
NOTIC: [8] Undefined offset: 14 D:\phpstudy\WWW\vmallshop\ThinkPHP\Library\Think\Db.class.php 第 516 行.
NOTIC: [8] Undefined offset: 14 D:\phpstudy\WWW\vmallshop\ThinkPHP\Library\Think\Db.class.php 第 519 行.
SQL: SELECT * FROM `vmall_user` WHERE ( `user_id` = null AND `user_id` = null AND `user_id` = null AND `user_id` = null AND `user_id` = null AND `user_id` = null AND `user_id` = null AND `user_id` = null AND `user_id` = null AND `user_id` = null AND `user_id` = null AND `user_id` = null AND `user_id` = null AND `user_id` = null AND `user_id` = null  )  [ RunTime:0.001000s ]

[ 2017-07-06T16:12:16+08:00 ] ::1 /vmallshop/index.php/Mobile/User/editaction.html
INFO: [ app_begin ] --START--
INFO: Run Behavior\ReadHtmlCacheBehavior [ RunTime:0.001000s ]
INFO: [ app_begin ] --END-- [ RunTime:0.002000s ]
SQL: DESCRIBE vmall_user [ RunTime:0.006001s ]
SQL: SELECT * FROM `vmall_user` WHERE `user_id` = 30 LIMIT 1   [ RunTime:0.001000s ]
SQL: UPDATE `vmall_user` SET `true_name`='张三',`user_email`='8758432598@qq.com',`user_sex`=1 WHERE `user_id` = 30 [ RunTime:0.044002s ]
NOTIC: [8] Undefined index: info D:\phpstudy\WWW\vmallshop\ThinkPHP\Library\Think\Controller.class.php 第 216 行.
NOTIC: [8] Undefined index: navTabId D:\phpstudy\WWW\vmallshop\ThinkPHP\Library\Think\Controller.class.php 第 217 行.
NOTIC: [8] Undefined index: callbackType D:\phpstudy\WWW\vmallshop\ThinkPHP\Library\Think\Controller.class.php 第 218 行.
NOTIC: [8] Undefined index: forwardUrl D:\phpstudy\WWW\vmallshop\ThinkPHP\Library\Think\Controller.class.php 第 219 行.

[ 2017-07-06T17:19:41+08:00 ] ::1 /vmallshop/index.php/Mobile/User/editaction.html
INFO: [ app_begin ] --START--
INFO: Run Behavior\ReadHtmlCacheBehavior [ RunTime:0.001000s ]
INFO: [ app_begin ] --END-- [ RunTime:0.002001s ]
SQL: DESCRIBE vmall_user [ RunTime:0.006000s ]
SQL: SELECT * FROM `vmall_user` WHERE `user_id` = 30 LIMIT 1   [ RunTime:0.001000s ]
NOTIC: [8] Undefined index: info D:\phpstudy\WWW\vmallshop\ThinkPHP\Library\Think\Controller.class.php 第 216 行.
NOTIC: [8] Undefined index: navTabId D:\phpstudy\WWW\vmallshop\ThinkPHP\Library\Think\Controller.class.php 第 217 行.
NOTIC: [8] Undefined index: callbackType D:\phpstudy\WWW\vmallshop\ThinkPHP\Library\Think\Controller.class.php 第 218 行.
NOTIC: [8] Undefined index: forwardUrl D:\phpstudy\WWW\vmallshop\ThinkPHP\Library\Think\Controller.class.php 第 219 行.

[ 2017-07-06T17:20:14+08:00 ] ::1 /vmallshop/index.php/Mobile/User/editaction.html
INFO: [ app_begin ] --START--
INFO: Run Behavior\ReadHtmlCacheBehavior [ RunTime:0.000000s ]
INFO: [ app_begin ] --END-- [ RunTime:0.001000s ]
SQL: DESCRIBE vmall_user [ RunTime:0.006000s ]
SQL: SELECT * FROM `vmall_user` WHERE `user_id` = 30 LIMIT 1   [ RunTime:0.000000s ]
SQL: UPDATE `vmall_user` SET `true_name`='张三2',`user_email`='8758432598@qq.com',`user_sex`=1 WHERE `user_id` = 30 [ RunTime:0.040002s ]
NOTIC: [8] Undefined index: info D:\phpstudy\WWW\vmallshop\ThinkPHP\Library\Think\Controller.class.php 第 216 行.
NOTIC: [8] Undefined index: navTabId D:\phpstudy\WWW\vmallshop\ThinkPHP\Library\Think\Controller.class.php 第 217 行.
NOTIC: [8] Undefined index: callbackType D:\phpstudy\WWW\vmallshop\ThinkPHP\Library\Think\Controller.class.php 第 218 行.
NOTIC: [8] Undefined index: forwardUrl D:\phpstudy\WWW\vmallshop\ThinkPHP\Library\Think\Controller.class.php 第 219 行.

[ 2017-07-06T17:23:39+08:00 ] ::1 /vmallshop/index.php/Mobile/User/editaction.html
INFO: [ app_begin ] --START--
INFO: Run Behavior\ReadHtmlCacheBehavior [ RunTime:0.001000s ]
INFO: [ app_begin ] --END-- [ RunTime:0.001000s ]
SQL: DESCRIBE vmall_user [ RunTime:0.006001s ]
SQL: SELECT * FROM `vmall_user` WHERE `user_id` = 30 LIMIT 1   [ RunTime:0.001000s ]
NOTIC: [8] Undefined index: info D:\phpstudy\WWW\vmallshop\ThinkPHP\Library\Think\Controller.class.php 第 216 行.
NOTIC: [8] Undefined index: navTabId D:\phpstudy\WWW\vmallshop\ThinkPHP\Library\Think\Controller.class.php 第 217 行.
NOTIC: [8] Undefined index: callbackType D:\phpstudy\WWW\vmallshop\ThinkPHP\Library\Think\Controller.class.php 第 218 行.
NOTIC: [8] Undefined index: forwardUrl D:\phpstudy\WWW\vmallshop\ThinkPHP\Library\Think\Controller.class.php 第 219 行.

[ 2017-07-06T17:52:33+08:00 ] ::1 /vmallshop/index.php/Mobile/User/changepwd.html
INFO: [ app_begin ] --START--
INFO: Run Behavior\ReadHtmlCacheBehavior [ RunTime:0.001000s ]
INFO: [ app_begin ] --END-- [ RunTime:0.002000s ]
SQL: DESCRIBE vmall_user [ RunTime:0.006001s ]
SQL: SELECT * FROM `vmall_user` WHERE `user_id` = 30 LIMIT 1   [ RunTime:0.000000s ]
NOTIC: [8] Undefined index: uid D:\phpstudy\WWW\vmallshop\Home\Mobile\Controller\UserController.class.php 第 67 行.
SQL: SELECT `user_pwd` FROM `vmall_user` WHERE `user_id` = null LIMIT 1   [ RunTime:0.000000s ]
NOTIC: [8] Undefined index: info D:\phpstudy\WWW\vmallshop\ThinkPHP\Library\Think\Controller.class.php 第 216 行.
NOTIC: [8] Undefined index: navTabId D:\phpstudy\WWW\vmallshop\ThinkPHP\Library\Think\Controller.class.php 第 217 行.
NOTIC: [8] Undefined index: callbackType D:\phpstudy\WWW\vmallshop\ThinkPHP\Library\Think\Controller.class.php 第 218 行.
NOTIC: [8] Undefined index: forwardUrl D:\phpstudy\WWW\vmallshop\ThinkPHP\Library\Think\Controller.class.php 第 219 行.

[ 2017-07-06T17:53:28+08:00 ] ::1 /vmallshop/index.php/Mobile/User/changepwd.html
INFO: [ app_begin ] --START--
INFO: Run Behavior\ReadHtmlCacheBehavior [ RunTime:0.001000s ]
INFO: [ app_begin ] --END-- [ RunTime:0.001000s ]
SQL: DESCRIBE vmall_user [ RunTime:0.006000s ]
SQL: SELECT * FROM `vmall_user` WHERE `user_id` = 30 LIMIT 1   [ RunTime:0.000000s ]
NOTIC: [8] Undefined index: uid D:\phpstudy\WWW\vmallshop\Home\Mobile\Controller\UserController.class.php 第 67 行.
SQL: SELECT `user_pwd` FROM `vmall_user` WHERE `user_id` = null LIMIT 1   [ RunTime:0.001001s ]
NOTIC: [8] Undefined index: info D:\phpstudy\WWW\vmallshop\ThinkPHP\Library\Think\Controller.class.php 第 216 行.
NOTIC: [8] Undefined index: navTabId D:\phpstudy\WWW\vmallshop\ThinkPHP\Library\Think\Controller.class.php 第 217 行.
NOTIC: [8] Undefined index: callbackType D:\phpstudy\WWW\vmallshop\ThinkPHP\Library\Think\Controller.class.php 第 218 行.
NOTIC: [8] Undefined index: forwardUrl D:\phpstudy\WWW\vmallshop\ThinkPHP\Library\Think\Controller.class.php 第 219 行.

[ 2017-07-06T17:54:28+08:00 ] ::1 /vmallshop/index.php/Mobile/User/changepwd.html
INFO: [ app_begin ] --START--
INFO: Run Behavior\ReadHtmlCacheBehavior [ RunTime:0.000000s ]
INFO: [ app_begin ] --END-- [ RunTime:0.001000s ]
SQL: DESCRIBE vmall_user [ RunTime:0.005000s ]
SQL: SELECT * FROM `vmall_user` WHERE `user_id` = 30 LIMIT 1   [ RunTime:0.000000s ]
NOTIC: [8] Undefined index: uid D:\phpstudy\WWW\vmallshop\Home\Mobile\Controller\UserController.class.php 第 67 行.
SQL: SELECT `user_pwd` FROM `vmall_user` WHERE `user_id` = null LIMIT 1   [ RunTime:0.000000s ]
NOTIC: [8] Undefined index: info D:\phpstudy\WWW\vmallshop\ThinkPHP\Library\Think\Controller.class.php 第 216 行.
NOTIC: [8] Undefined index: navTabId D:\phpstudy\WWW\vmallshop\ThinkPHP\Library\Think\Controller.class.php 第 217 行.
NOTIC: [8] Undefined index: callbackType D:\phpstudy\WWW\vmallshop\ThinkPHP\Library\Think\Controller.class.php 第 218 行.
NOTIC: [8] Undefined index: forwardUrl D:\phpstudy\WWW\vmallshop\ThinkPHP\Library\Think\Controller.class.php 第 219 行.

[ 2017-07-06T18:00:58+08:00 ] ::1 /vmallshop/index.php/Mobile/User/changepwd.html
INFO: [ app_begin ] --START--
INFO: Run Behavior\ReadHtmlCacheBehavior [ RunTime:0.001000s ]
INFO: [ app_begin ] --END-- [ RunTime:0.001000s ]
SQL: DESCRIBE vmall_user [ RunTime:0.006000s ]
SQL: SELECT * FROM `vmall_user` WHERE `user_id` = 30 LIMIT 1   [ RunTime:0.001000s ]
NOTIC: [8] Undefined index: uid D:\phpstudy\WWW\vmallshop\Home\Mobile\Controller\UserController.class.php 第 67 行.
SQL: SELECT `user_pwd` FROM `vmall_user` WHERE `user_id` = null LIMIT 1   [ RunTime:0.001000s ]
NOTIC: [8] Undefined index: info D:\phpstudy\WWW\vmallshop\ThinkPHP\Library\Think\Controller.class.php 第 216 行.
NOTIC: [8] Undefined index: navTabId D:\phpstudy\WWW\vmallshop\ThinkPHP\Library\Think\Controller.class.php 第 217 行.
NOTIC: [8] Undefined index: callbackType D:\phpstudy\WWW\vmallshop\ThinkPHP\Library\Think\Controller.class.php 第 218 行.
NOTIC: [8] Undefined index: forwardUrl D:\phpstudy\WWW\vmallshop\ThinkPHP\Library\Think\Controller.class.php 第 219 行.

[ 2017-07-06T18:01:07+08:00 ] ::1 /vmallshop/index.php/Mobile/User/changepwd.html
INFO: [ app_begin ] --START--
INFO: Run Behavior\ReadHtmlCacheBehavior [ RunTime:0.000000s ]
INFO: [ app_begin ] --END-- [ RunTime:0.001000s ]
SQL: DESCRIBE vmall_user [ RunTime:0.005000s ]
SQL: SELECT * FROM `vmall_user` WHERE `user_id` = 30 LIMIT 1   [ RunTime:0.000000s ]
NOTIC: [8] Undefined index: uid D:\phpstudy\WWW\vmallshop\Home\Mobile\Controller\UserController.class.php 第 67 行.
SQL: SELECT `user_pwd` FROM `vmall_user` WHERE `user_id` = null LIMIT 1   [ RunTime:0.000000s ]
NOTIC: [8] Undefined index: info D:\phpstudy\WWW\vmallshop\ThinkPHP\Library\Think\Controller.class.php 第 216 行.
NOTIC: [8] Undefined index: navTabId D:\phpstudy\WWW\vmallshop\ThinkPHP\Library\Think\Controller.class.php 第 217 行.
NOTIC: [8] Undefined index: callbackType D:\phpstudy\WWW\vmallshop\ThinkPHP\Library\Think\Controller.class.php 第 218 行.
NOTIC: [8] Undefined index: forwardUrl D:\phpstudy\WWW\vmallshop\ThinkPHP\Library\Think\Controller.class.php 第 219 行.

[ 2017-07-06T18:01:17+08:00 ] ::1 /vmallshop/index.php/Mobile/User/changepwd.html
INFO: [ app_begin ] --START--
INFO: Run Behavior\ReadHtmlCacheBehavior [ RunTime:0.001000s ]
INFO: [ app_begin ] --END-- [ RunTime:0.001000s ]
SQL: DESCRIBE vmall_user [ RunTime:0.006001s ]
SQL: SELECT * FROM `vmall_user` WHERE `user_id` = 30 LIMIT 1   [ RunTime:0.000000s ]
NOTIC: [8] Undefined index: uid D:\phpstudy\WWW\vmallshop\Home\Mobile\Controller\UserController.class.php 第 67 行.
SQL: SELECT `user_pwd` FROM `vmall_user` WHERE `user_id` = null LIMIT 1   [ RunTime:0.000000s ]
NOTIC: [8] Undefined index: info D:\phpstudy\WWW\vmallshop\ThinkPHP\Library\Think\Controller.class.php 第 216 行.
NOTIC: [8] Undefined index: navTabId D:\phpstudy\WWW\vmallshop\ThinkPHP\Library\Think\Controller.class.php 第 217 行.
NOTIC: [8] Undefined index: callbackType D:\phpstudy\WWW\vmallshop\ThinkPHP\Library\Think\Controller.class.php 第 218 行.
NOTIC: [8] Undefined index: forwardUrl D:\phpstudy\WWW\vmallshop\ThinkPHP\Library\Think\Controller.class.php 第 219 行.

[ 2017-07-06T18:01:56+08:00 ] ::1 /vmallshop/index.php/Mobile/User/changepwd.html
INFO: [ app_begin ] --START--
INFO: Run Behavior\ReadHtmlCacheBehavior [ RunTime:0.001000s ]
INFO: [ app_begin ] --END-- [ RunTime:0.001000s ]
SQL: DESCRIBE vmall_user [ RunTime:0.006000s ]
SQL: SELECT * FROM `vmall_user` WHERE `user_id` = 30 LIMIT 1   [ RunTime:0.001000s ]
SQL: SELECT `user_pwd` FROM `vmall_user` WHERE `user_id` = 30 LIMIT 1   [ RunTime:0.000000s ]
SQL: UPDATE `vmall_user` SET `user_pwd`='0b4e7a0e5fe84ad35fb5f95b9ceeac79' WHERE `user_id` = 30 [ RunTime:0.047003s ]
NOTIC: [8] Undefined index: info D:\phpstudy\WWW\vmallshop\ThinkPHP\Library\Think\Controller.class.php 第 216 行.
NOTIC: [8] Undefined index: navTabId D:\phpstudy\WWW\vmallshop\ThinkPHP\Library\Think\Controller.class.php 第 217 行.
NOTIC: [8] Undefined index: callbackType D:\phpstudy\WWW\vmallshop\ThinkPHP\Library\Think\Controller.class.php 第 218 行.
NOTIC: [8] Undefined index: forwardUrl D:\phpstudy\WWW\vmallshop\ThinkPHP\Library\Think\Controller.class.php 第 219 行.

[ 2017-07-06T18:03:04+08:00 ] ::1 /vmallshop/index.php/Mobile/User/changepwd.html
INFO: [ app_begin ] --START--
INFO: Run Behavior\ReadHtmlCacheBehavior [ RunTime:0.000000s ]
INFO: [ app_begin ] --END-- [ RunTime:0.001000s ]
SQL: DESCRIBE vmall_user [ RunTime:0.006001s ]
SQL: SELECT * FROM `vmall_user` WHERE `user_id` = 30 LIMIT 1   [ RunTime:0.001000s ]
SQL: SELECT `user_pwd` FROM `vmall_user` WHERE `user_id` = 30 LIMIT 1   [ RunTime:0.000000s ]
NOTIC: [8] Undefined index: info D:\phpstudy\WWW\vmallshop\ThinkPHP\Library\Think\Controller.class.php 第 216 行.
NOTIC: [8] Undefined index: navTabId D:\phpstudy\WWW\vmallshop\ThinkPHP\Library\Think\Controller.class.php 第 217 行.
NOTIC: [8] Undefined index: callbackType D:\phpstudy\WWW\vmallshop\ThinkPHP\Library\Think\Controller.class.php 第 218 行.
NOTIC: [8] Undefined index: forwardUrl D:\phpstudy\WWW\vmallshop\ThinkPHP\Library\Think\Controller.class.php 第 219 行.

[ 2017-07-06T18:03:11+08:00 ] ::1 /vmallshop/index.php/Mobile/User/changepwd.html
INFO: [ app_begin ] --START--
INFO: Run Behavior\ReadHtmlCacheBehavior [ RunTime:0.000000s ]
INFO: [ app_begin ] --END-- [ RunTime:0.001000s ]
SQL: DESCRIBE vmall_user [ RunTime:0.006000s ]
SQL: SELECT * FROM `vmall_user` WHERE `user_id` = 30 LIMIT 1   [ RunTime:0.001000s ]
SQL: SELECT `user_pwd` FROM `vmall_user` WHERE `user_id` = 30 LIMIT 1   [ RunTime:0.000000s ]
SQL: UPDATE `vmall_user` SET `user_pwd`='96e79218965eb72c92a549dd5a330112' WHERE `user_id` = 30 [ RunTime:0.033002s ]
NOTIC: [8] Undefined index: info D:\phpstudy\WWW\vmallshop\ThinkPHP\Library\Think\Controller.class.php 第 216 行.
NOTIC: [8] Undefined index: navTabId D:\phpstudy\WWW\vmallshop\ThinkPHP\Library\Think\Controller.class.php 第 217 行.
NOTIC: [8] Undefined index: callbackType D:\phpstudy\WWW\vmallshop\ThinkPHP\Library\Think\Controller.class.php 第 218 行.
NOTIC: [8] Undefined index: forwardUrl D:\phpstudy\WWW\vmallshop\ThinkPHP\Library\Think\Controller.class.php 第 219 行.

[ 2017-07-06T18:03:24+08:00 ] ::1 /vmallshop/index.php/Mobile/Login/loginout.html
INFO: [ app_begin ] --START--
INFO: Run Behavior\ReadHtmlCacheBehavior [ RunTime:0.001001s ]
INFO: [ app_begin ] --END-- [ RunTime:0.001001s ]
NOTIC: [8] Undefined index: info D:\phpstudy\WWW\vmallshop\ThinkPHP\Library\Think\Controller.class.php 第 216 行.
NOTIC: [8] Undefined index: navTabId D:\phpstudy\WWW\vmallshop\ThinkPHP\Library\Think\Controller.class.php 第 217 行.
NOTIC: [8] Undefined index: callbackType D:\phpstudy\WWW\vmallshop\ThinkPHP\Library\Think\Controller.class.php 第 218 行.
NOTIC: [8] Undefined index: forwardUrl D:\phpstudy\WWW\vmallshop\ThinkPHP\Library\Think\Controller.class.php 第 219 行.

[ 2017-07-06T18:03:34+08:00 ] ::1 /vmallshop/index.php/Mobile/Login/loginaction.html
INFO: [ app_begin ] --START--
INFO: Run Behavior\ReadHtmlCacheBehavior [ RunTime:0.000000s ]
INFO: [ app_begin ] --END-- [ RunTime:0.001000s ]
SQL: DESCRIBE vmall_user [ RunTime:0.006001s ]
SQL: SELECT * FROM `vmall_user` WHERE `user_name` = 'aaaaaa' AND `user_pwd` = 'e3ceb5881a0a1fdaad01296d7554868d'  [ RunTime:0.001000s ]
NOTIC: [8] Undefined index: info D:\phpstudy\WWW\vmallshop\ThinkPHP\Library\Think\Controller.class.php 第 216 行.
NOTIC: [8] Undefined index: navTabId D:\phpstudy\WWW\vmallshop\ThinkPHP\Library\Think\Controller.class.php 第 217 行.
NOTIC: [8] Undefined index: callbackType D:\phpstudy\WWW\vmallshop\ThinkPHP\Library\Think\Controller.class.php 第 218 行.
NOTIC: [8] Undefined index: forwardUrl D:\phpstudy\WWW\vmallshop\ThinkPHP\Library\Think\Controller.class.php 第 219 行.

[ 2017-07-06T18:03:41+08:00 ] ::1 /vmallshop/index.php/Mobile/Login/loginaction.html
INFO: [ app_begin ] --START--
INFO: Run Behavior\ReadHtmlCacheBehavior [ RunTime:0.001000s ]
INFO: [ app_begin ] --END-- [ RunTime:0.002000s ]
SQL: DESCRIBE vmall_user [ RunTime:0.006000s ]
SQL: SELECT * FROM `vmall_user` WHERE `user_name` = 'aaaaaa' AND `user_pwd` = '0b4e7a0e5fe84ad35fb5f95b9ceeac79'  [ RunTime:0.001000s ]
NOTIC: [8] Undefined index: info D:\phpstudy\WWW\vmallshop\ThinkPHP\Library\Think\Controller.class.php 第 216 行.
NOTIC: [8] Undefined index: navTabId D:\phpstudy\WWW\vmallshop\ThinkPHP\Library\Think\Controller.class.php 第 217 行.
NOTIC: [8] Undefined index: callbackType D:\phpstudy\WWW\vmallshop\ThinkPHP\Library\Think\Controller.class.php 第 218 行.
NOTIC: [8] Undefined index: forwardUrl D:\phpstudy\WWW\vmallshop\ThinkPHP\Library\Think\Controller.class.php 第 219 行.

[ 2017-07-06T18:03:47+08:00 ] ::1 /vmallshop/index.php/Mobile/Login/loginaction.html
INFO: [ app_begin ] --START--
INFO: Run Behavior\ReadHtmlCacheBehavior [ RunTime:0.000000s ]
INFO: [ app_begin ] --END-- [ RunTime:0.001000s ]
SQL: DESCRIBE vmall_user [ RunTime:0.006000s ]
SQL: SELECT * FROM `vmall_user` WHERE `user_name` = 'aaaaaa' AND `user_pwd` = '96e79218965eb72c92a549dd5a330112'  [ RunTime:0.000000s ]
SQL: UPDATE `vmall_user` SET `user_last_time`=1499335427,`user_last_ip`=0 WHERE `user_id` = 30 [ RunTime:0.030002s ]
NOTIC: [8] Undefined index: info D:\phpstudy\WWW\vmallshop\ThinkPHP\Library\Think\Controller.class.php 第 216 行.
NOTIC: [8] Undefined index: navTabId D:\phpstudy\WWW\vmallshop\ThinkPHP\Library\Think\Controller.class.php 第 217 行.
NOTIC: [8] Undefined index: callbackType D:\phpstudy\WWW\vmallshop\ThinkPHP\Library\Think\Controller.class.php 第 218 行.
NOTIC: [8] Undefined index: forwardUrl D:\phpstudy\WWW\vmallshop\ThinkPHP\Library\Think\Controller.class.php 第 219 行.

