[ 2017-07-07T10:52:58+08:00 ] ::1 /vmallshop/index.php/Home/SmallCat/myShop.html
INFO: [ app_begin ] --START--
INFO: Run Behavior\ReadHtmlCacheBehavior [ RunTime:0.002000s ]
INFO: [ app_begin ] --END-- [ RunTime:0.002000s ]
NOTIC: [8] Undefined variable: user_name D:\phpstudy\WWW\vmallshop\Home\Home\Controller\SmallCatController.class.php 第 47 行.
NOTIC: [8] Undefined variable: user_level D:\phpstudy\WWW\vmallshop\Home\Home\Controller\SmallCatController.class.php 第 48 行.
NOTIC: [8] Undefined variable: unpay_count D:\phpstudy\WWW\vmallshop\Home\Home\Controller\SmallCatController.class.php 第 49 行.
NOTIC: [8] Undefined variable: uncomment_count D:\phpstudy\WWW\vmallshop\Home\Home\Controller\SmallCatController.class.php 第 50 行.
INFO: [ app_end ] --START--
INFO: Run Behavior\ShowPageTraceBehavior [ RunTime:0.003000s ]
INFO: [ app_end ] --END-- [ RunTime:0.004001s ]

[ 2017-07-07T10:52:58+08:00 ] ::1 /vmallshop/index.php/Home/Login/checkLogin.html
INFO: [ app_begin ] --START--
INFO: Run Behavior\ReadHtmlCacheBehavior [ RunTime:0.001000s ]
INFO: [ app_begin ] --END-- [ RunTime:0.001000s ]
NOTIC: [8] Undefined variable: user_name D:\phpstudy\WWW\vmallshop\Home\Home\Controller\LoginController.class.php 第 196 行.
NOTIC: [8] Undefined variable: user_level D:\phpstudy\WWW\vmallshop\Home\Home\Controller\LoginController.class.php 第 197 行.
INFO: [ app_end ] --START--
INFO: Run Behavior\ShowPageTraceBehavior [ RunTime:0.001001s ]
INFO: [ app_end ] --END-- [ RunTime:0.001001s ]

[ 2017-07-07T10:52:59+08:00 ] ::1 /vmallshop/index.php/Home/Category/index.html
INFO: [ app_begin ] --START--
INFO: Run Behavior\ReadHtmlCacheBehavior [ RunTime:0.001000s ]
INFO: [ app_begin ] --END-- [ RunTime:0.002000s ]
SQL: DESCRIBE vmall_category [ RunTime:0.012001s ]
SQL: SELECT * FROM `vmall_category` WHERE `category_pid` = 0 ORDER BY category_id  [ RunTime:0.001000s ]
SQL: SELECT * FROM `vmall_category` WHERE `category_path` LIKE '0-10'  [ RunTime:0.001000s ]
SQL: SELECT * FROM `vmall_category` WHERE `category_path` LIKE '0-16'  [ RunTime:0.001000s ]
SQL: SELECT * FROM `vmall_category` WHERE `category_path` LIKE '0-20'  [ RunTime:0.000000s ]
SQL: SELECT * FROM `vmall_category` WHERE `category_path` LIKE '0-23'  [ RunTime:0.000000s ]
SQL: SELECT * FROM `vmall_category` WHERE `category_path` LIKE '0-26'  [ RunTime:0.001000s ]
SQL: SELECT * FROM `vmall_category` WHERE `category_path` LIKE '0-30'  [ RunTime:0.000000s ]
SQL: SELECT * FROM `vmall_category` WHERE `category_path` LIKE '0-33'  [ RunTime:0.000000s ]
SQL: SELECT * FROM `vmall_category` WHERE `category_path` LIKE '0-34'  [ RunTime:0.000000s ]
SQL: SELECT * FROM `vmall_category` WHERE `category_path` LIKE '0-35'  [ RunTime:0.000000s ]
SQL: SELECT * FROM `vmall_category` WHERE `category_path` LIKE '0-37'  [ RunTime:0.000000s ]
NOTIC: [2] Invalid argument supplied for foreach() D:\phpstudy\WWW\vmallshop\Home\Home\Controller\CategoryController.class.php 第 19 行.
NOTIC: [2] Invalid argument supplied for foreach() D:\phpstudy\WWW\vmallshop\Home\Home\Controller\CategoryController.class.php 第 19 行.
INFO: [ app_end ] --START--
INFO: Run Behavior\ShowPageTraceBehavior [ RunTime:0.001000s ]
INFO: [ app_end ] --END-- [ RunTime:0.001000s ]

[ 2017-07-07T10:52:59+08:00 ] ::1 /vmallshop/index.php/Home/SmallCat/myGoods.html
INFO: [ app_begin ] --START--
INFO: Run Behavior\ReadHtmlCacheBehavior [ RunTime:0.001000s ]
INFO: [ app_begin ] --END-- [ RunTime:0.001000s ]
NOTIC: [8] Undefined variable: cat_total_num D:\phpstudy\WWW\vmallshop\Home\Home\Controller\SmallCatController.class.php 第 124 行.
NOTIC: [8] Undefined variable: cat_total_price D:\phpstudy\WWW\vmallshop\Home\Home\Controller\SmallCatController.class.php 第 124 行.
NOTIC: [8] Undefined variable: str D:\phpstudy\WWW\vmallshop\Home\Home\Controller\SmallCatController.class.php 第 125 行.
INFO: [ app_end ] --START--
INFO: Run Behavior\ShowPageTraceBehavior [ RunTime:0.001000s ]
INFO: [ app_end ] --END-- [ RunTime:0.002000s ]

[ 2017-07-07T10:53:00+08:00 ] ::1 /vmallshop/index.php/Home/Advice/makeCategory.html
INFO: [ app_begin ] --START--
INFO: Run Behavior\ReadHtmlCacheBehavior [ RunTime:0.001000s ]
INFO: [ app_begin ] --END-- [ RunTime:0.001000s ]
SQL: DESCRIBE vmall_advice_category [ RunTime:0.022001s ]
SQL: SELECT * FROM `vmall_advice_category`  [ RunTime:0.001000s ]
INFO: [ app_end ] --START--
INFO: Run Behavior\ShowPageTraceBehavior [ RunTime:0.001000s ]
INFO: [ app_end ] --END-- [ RunTime:0.001000s ]

[ 2017-07-07T10:53:12+08:00 ] ::1 /vmallshop/index.php/Home/Login/check_verify.html?code=njkc
INFO: [ app_begin ] --START--
INFO: Run Behavior\ReadHtmlCacheBehavior [ RunTime:0.001000s ]
INFO: [ app_begin ] --END-- [ RunTime:0.001000s ]
INFO: [ app_end ] --START--
INFO: Run Behavior\ShowPageTraceBehavior [ RunTime:0.001000s ]
INFO: [ app_end ] --END-- [ RunTime:0.001000s ]

[ 2017-07-07T10:53:14+08:00 ] ::1 /vmallshop/index.php/Home/Login/remoteLogin.html
INFO: [ app_begin ] --START--
INFO: Run Behavior\ReadHtmlCacheBehavior [ RunTime:0.001000s ]
INFO: [ app_begin ] --END-- [ RunTime:0.001000s ]
SQL: DESCRIBE vmall_user [ RunTime:0.008000s ]
SQL: SELECT * FROM `vmall_user` WHERE `user_name` = '123abc' AND `user_pwd` = 'e3ceb5881a0a1fdaad01296d7554868d'  [ RunTime:0.000000s ]
NOTIC: [8] Undefined index: info D:\phpstudy\WWW\vmallshop\ThinkPHP\Library\Think\Controller.class.php 第 216 行.
NOTIC: [8] Undefined index: navTabId D:\phpstudy\WWW\vmallshop\ThinkPHP\Library\Think\Controller.class.php 第 217 行.
NOTIC: [8] Undefined index: callbackType D:\phpstudy\WWW\vmallshop\ThinkPHP\Library\Think\Controller.class.php 第 218 行.
NOTIC: [8] Undefined index: forwardUrl D:\phpstudy\WWW\vmallshop\ThinkPHP\Library\Think\Controller.class.php 第 219 行.

[ 2017-07-07T10:53:20+08:00 ] ::1 /vmallshop/index.php/Home/Login/checkLogin.html
INFO: [ app_begin ] --START--
INFO: Run Behavior\ReadHtmlCacheBehavior [ RunTime:0.001000s ]
INFO: [ app_begin ] --END-- [ RunTime:0.001000s ]
NOTIC: [8] Undefined variable: user_name D:\phpstudy\WWW\vmallshop\Home\Home\Controller\LoginController.class.php 第 196 行.
NOTIC: [8] Undefined variable: user_level D:\phpstudy\WWW\vmallshop\Home\Home\Controller\LoginController.class.php 第 197 行.
INFO: [ app_end ] --START--
INFO: Run Behavior\ShowPageTraceBehavior [ RunTime:0.000000s ]
INFO: [ app_end ] --END-- [ RunTime:0.000000s ]

[ 2017-07-07T10:53:20+08:00 ] ::1 /vmallshop/index.php/Home/SmallCat/myShop.html
INFO: [ app_begin ] --START--
INFO: Run Behavior\ReadHtmlCacheBehavior [ RunTime:0.001000s ]
INFO: [ app_begin ] --END-- [ RunTime:0.003000s ]
NOTIC: [8] Undefined variable: user_name D:\phpstudy\WWW\vmallshop\Home\Home\Controller\SmallCatController.class.php 第 47 行.
NOTIC: [8] Undefined variable: user_level D:\phpstudy\WWW\vmallshop\Home\Home\Controller\SmallCatController.class.php 第 48 行.
NOTIC: [8] Undefined variable: unpay_count D:\phpstudy\WWW\vmallshop\Home\Home\Controller\SmallCatController.class.php 第 49 行.
NOTIC: [8] Undefined variable: uncomment_count D:\phpstudy\WWW\vmallshop\Home\Home\Controller\SmallCatController.class.php 第 50 行.
INFO: [ app_end ] --START--
INFO: Run Behavior\ShowPageTraceBehavior [ RunTime:0.001000s ]
INFO: [ app_end ] --END-- [ RunTime:0.001000s ]

[ 2017-07-07T10:53:20+08:00 ] ::1 /vmallshop/index.php/Home/SmallCat/myGoods.html
INFO: [ app_begin ] --START--
INFO: Run Behavior\ReadHtmlCacheBehavior [ RunTime:0.001000s ]
INFO: [ app_begin ] --END-- [ RunTime:0.002000s ]
NOTIC: [8] Undefined variable: cat_total_num D:\phpstudy\WWW\vmallshop\Home\Home\Controller\SmallCatController.class.php 第 124 行.
NOTIC: [8] Undefined variable: cat_total_price D:\phpstudy\WWW\vmallshop\Home\Home\Controller\SmallCatController.class.php 第 124 行.
NOTIC: [8] Undefined variable: str D:\phpstudy\WWW\vmallshop\Home\Home\Controller\SmallCatController.class.php 第 125 行.
INFO: [ app_end ] --START--
INFO: Run Behavior\ShowPageTraceBehavior [ RunTime:0.001000s ]
INFO: [ app_end ] --END-- [ RunTime:0.001000s ]

[ 2017-07-07T10:53:21+08:00 ] ::1 /vmallshop/index.php/Home/Category/index.html
INFO: [ app_begin ] --START--
INFO: Run Behavior\ReadHtmlCacheBehavior [ RunTime:0.000000s ]
INFO: [ app_begin ] --END-- [ RunTime:0.001000s ]
SQL: DESCRIBE vmall_category [ RunTime:0.010001s ]
SQL: SELECT * FROM `vmall_category` WHERE `category_pid` = 0 ORDER BY category_id  [ RunTime:0.000000s ]
SQL: SELECT * FROM `vmall_category` WHERE `category_path` LIKE '0-10'  [ RunTime:0.000000s ]
SQL: SELECT * FROM `vmall_category` WHERE `category_path` LIKE '0-16'  [ RunTime:0.000000s ]
SQL: SELECT * FROM `vmall_category` WHERE `category_path` LIKE '0-20'  [ RunTime:0.000000s ]
SQL: SELECT * FROM `vmall_category` WHERE `category_path` LIKE '0-23'  [ RunTime:0.001000s ]
SQL: SELECT * FROM `vmall_category` WHERE `category_path` LIKE '0-26'  [ RunTime:0.001000s ]
SQL: SELECT * FROM `vmall_category` WHERE `category_path` LIKE '0-30'  [ RunTime:0.000000s ]
SQL: SELECT * FROM `vmall_category` WHERE `category_path` LIKE '0-33'  [ RunTime:0.000000s ]
SQL: SELECT * FROM `vmall_category` WHERE `category_path` LIKE '0-34'  [ RunTime:0.001000s ]
SQL: SELECT * FROM `vmall_category` WHERE `category_path` LIKE '0-35'  [ RunTime:0.000000s ]
SQL: SELECT * FROM `vmall_category` WHERE `category_path` LIKE '0-37'  [ RunTime:0.000000s ]
NOTIC: [2] Invalid argument supplied for foreach() D:\phpstudy\WWW\vmallshop\Home\Home\Controller\CategoryController.class.php 第 19 行.
NOTIC: [2] Invalid argument supplied for foreach() D:\phpstudy\WWW\vmallshop\Home\Home\Controller\CategoryController.class.php 第 19 行.
INFO: [ app_end ] --START--
INFO: Run Behavior\ShowPageTraceBehavior [ RunTime:0.001000s ]
INFO: [ app_end ] --END-- [ RunTime:0.001000s ]

[ 2017-07-07T10:53:22+08:00 ] ::1 /vmallshop/index.php/Home/Advice/makeCategory.html
INFO: [ app_begin ] --START--
INFO: Run Behavior\ReadHtmlCacheBehavior [ RunTime:0.001000s ]
INFO: [ app_begin ] --END-- [ RunTime:0.001000s ]
SQL: DESCRIBE vmall_advice_category [ RunTime:0.010000s ]
SQL: SELECT * FROM `vmall_advice_category`  [ RunTime:0.000000s ]
INFO: [ app_end ] --START--
INFO: Run Behavior\ShowPageTraceBehavior [ RunTime:0.001000s ]
INFO: [ app_end ] --END-- [ RunTime:0.001000s ]

[ 2017-07-07T10:53:23+08:00 ] ::1 /vmallshop/index.php/Home/Login/checkLogin.html
INFO: [ app_begin ] --START--
INFO: Run Behavior\ReadHtmlCacheBehavior [ RunTime:0.001000s ]
INFO: [ app_begin ] --END-- [ RunTime:0.002000s ]
NOTIC: [8] Undefined variable: user_name D:\phpstudy\WWW\vmallshop\Home\Home\Controller\LoginController.class.php 第 196 行.
NOTIC: [8] Undefined variable: user_level D:\phpstudy\WWW\vmallshop\Home\Home\Controller\LoginController.class.php 第 197 行.
INFO: [ app_end ] --START--
INFO: Run Behavior\ShowPageTraceBehavior [ RunTime:0.000000s ]
INFO: [ app_end ] --END-- [ RunTime:0.000000s ]

[ 2017-07-07T10:53:23+08:00 ] ::1 /vmallshop/index.php/Home/SmallCat/myGoods.html
INFO: [ app_begin ] --START--
INFO: Run Behavior\ReadHtmlCacheBehavior [ RunTime:0.001000s ]
INFO: [ app_begin ] --END-- [ RunTime:0.001000s ]
NOTIC: [8] Undefined variable: cat_total_num D:\phpstudy\WWW\vmallshop\Home\Home\Controller\SmallCatController.class.php 第 124 行.
NOTIC: [8] Undefined variable: cat_total_price D:\phpstudy\WWW\vmallshop\Home\Home\Controller\SmallCatController.class.php 第 124 行.
NOTIC: [8] Undefined variable: str D:\phpstudy\WWW\vmallshop\Home\Home\Controller\SmallCatController.class.php 第 125 行.
INFO: [ app_end ] --START--
INFO: Run Behavior\ShowPageTraceBehavior [ RunTime:0.000000s ]
INFO: [ app_end ] --END-- [ RunTime:0.000000s ]

[ 2017-07-07T10:53:23+08:00 ] ::1 /vmallshop/index.php/Home/SmallCat/myShop.html
INFO: [ app_begin ] --START--
INFO: Run Behavior\ReadHtmlCacheBehavior [ RunTime:0.001000s ]
INFO: [ app_begin ] --END-- [ RunTime:0.001000s ]
NOTIC: [8] Undefined variable: user_name D:\phpstudy\WWW\vmallshop\Home\Home\Controller\SmallCatController.class.php 第 47 行.
NOTIC: [8] Undefined variable: user_level D:\phpstudy\WWW\vmallshop\Home\Home\Controller\SmallCatController.class.php 第 48 行.
NOTIC: [8] Undefined variable: unpay_count D:\phpstudy\WWW\vmallshop\Home\Home\Controller\SmallCatController.class.php 第 49 行.
NOTIC: [8] Undefined variable: uncomment_count D:\phpstudy\WWW\vmallshop\Home\Home\Controller\SmallCatController.class.php 第 50 行.
INFO: [ app_end ] --START--
INFO: Run Behavior\ShowPageTraceBehavior [ RunTime:0.001000s ]
INFO: [ app_end ] --END-- [ RunTime:0.001000s ]

[ 2017-07-07T10:53:24+08:00 ] ::1 /vmallshop/index.php/Home/Category/index.html
INFO: [ app_begin ] --START--
INFO: Run Behavior\ReadHtmlCacheBehavior [ RunTime:0.000000s ]
INFO: [ app_begin ] --END-- [ RunTime:0.002000s ]
SQL: DESCRIBE vmall_category [ RunTime:0.009000s ]
SQL: SELECT * FROM `vmall_category` WHERE `category_pid` = 0 ORDER BY category_id  [ RunTime:0.000000s ]
SQL: SELECT * FROM `vmall_category` WHERE `category_path` LIKE '0-10'  [ RunTime:0.000000s ]
SQL: SELECT * FROM `vmall_category` WHERE `category_path` LIKE '0-16'  [ RunTime:0.001000s ]
SQL: SELECT * FROM `vmall_category` WHERE `category_path` LIKE '0-20'  [ RunTime:0.000000s ]
SQL: SELECT * FROM `vmall_category` WHERE `category_path` LIKE '0-23'  [ RunTime:0.000000s ]
SQL: SELECT * FROM `vmall_category` WHERE `category_path` LIKE '0-26'  [ RunTime:0.001001s ]
SQL: SELECT * FROM `vmall_category` WHERE `category_path` LIKE '0-30'  [ RunTime:0.000000s ]
SQL: SELECT * FROM `vmall_category` WHERE `category_path` LIKE '0-33'  [ RunTime:0.000000s ]
SQL: SELECT * FROM `vmall_category` WHERE `category_path` LIKE '0-34'  [ RunTime:0.001000s ]
SQL: SELECT * FROM `vmall_category` WHERE `category_path` LIKE '0-35'  [ RunTime:0.000000s ]
SQL: SELECT * FROM `vmall_category` WHERE `category_path` LIKE '0-37'  [ RunTime:0.000000s ]
NOTIC: [2] Invalid argument supplied for foreach() D:\phpstudy\WWW\vmallshop\Home\Home\Controller\CategoryController.class.php 第 19 行.
NOTIC: [2] Invalid argument supplied for foreach() D:\phpstudy\WWW\vmallshop\Home\Home\Controller\CategoryController.class.php 第 19 行.
INFO: [ app_end ] --START--
INFO: Run Behavior\ShowPageTraceBehavior [ RunTime:0.001000s ]
INFO: [ app_end ] --END-- [ RunTime:0.001000s ]

[ 2017-07-07T10:53:25+08:00 ] ::1 /vmallshop/index.php/Home/Advice/makeCategory.html
INFO: [ app_begin ] --START--
INFO: Run Behavior\ReadHtmlCacheBehavior [ RunTime:0.001000s ]
INFO: [ app_begin ] --END-- [ RunTime:0.001000s ]
SQL: DESCRIBE vmall_advice_category [ RunTime:0.010000s ]
SQL: SELECT * FROM `vmall_advice_category`  [ RunTime:0.001001s ]
INFO: [ app_end ] --START--
INFO: Run Behavior\ShowPageTraceBehavior [ RunTime:0.001000s ]
INFO: [ app_end ] --END-- [ RunTime:0.001000s ]

[ 2017-07-07T10:53:39+08:00 ] ::1 /vmallshop/index.php/Home/Login/check_verify.html?code=wvzh
INFO: [ app_begin ] --START--
INFO: Run Behavior\ReadHtmlCacheBehavior [ RunTime:0.001000s ]
INFO: [ app_begin ] --END-- [ RunTime:0.001000s ]
INFO: [ app_end ] --START--
INFO: Run Behavior\ShowPageTraceBehavior [ RunTime:0.001000s ]
INFO: [ app_end ] --END-- [ RunTime:0.001000s ]

[ 2017-07-07T10:53:41+08:00 ] ::1 /vmallshop/index.php/Home/Login/remoteLogin.html
INFO: [ app_begin ] --START--
INFO: Run Behavior\ReadHtmlCacheBehavior [ RunTime:0.001000s ]
INFO: [ app_begin ] --END-- [ RunTime:0.001000s ]
SQL: DESCRIBE vmall_user [ RunTime:0.009000s ]
SQL: SELECT * FROM `vmall_user` WHERE `user_name` = 'aaaaaa' AND `user_pwd` = '96e79218965eb72c92a549dd5a330112'  [ RunTime:0.001000s ]
SQL: UPDATE `vmall_user` SET `user_last_time`=1499396021,`user_last_ip`=0 WHERE `user_id` = 30 [ RunTime:0.034002s ]
NOTIC: [8] Undefined index: info D:\phpstudy\WWW\vmallshop\ThinkPHP\Library\Think\Controller.class.php 第 216 行.
NOTIC: [8] Undefined index: navTabId D:\phpstudy\WWW\vmallshop\ThinkPHP\Library\Think\Controller.class.php 第 217 行.
NOTIC: [8] Undefined index: callbackType D:\phpstudy\WWW\vmallshop\ThinkPHP\Library\Think\Controller.class.php 第 218 行.
NOTIC: [8] Undefined index: forwardUrl D:\phpstudy\WWW\vmallshop\ThinkPHP\Library\Think\Controller.class.php 第 219 行.

[ 2017-07-07T10:53:44+08:00 ] ::1 /vmallshop/index.php/Home/Login/checkLogin.html
INFO: [ app_begin ] --START--
INFO: Run Behavior\ReadHtmlCacheBehavior [ RunTime:0.000000s ]
INFO: [ app_begin ] --END-- [ RunTime:0.001000s ]
SQL: DESCRIBE vmall_user [ RunTime:0.010001s ]
SQL: SELECT `user_score` FROM `vmall_user` WHERE `user_id` = 30  [ RunTime:0.000000s ]
INFO: [ app_end ] --START--
INFO: Run Behavior\ShowPageTraceBehavior [ RunTime:0.001000s ]
INFO: [ app_end ] --END-- [ RunTime:0.001000s ]

[ 2017-07-07T10:53:45+08:00 ] ::1 /vmallshop/index.php/Home/SmallCat/myShop.html
INFO: [ app_begin ] --START--
INFO: Run Behavior\ReadHtmlCacheBehavior [ RunTime:0.000000s ]
INFO: [ app_begin ] --END-- [ RunTime:0.001000s ]
SQL: DESCRIBE vmall_user [ RunTime:0.010000s ]
SQL: SELECT `user_score` FROM `vmall_user` WHERE `user_id` = 30  [ RunTime:0.000000s ]
SQL: DESCRIBE vmall_order [ RunTime:0.011001s ]
SQL: SELECT COUNT(*) AS tp_count FROM `vmall_order` WHERE `user_id` = 30 AND `order_state` = '未付款' LIMIT 1   [ RunTime:0.001000s ]
SQL: SELECT COUNT(*) AS tp_count FROM `vmall_order` WHERE `user_id` = 30 AND `order_state` = '未评论' LIMIT 1   [ RunTime:0.000000s ]
INFO: [ app_end ] --START--
INFO: Run Behavior\ShowPageTraceBehavior [ RunTime:0.001000s ]
INFO: [ app_end ] --END-- [ RunTime:0.001000s ]

[ 2017-07-07T10:53:45+08:00 ] ::1 /vmallshop/index.php/Home/SmallCat/myGoods.html
INFO: [ app_begin ] --START--
INFO: Run Behavior\ReadHtmlCacheBehavior [ RunTime:0.000000s ]
INFO: [ app_begin ] --END-- [ RunTime:0.002000s ]
NOTIC: [8] Undefined variable: cat_total_num D:\phpstudy\WWW\vmallshop\Home\Home\Controller\SmallCatController.class.php 第 124 行.
NOTIC: [8] Undefined variable: cat_total_price D:\phpstudy\WWW\vmallshop\Home\Home\Controller\SmallCatController.class.php 第 124 行.
NOTIC: [8] Undefined variable: str D:\phpstudy\WWW\vmallshop\Home\Home\Controller\SmallCatController.class.php 第 125 行.
INFO: [ app_end ] --START--
INFO: Run Behavior\ShowPageTraceBehavior [ RunTime:0.002000s ]
INFO: [ app_end ] --END-- [ RunTime:0.002000s ]

[ 2017-07-07T10:53:46+08:00 ] ::1 /vmallshop/index.php/Home/Category/index.html
INFO: [ app_begin ] --START--
INFO: Run Behavior\ReadHtmlCacheBehavior [ RunTime:0.001000s ]
INFO: [ app_begin ] --END-- [ RunTime:0.001000s ]
SQL: DESCRIBE vmall_category [ RunTime:0.008001s ]
SQL: SELECT * FROM `vmall_category` WHERE `category_pid` = 0 ORDER BY category_id  [ RunTime:0.000000s ]
SQL: SELECT * FROM `vmall_category` WHERE `category_path` LIKE '0-10'  [ RunTime:0.000000s ]
SQL: SELECT * FROM `vmall_category` WHERE `category_path` LIKE '0-16'  [ RunTime:0.000000s ]
SQL: SELECT * FROM `vmall_category` WHERE `category_path` LIKE '0-20'  [ RunTime:0.000000s ]
SQL: SELECT * FROM `vmall_category` WHERE `category_path` LIKE '0-23'  [ RunTime:0.001000s ]
SQL: SELECT * FROM `vmall_category` WHERE `category_path` LIKE '0-26'  [ RunTime:0.000000s ]
SQL: SELECT * FROM `vmall_category` WHERE `category_path` LIKE '0-30'  [ RunTime:0.001000s ]
SQL: SELECT * FROM `vmall_category` WHERE `category_path` LIKE '0-33'  [ RunTime:0.001000s ]
SQL: SELECT * FROM `vmall_category` WHERE `category_path` LIKE '0-34'  [ RunTime:0.000000s ]
SQL: SELECT * FROM `vmall_category` WHERE `category_path` LIKE '0-35'  [ RunTime:0.001000s ]
SQL: SELECT * FROM `vmall_category` WHERE `category_path` LIKE '0-37'  [ RunTime:0.001000s ]
NOTIC: [2] Invalid argument supplied for foreach() D:\phpstudy\WWW\vmallshop\Home\Home\Controller\CategoryController.class.php 第 19 行.
NOTIC: [2] Invalid argument supplied for foreach() D:\phpstudy\WWW\vmallshop\Home\Home\Controller\CategoryController.class.php 第 19 行.
INFO: [ app_end ] --START--
INFO: Run Behavior\ShowPageTraceBehavior [ RunTime:0.001000s ]
INFO: [ app_end ] --END-- [ RunTime:0.001000s ]

[ 2017-07-07T10:53:47+08:00 ] ::1 /vmallshop/index.php/Home/Advice/makeCategory.html
INFO: [ app_begin ] --START--
INFO: Run Behavior\ReadHtmlCacheBehavior [ RunTime:0.000000s ]
INFO: [ app_begin ] --END-- [ RunTime:0.001000s ]
SQL: DESCRIBE vmall_advice_category [ RunTime:0.011001s ]
SQL: SELECT * FROM `vmall_advice_category`  [ RunTime:0.001000s ]
INFO: [ app_end ] --START--
INFO: Run Behavior\ShowPageTraceBehavior [ RunTime:0.000000s ]
INFO: [ app_end ] --END-- [ RunTime:0.001000s ]

[ 2017-07-07T10:53:50+08:00 ] ::1 /vmallshop/index.php/Home/Login/checkLogin.html
INFO: [ app_begin ] --START--
INFO: Run Behavior\ReadHtmlCacheBehavior [ RunTime:0.000000s ]
INFO: [ app_begin ] --END-- [ RunTime:0.001000s ]
SQL: DESCRIBE vmall_user [ RunTime:0.010001s ]
SQL: SELECT `user_score` FROM `vmall_user` WHERE `user_id` = 30  [ RunTime:0.001000s ]
INFO: [ app_end ] --START--
INFO: Run Behavior\ShowPageTraceBehavior [ RunTime:0.001000s ]
INFO: [ app_end ] --END-- [ RunTime:0.001000s ]

[ 2017-07-07T10:53:51+08:00 ] ::1 /vmallshop/index.php/Home/SmallCat/myShop.html
INFO: [ app_begin ] --START--
INFO: Run Behavior\ReadHtmlCacheBehavior [ RunTime:0.001000s ]
INFO: [ app_begin ] --END-- [ RunTime:0.001000s ]
SQL: DESCRIBE vmall_user [ RunTime:0.008001s ]
SQL: SELECT `user_score` FROM `vmall_user` WHERE `user_id` = 30  [ RunTime:0.001000s ]
SQL: DESCRIBE vmall_order [ RunTime:0.010000s ]
SQL: SELECT COUNT(*) AS tp_count FROM `vmall_order` WHERE `user_id` = 30 AND `order_state` = '未付款' LIMIT 1   [ RunTime:0.000000s ]
SQL: SELECT COUNT(*) AS tp_count FROM `vmall_order` WHERE `user_id` = 30 AND `order_state` = '未评论' LIMIT 1   [ RunTime:0.000000s ]
INFO: [ app_end ] --START--
INFO: Run Behavior\ShowPageTraceBehavior [ RunTime:0.001000s ]
INFO: [ app_end ] --END-- [ RunTime:0.001000s ]

[ 2017-07-07T10:53:52+08:00 ] ::1 /vmallshop/index.php/Home/Advice/makeCategory.html
INFO: [ app_begin ] --START--
INFO: Run Behavior\ReadHtmlCacheBehavior [ RunTime:0.000000s ]
INFO: [ app_begin ] --END-- [ RunTime:0.001000s ]
SQL: DESCRIBE vmall_advice_category [ RunTime:0.009000s ]
SQL: SELECT * FROM `vmall_advice_category`  [ RunTime:0.000000s ]
INFO: [ app_end ] --START--
INFO: Run Behavior\ShowPageTraceBehavior [ RunTime:0.001000s ]
INFO: [ app_end ] --END-- [ RunTime:0.001000s ]

[ 2017-07-07T10:53:52+08:00 ] ::1 /vmallshop/index.php/Home/SmallCat/myGoods.html
INFO: [ app_begin ] --START--
INFO: Run Behavior\ReadHtmlCacheBehavior [ RunTime:0.000000s ]
INFO: [ app_begin ] --END-- [ RunTime:0.002000s ]
NOTIC: [8] Undefined variable: cat_total_num D:\phpstudy\WWW\vmallshop\Home\Home\Controller\SmallCatController.class.php 第 124 行.
NOTIC: [8] Undefined variable: cat_total_price D:\phpstudy\WWW\vmallshop\Home\Home\Controller\SmallCatController.class.php 第 124 行.
NOTIC: [8] Undefined variable: str D:\phpstudy\WWW\vmallshop\Home\Home\Controller\SmallCatController.class.php 第 125 行.
INFO: [ app_end ] --START--
INFO: Run Behavior\ShowPageTraceBehavior [ RunTime:0.000000s ]
INFO: [ app_end ] --END-- [ RunTime:0.001000s ]

[ 2017-07-07T10:53:53+08:00 ] ::1 /vmallshop/index.php/Home/Category/index.html
INFO: [ app_begin ] --START--
INFO: Run Behavior\ReadHtmlCacheBehavior [ RunTime:0.000000s ]
INFO: [ app_begin ] --END-- [ RunTime:0.001000s ]
SQL: DESCRIBE vmall_category [ RunTime:0.012001s ]
SQL: SELECT * FROM `vmall_category` WHERE `category_pid` = 0 ORDER BY category_id  [ RunTime:0.001000s ]
SQL: SELECT * FROM `vmall_category` WHERE `category_path` LIKE '0-10'  [ RunTime:0.001000s ]
SQL: SELECT * FROM `vmall_category` WHERE `category_path` LIKE '0-16'  [ RunTime:0.000000s ]
SQL: SELECT * FROM `vmall_category` WHERE `category_path` LIKE '0-20'  [ RunTime:0.001000s ]
SQL: SELECT * FROM `vmall_category` WHERE `category_path` LIKE '0-23'  [ RunTime:0.001000s ]
SQL: SELECT * FROM `vmall_category` WHERE `category_path` LIKE '0-26'  [ RunTime:0.000000s ]
SQL: SELECT * FROM `vmall_category` WHERE `category_path` LIKE '0-30'  [ RunTime:0.000000s ]
SQL: SELECT * FROM `vmall_category` WHERE `category_path` LIKE '0-33'  [ RunTime:0.001000s ]
SQL: SELECT * FROM `vmall_category` WHERE `category_path` LIKE '0-34'  [ RunTime:0.000000s ]
SQL: SELECT * FROM `vmall_category` WHERE `category_path` LIKE '0-35'  [ RunTime:0.000000s ]
SQL: SELECT * FROM `vmall_category` WHERE `category_path` LIKE '0-37'  [ RunTime:0.001000s ]
NOTIC: [2] Invalid argument supplied for foreach() D:\phpstudy\WWW\vmallshop\Home\Home\Controller\CategoryController.class.php 第 19 行.
NOTIC: [2] Invalid argument supplied for foreach() D:\phpstudy\WWW\vmallshop\Home\Home\Controller\CategoryController.class.php 第 19 行.
INFO: [ app_end ] --START--
INFO: Run Behavior\ShowPageTraceBehavior [ RunTime:0.001000s ]
INFO: [ app_end ] --END-- [ RunTime:0.001000s ]

[ 2017-07-07T10:54:39+08:00 ] ::1 /vmallshop/index.php/Home/Login/checkLogin.html
INFO: [ app_begin ] --START--
INFO: Run Behavior\ReadHtmlCacheBehavior [ RunTime:0.000000s ]
INFO: [ app_begin ] --END-- [ RunTime:0.001000s ]
SQL: DESCRIBE vmall_user [ RunTime:0.008000s ]
SQL: SELECT `user_score` FROM `vmall_user` WHERE `user_id` = 30  [ RunTime:0.000000s ]
INFO: [ app_end ] --START--
INFO: Run Behavior\ShowPageTraceBehavior [ RunTime:0.000000s ]
INFO: [ app_end ] --END-- [ RunTime:0.001000s ]

[ 2017-07-07T10:54:40+08:00 ] ::1 /vmallshop/index.php/Home/SmallCat/myShop.html
INFO: [ app_begin ] --START--
INFO: Run Behavior\ReadHtmlCacheBehavior [ RunTime:0.001000s ]
INFO: [ app_begin ] --END-- [ RunTime:0.001000s ]
SQL: DESCRIBE vmall_user [ RunTime:0.011001s ]
SQL: SELECT `user_score` FROM `vmall_user` WHERE `user_id` = 30  [ RunTime:0.000000s ]
SQL: DESCRIBE vmall_order [ RunTime:0.010000s ]
SQL: SELECT COUNT(*) AS tp_count FROM `vmall_order` WHERE `user_id` = 30 AND `order_state` = '未付款' LIMIT 1   [ RunTime:0.001000s ]
SQL: SELECT COUNT(*) AS tp_count FROM `vmall_order` WHERE `user_id` = 30 AND `order_state` = '未评论' LIMIT 1   [ RunTime:0.001000s ]
INFO: [ app_end ] --START--
INFO: Run Behavior\ShowPageTraceBehavior [ RunTime:0.001001s ]
INFO: [ app_end ] --END-- [ RunTime:0.001001s ]

[ 2017-07-07T10:54:41+08:00 ] ::1 /vmallshop/index.php/Home/Advice/makeCategory.html
INFO: [ app_begin ] --START--
INFO: Run Behavior\ReadHtmlCacheBehavior [ RunTime:0.001000s ]
INFO: [ app_begin ] --END-- [ RunTime:0.001000s ]
SQL: DESCRIBE vmall_advice_category [ RunTime:0.011000s ]
SQL: SELECT * FROM `vmall_advice_category`  [ RunTime:0.000000s ]
INFO: [ app_end ] --START--
INFO: Run Behavior\ShowPageTraceBehavior [ RunTime:0.000000s ]
INFO: [ app_end ] --END-- [ RunTime:0.001000s ]

[ 2017-07-07T10:54:41+08:00 ] ::1 /vmallshop/index.php/Home/SmallCat/myGoods.html
INFO: [ app_begin ] --START--
INFO: Run Behavior\ReadHtmlCacheBehavior [ RunTime:0.000000s ]
INFO: [ app_begin ] --END-- [ RunTime:0.001000s ]
NOTIC: [8] Undefined variable: cat_total_num D:\phpstudy\WWW\vmallshop\Home\Home\Controller\SmallCatController.class.php 第 124 行.
NOTIC: [8] Undefined variable: cat_total_price D:\phpstudy\WWW\vmallshop\Home\Home\Controller\SmallCatController.class.php 第 124 行.
NOTIC: [8] Undefined variable: str D:\phpstudy\WWW\vmallshop\Home\Home\Controller\SmallCatController.class.php 第 125 行.
INFO: [ app_end ] --START--
INFO: Run Behavior\ShowPageTraceBehavior [ RunTime:0.001000s ]
INFO: [ app_end ] --END-- [ RunTime:0.001000s ]

[ 2017-07-07T10:54:42+08:00 ] ::1 /vmallshop/index.php/Home/Category/index.html
INFO: [ app_begin ] --START--
INFO: Run Behavior\ReadHtmlCacheBehavior [ RunTime:0.002000s ]
INFO: [ app_begin ] --END-- [ RunTime:0.004000s ]
SQL: DESCRIBE vmall_category [ RunTime:0.010000s ]
SQL: SELECT * FROM `vmall_category` WHERE `category_pid` = 0 ORDER BY category_id  [ RunTime:0.000000s ]
SQL: SELECT * FROM `vmall_category` WHERE `category_path` LIKE '0-10'  [ RunTime:0.000000s ]
SQL: SELECT * FROM `vmall_category` WHERE `category_path` LIKE '0-16'  [ RunTime:0.001000s ]
SQL: SELECT * FROM `vmall_category` WHERE `category_path` LIKE '0-20'  [ RunTime:0.001000s ]
SQL: SELECT * FROM `vmall_category` WHERE `category_path` LIKE '0-23'  [ RunTime:0.000000s ]
SQL: SELECT * FROM `vmall_category` WHERE `category_path` LIKE '0-26'  [ RunTime:0.000000s ]
SQL: SELECT * FROM `vmall_category` WHERE `category_path` LIKE '0-30'  [ RunTime:0.001000s ]
SQL: SELECT * FROM `vmall_category` WHERE `category_path` LIKE '0-33'  [ RunTime:0.000000s ]
SQL: SELECT * FROM `vmall_category` WHERE `category_path` LIKE '0-34'  [ RunTime:0.000000s ]
SQL: SELECT * FROM `vmall_category` WHERE `category_path` LIKE '0-35'  [ RunTime:0.001000s ]
SQL: SELECT * FROM `vmall_category` WHERE `category_path` LIKE '0-37'  [ RunTime:0.000000s ]
NOTIC: [2] Invalid argument supplied for foreach() D:\phpstudy\WWW\vmallshop\Home\Home\Controller\CategoryController.class.php 第 19 行.
NOTIC: [2] Invalid argument supplied for foreach() D:\phpstudy\WWW\vmallshop\Home\Home\Controller\CategoryController.class.php 第 19 行.
INFO: [ app_end ] --START--
INFO: Run Behavior\ShowPageTraceBehavior [ RunTime:0.001000s ]
INFO: [ app_end ] --END-- [ RunTime:0.001000s ]

[ 2017-07-07T10:54:53+08:00 ] ::1 /vmallshop/index.php/Home/Login/checkLogin.html
INFO: [ app_begin ] --START--
INFO: Run Behavior\ReadHtmlCacheBehavior [ RunTime:0.000000s ]
INFO: [ app_begin ] --END-- [ RunTime:0.001000s ]
SQL: DESCRIBE vmall_user [ RunTime:0.012001s ]
SQL: SELECT `user_score` FROM `vmall_user` WHERE `user_id` = 30  [ RunTime:0.001000s ]
INFO: [ app_end ] --START--
INFO: Run Behavior\ShowPageTraceBehavior [ RunTime:0.001000s ]
INFO: [ app_end ] --END-- [ RunTime:0.001000s ]

[ 2017-07-07T10:54:54+08:00 ] ::1 /vmallshop/index.php/Home/SmallCat/myShop.html
INFO: [ app_begin ] --START--
INFO: Run Behavior\ReadHtmlCacheBehavior [ RunTime:0.001000s ]
INFO: [ app_begin ] --END-- [ RunTime:0.002000s ]
SQL: DESCRIBE vmall_user [ RunTime:0.011000s ]
SQL: SELECT `user_score` FROM `vmall_user` WHERE `user_id` = 30  [ RunTime:0.000000s ]
SQL: DESCRIBE vmall_order [ RunTime:0.011001s ]
SQL: SELECT COUNT(*) AS tp_count FROM `vmall_order` WHERE `user_id` = 30 AND `order_state` = '未付款' LIMIT 1   [ RunTime:0.001000s ]
SQL: SELECT COUNT(*) AS tp_count FROM `vmall_order` WHERE `user_id` = 30 AND `order_state` = '未评论' LIMIT 1   [ RunTime:0.001000s ]
INFO: [ app_end ] --START--
INFO: Run Behavior\ShowPageTraceBehavior [ RunTime:0.001000s ]
INFO: [ app_end ] --END-- [ RunTime:0.001000s ]

[ 2017-07-07T10:54:54+08:00 ] ::1 /vmallshop/index.php/Home/SmallCat/myGoods.html
INFO: [ app_begin ] --START--
INFO: Run Behavior\ReadHtmlCacheBehavior [ RunTime:0.001000s ]
INFO: [ app_begin ] --END-- [ RunTime:0.001000s ]
NOTIC: [8] Undefined variable: cat_total_num D:\phpstudy\WWW\vmallshop\Home\Home\Controller\SmallCatController.class.php 第 124 行.
NOTIC: [8] Undefined variable: cat_total_price D:\phpstudy\WWW\vmallshop\Home\Home\Controller\SmallCatController.class.php 第 124 行.
NOTIC: [8] Undefined variable: str D:\phpstudy\WWW\vmallshop\Home\Home\Controller\SmallCatController.class.php 第 125 行.
INFO: [ app_end ] --START--
INFO: Run Behavior\ShowPageTraceBehavior [ RunTime:0.001000s ]
INFO: [ app_end ] --END-- [ RunTime:0.001000s ]

[ 2017-07-07T10:54:55+08:00 ] ::1 /vmallshop/index.php/Home/Category/index.html
INFO: [ app_begin ] --START--
INFO: Run Behavior\ReadHtmlCacheBehavior [ RunTime:0.001000s ]
INFO: [ app_begin ] --END-- [ RunTime:0.001000s ]
SQL: DESCRIBE vmall_category [ RunTime:0.010000s ]
SQL: SELECT * FROM `vmall_category` WHERE `category_pid` = 0 ORDER BY category_id  [ RunTime:0.000000s ]
SQL: SELECT * FROM `vmall_category` WHERE `category_path` LIKE '0-10'  [ RunTime:0.000000s ]
SQL: SELECT * FROM `vmall_category` WHERE `category_path` LIKE '0-16'  [ RunTime:0.001000s ]
SQL: SELECT * FROM `vmall_category` WHERE `category_path` LIKE '0-20'  [ RunTime:0.001000s ]
SQL: SELECT * FROM `vmall_category` WHERE `category_path` LIKE '0-23'  [ RunTime:0.000000s ]
SQL: SELECT * FROM `vmall_category` WHERE `category_path` LIKE '0-26'  [ RunTime:0.001000s ]
SQL: SELECT * FROM `vmall_category` WHERE `category_path` LIKE '0-30'  [ RunTime:0.001001s ]
SQL: SELECT * FROM `vmall_category` WHERE `category_path` LIKE '0-33'  [ RunTime:0.000000s ]
SQL: SELECT * FROM `vmall_category` WHERE `category_path` LIKE '0-34'  [ RunTime:0.000000s ]
SQL: SELECT * FROM `vmall_category` WHERE `category_path` LIKE '0-35'  [ RunTime:0.001000s ]
SQL: SELECT * FROM `vmall_category` WHERE `category_path` LIKE '0-37'  [ RunTime:0.000000s ]
NOTIC: [2] Invalid argument supplied for foreach() D:\phpstudy\WWW\vmallshop\Home\Home\Controller\CategoryController.class.php 第 19 行.
NOTIC: [2] Invalid argument supplied for foreach() D:\phpstudy\WWW\vmallshop\Home\Home\Controller\CategoryController.class.php 第 19 行.
INFO: [ app_end ] --START--
INFO: Run Behavior\ShowPageTraceBehavior [ RunTime:0.001000s ]
INFO: [ app_end ] --END-- [ RunTime:0.001000s ]

[ 2017-07-07T10:54:56+08:00 ] ::1 /vmallshop/index.php/Home/Advice/makeCategory.html
INFO: [ app_begin ] --START--
INFO: Run Behavior\ReadHtmlCacheBehavior [ RunTime:0.001000s ]
INFO: [ app_begin ] --END-- [ RunTime:0.002000s ]
SQL: DESCRIBE vmall_advice_category [ RunTime:0.012001s ]
SQL: SELECT * FROM `vmall_advice_category`  [ RunTime:0.000000s ]
INFO: [ app_end ] --START--
INFO: Run Behavior\ShowPageTraceBehavior [ RunTime:0.001000s ]
INFO: [ app_end ] --END-- [ RunTime:0.001000s ]

[ 2017-07-07T16:57:20+08:00 ] ::1 /vmallshop/index.php/Home/SmallCat/myShop.html
INFO: [ app_begin ] --START--
INFO: Run Behavior\ReadHtmlCacheBehavior [ RunTime:0.001000s ]
INFO: [ app_begin ] --END-- [ RunTime:0.001000s ]
NOTIC: [8] Undefined variable: user_name D:\phpstudy\WWW\vmallshop\Home\Home\Controller\SmallCatController.class.php 第 47 行.
NOTIC: [8] Undefined variable: user_level D:\phpstudy\WWW\vmallshop\Home\Home\Controller\SmallCatController.class.php 第 48 行.
NOTIC: [8] Undefined variable: unpay_count D:\phpstudy\WWW\vmallshop\Home\Home\Controller\SmallCatController.class.php 第 49 行.
NOTIC: [8] Undefined variable: uncomment_count D:\phpstudy\WWW\vmallshop\Home\Home\Controller\SmallCatController.class.php 第 50 行.
INFO: [ app_end ] --START--
INFO: Run Behavior\ShowPageTraceBehavior [ RunTime:0.001000s ]
INFO: [ app_end ] --END-- [ RunTime:0.001000s ]

[ 2017-07-07T16:57:22+08:00 ] ::1 /vmallshop/index.php/Home/Advice/makeCategory.html
INFO: [ app_begin ] --START--
INFO: Run Behavior\ReadHtmlCacheBehavior [ RunTime:0.001000s ]
INFO: [ app_begin ] --END-- [ RunTime:0.002000s ]
SQL: DESCRIBE vmall_advice_category [ RunTime:0.005000s ]
SQL: SELECT * FROM `vmall_advice_category`  [ RunTime:0.001000s ]
INFO: [ app_end ] --START--
INFO: Run Behavior\ShowPageTraceBehavior [ RunTime:0.001000s ]
INFO: [ app_end ] --END-- [ RunTime:0.001000s ]

[ 2017-07-07T16:57:22+08:00 ] ::1 /vmallshop/index.php/Home/Login/checkLogin.html
INFO: [ app_begin ] --START--
INFO: Run Behavior\ReadHtmlCacheBehavior [ RunTime:0.001000s ]
INFO: [ app_begin ] --END-- [ RunTime:0.002000s ]
NOTIC: [8] Undefined variable: user_name D:\phpstudy\WWW\vmallshop\Home\Home\Controller\LoginController.class.php 第 196 行.
NOTIC: [8] Undefined variable: user_level D:\phpstudy\WWW\vmallshop\Home\Home\Controller\LoginController.class.php 第 197 行.
INFO: [ app_end ] --START--
INFO: Run Behavior\ShowPageTraceBehavior [ RunTime:0.001000s ]
INFO: [ app_end ] --END-- [ RunTime:0.001000s ]

[ 2017-07-07T16:57:22+08:00 ] ::1 /vmallshop/index.php/Home/SmallCat/myGoods.html
INFO: [ app_begin ] --START--
INFO: Run Behavior\ReadHtmlCacheBehavior [ RunTime:0.001000s ]
INFO: [ app_begin ] --END-- [ RunTime:0.002000s ]
NOTIC: [8] Undefined variable: cat_total_num D:\phpstudy\WWW\vmallshop\Home\Home\Controller\SmallCatController.class.php 第 124 行.
NOTIC: [8] Undefined variable: cat_total_price D:\phpstudy\WWW\vmallshop\Home\Home\Controller\SmallCatController.class.php 第 124 行.
NOTIC: [8] Undefined variable: str D:\phpstudy\WWW\vmallshop\Home\Home\Controller\SmallCatController.class.php 第 125 行.
INFO: [ app_end ] --START--
INFO: Run Behavior\ShowPageTraceBehavior [ RunTime:0.001000s ]
INFO: [ app_end ] --END-- [ RunTime:0.001000s ]

[ 2017-07-07T16:57:23+08:00 ] ::1 /vmallshop/index.php/Home/Category/index.html
INFO: [ app_begin ] --START--
INFO: Run Behavior\ReadHtmlCacheBehavior [ RunTime:0.000000s ]
INFO: [ app_begin ] --END-- [ RunTime:0.001000s ]
SQL: DESCRIBE vmall_category [ RunTime:0.005001s ]
SQL: SELECT * FROM `vmall_category` WHERE `category_pid` = 0 ORDER BY category_id  [ RunTime:0.000000s ]
SQL: SELECT * FROM `vmall_category` WHERE `category_path` LIKE '0-10'  [ RunTime:0.000000s ]
SQL: SELECT * FROM `vmall_category` WHERE `category_path` LIKE '0-16'  [ RunTime:0.001000s ]
SQL: SELECT * FROM `vmall_category` WHERE `category_path` LIKE '0-20'  [ RunTime:0.001000s ]
SQL: SELECT * FROM `vmall_category` WHERE `category_path` LIKE '0-23'  [ RunTime:0.000000s ]
SQL: SELECT * FROM `vmall_category` WHERE `category_path` LIKE '0-26'  [ RunTime:0.001000s ]
SQL: SELECT * FROM `vmall_category` WHERE `category_path` LIKE '0-30'  [ RunTime:0.001000s ]
SQL: SELECT * FROM `vmall_category` WHERE `category_path` LIKE '0-33'  [ RunTime:0.000000s ]
SQL: SELECT * FROM `vmall_category` WHERE `category_path` LIKE '0-34'  [ RunTime:0.000000s ]
SQL: SELECT * FROM `vmall_category` WHERE `category_path` LIKE '0-35'  [ RunTime:0.001000s ]
SQL: SELECT * FROM `vmall_category` WHERE `category_path` LIKE '0-37'  [ RunTime:0.001000s ]
NOTIC: [2] Invalid argument supplied for foreach() D:\phpstudy\WWW\vmallshop\Home\Home\Controller\CategoryController.class.php 第 19 行.
NOTIC: [2] Invalid argument supplied for foreach() D:\phpstudy\WWW\vmallshop\Home\Home\Controller\CategoryController.class.php 第 19 行.
INFO: [ app_end ] --START--
INFO: Run Behavior\ShowPageTraceBehavior [ RunTime:0.001000s ]
INFO: [ app_end ] --END-- [ RunTime:0.001000s ]

