[ 2017-07-10T18:24:04+08:00 ] ::1 /vmallshop/index.php/Home/SmallCat/myShop.html
INFO: [ app_begin ] --START--
INFO: Run Behavior\ReadHtmlCacheBehavior [ RunTime:0.001000s ]
INFO: [ app_begin ] --END-- [ RunTime:0.002000s ]
NOTIC: [8] Undefined variable: user_name D:\phpstudy\WWW\vmallshop\Home\Home\Controller\SmallCatController.class.php 第 47 行.
NOTIC: [8] Undefined variable: user_level D:\phpstudy\WWW\vmallshop\Home\Home\Controller\SmallCatController.class.php 第 48 行.
NOTIC: [8] Undefined variable: unpay_count D:\phpstudy\WWW\vmallshop\Home\Home\Controller\SmallCatController.class.php 第 49 行.
NOTIC: [8] Undefined variable: uncomment_count D:\phpstudy\WWW\vmallshop\Home\Home\Controller\SmallCatController.class.php 第 50 行.
INFO: [ app_end ] --START--
INFO: Run Behavior\ShowPageTraceBehavior [ RunTime:0.001000s ]
INFO: [ app_end ] --END-- [ RunTime:0.001000s ]

[ 2017-07-10T18:24:06+08:00 ] ::1 /vmallshop/index.php/Home/Advice/makeCategory.html
INFO: [ app_begin ] --START--
INFO: Run Behavior\ReadHtmlCacheBehavior [ RunTime:0.073004s ]
INFO: [ app_begin ] --END-- [ RunTime:0.074004s ]
SQL: DESCRIBE vmall_advice_category [ RunTime:0.074004s ]
SQL: SELECT * FROM `vmall_advice_category`  [ RunTime:0.000000s ]
INFO: [ app_end ] --START--
INFO: Run Behavior\ShowPageTraceBehavior [ RunTime:0.001000s ]
INFO: [ app_end ] --END-- [ RunTime:0.001000s ]

[ 2017-07-10T18:24:06+08:00 ] ::1 /vmallshop/index.php/Home/SmallCat/myGoods.html
INFO: [ app_begin ] --START--
INFO: Run Behavior\ReadHtmlCacheBehavior [ RunTime:0.000000s ]
INFO: [ app_begin ] --END-- [ RunTime:0.001001s ]
NOTIC: [8] Undefined variable: cat_total_num D:\phpstudy\WWW\vmallshop\Home\Home\Controller\SmallCatController.class.php 第 124 行.
NOTIC: [8] Undefined variable: cat_total_price D:\phpstudy\WWW\vmallshop\Home\Home\Controller\SmallCatController.class.php 第 124 行.
NOTIC: [8] Undefined variable: str D:\phpstudy\WWW\vmallshop\Home\Home\Controller\SmallCatController.class.php 第 125 行.
INFO: [ app_end ] --START--
INFO: Run Behavior\ShowPageTraceBehavior [ RunTime:0.001001s ]
INFO: [ app_end ] --END-- [ RunTime:0.001001s ]

[ 2017-07-10T18:24:07+08:00 ] ::1 /vmallshop/index.php/Home/Category/index.html
INFO: [ app_begin ] --START--
INFO: Run Behavior\ReadHtmlCacheBehavior [ RunTime:0.001000s ]
INFO: [ app_begin ] --END-- [ RunTime:0.001000s ]
SQL: DESCRIBE vmall_category [ RunTime:0.045003s ]
SQL: SELECT * FROM `vmall_category` WHERE `category_pid` = 0 ORDER BY category_id  [ RunTime:0.000000s ]
SQL: SELECT * FROM `vmall_category` WHERE `category_path` LIKE '0-10'  [ RunTime:0.002000s ]
SQL: SELECT * FROM `vmall_category` WHERE `category_path` LIKE '0-16'  [ RunTime:0.000000s ]
SQL: SELECT * FROM `vmall_category` WHERE `category_path` LIKE '0-20'  [ RunTime:0.000000s ]
SQL: SELECT * FROM `vmall_category` WHERE `category_path` LIKE '0-23'  [ RunTime:0.001000s ]
SQL: SELECT * FROM `vmall_category` WHERE `category_path` LIKE '0-26'  [ RunTime:0.000000s ]
SQL: SELECT * FROM `vmall_category` WHERE `category_path` LIKE '0-30'  [ RunTime:0.000000s ]
SQL: SELECT * FROM `vmall_category` WHERE `category_path` LIKE '0-33'  [ RunTime:0.004000s ]
SQL: SELECT * FROM `vmall_category` WHERE `category_path` LIKE '0-34'  [ RunTime:0.000000s ]
SQL: SELECT * FROM `vmall_category` WHERE `category_path` LIKE '0-35'  [ RunTime:0.000000s ]
SQL: SELECT * FROM `vmall_category` WHERE `category_path` LIKE '0-37'  [ RunTime:0.001000s ]
NOTIC: [2] Invalid argument supplied for foreach() D:\phpstudy\WWW\vmallshop\Home\Home\Controller\CategoryController.class.php 第 19 行.
NOTIC: [2] Invalid argument supplied for foreach() D:\phpstudy\WWW\vmallshop\Home\Home\Controller\CategoryController.class.php 第 19 行.
INFO: [ app_end ] --START--
INFO: Run Behavior\ShowPageTraceBehavior [ RunTime:0.002000s ]
INFO: [ app_end ] --END-- [ RunTime:0.002000s ]

[ 2017-07-10T18:24:07+08:00 ] ::1 /vmallshop/index.php/Home/Login/checkLogin.html
INFO: [ app_begin ] --START--
INFO: Run Behavior\ReadHtmlCacheBehavior [ RunTime:0.001000s ]
INFO: [ app_begin ] --END-- [ RunTime:0.002000s ]
NOTIC: [8] Undefined variable: user_name D:\phpstudy\WWW\vmallshop\Home\Home\Controller\LoginController.class.php 第 196 行.
NOTIC: [8] Undefined variable: user_level D:\phpstudy\WWW\vmallshop\Home\Home\Controller\LoginController.class.php 第 197 行.
INFO: [ app_end ] --START--
INFO: Run Behavior\ShowPageTraceBehavior [ RunTime:0.001000s ]
INFO: [ app_end ] --END-- [ RunTime:0.001000s ]

[ 2017-07-10T18:24:29+08:00 ] ::1 /vmallshop/index.php/Home/Login/check_verify.html?code=wet5
INFO: [ app_begin ] --START--
INFO: Run Behavior\ReadHtmlCacheBehavior [ RunTime:0.001000s ]
INFO: [ app_begin ] --END-- [ RunTime:0.002000s ]
INFO: [ app_end ] --START--
INFO: Run Behavior\ShowPageTraceBehavior [ RunTime:0.001000s ]
INFO: [ app_end ] --END-- [ RunTime:0.001000s ]

[ 2017-07-10T18:24:30+08:00 ] ::1 /vmallshop/index.php/Home/Login/remoteLogin.html
INFO: [ app_begin ] --START--
INFO: Run Behavior\ReadHtmlCacheBehavior [ RunTime:0.001000s ]
INFO: [ app_begin ] --END-- [ RunTime:0.001000s ]
SQL: DESCRIBE vmall_user [ RunTime:0.038002s ]
SQL: SELECT * FROM `vmall_user` WHERE `user_name` = 'test003' AND `user_pwd` = 'e10adc3949ba59abbe56e057f20f883e'  [ RunTime:0.025001s ]
SQL: UPDATE `vmall_user` SET `user_last_time`=1499682270,`user_last_ip`=0 WHERE `user_id` = 27 [ RunTime:0.045003s ]
NOTIC: [8] Undefined index: info D:\phpstudy\WWW\vmallshop\ThinkPHP\Library\Think\Controller.class.php 第 216 行.
NOTIC: [8] Undefined index: navTabId D:\phpstudy\WWW\vmallshop\ThinkPHP\Library\Think\Controller.class.php 第 217 行.
NOTIC: [8] Undefined index: callbackType D:\phpstudy\WWW\vmallshop\ThinkPHP\Library\Think\Controller.class.php 第 218 行.
NOTIC: [8] Undefined index: forwardUrl D:\phpstudy\WWW\vmallshop\ThinkPHP\Library\Think\Controller.class.php 第 219 行.

[ 2017-07-10T18:24:34+08:00 ] ::1 /vmallshop/index.php/Home/Login/checkLogin.html
INFO: [ app_begin ] --START--
INFO: Run Behavior\ReadHtmlCacheBehavior [ RunTime:0.001000s ]
INFO: [ app_begin ] --END-- [ RunTime:0.002000s ]
SQL: DESCRIBE vmall_user [ RunTime:0.043003s ]
SQL: SELECT `user_score` FROM `vmall_user` WHERE `user_id` = 27  [ RunTime:0.000000s ]
INFO: [ app_end ] --START--
INFO: Run Behavior\ShowPageTraceBehavior [ RunTime:0.001000s ]
INFO: [ app_end ] --END-- [ RunTime:0.001000s ]

[ 2017-07-10T18:24:35+08:00 ] ::1 /vmallshop/index.php/Home/SmallCat/myShop.html
INFO: [ app_begin ] --START--
INFO: Run Behavior\ReadHtmlCacheBehavior [ RunTime:0.001000s ]
INFO: [ app_begin ] --END-- [ RunTime:0.002000s ]
SQL: DESCRIBE vmall_user [ RunTime:0.022002s ]
SQL: SELECT `user_score` FROM `vmall_user` WHERE `user_id` = 27  [ RunTime:0.000000s ]
SQL: DESCRIBE vmall_order [ RunTime:0.012000s ]
SQL: SELECT COUNT(*) AS tp_count FROM `vmall_order` WHERE `user_id` = 27 AND `order_state` = '未付款' LIMIT 1   [ RunTime:0.001000s ]
SQL: SELECT COUNT(*) AS tp_count FROM `vmall_order` WHERE `user_id` = 27 AND `order_state` = '未评论' LIMIT 1   [ RunTime:0.001000s ]
INFO: [ app_end ] --START--
INFO: Run Behavior\ShowPageTraceBehavior [ RunTime:0.001000s ]
INFO: [ app_end ] --END-- [ RunTime:0.001000s ]

[ 2017-07-10T18:24:35+08:00 ] ::1 /vmallshop/index.php/Home/SmallCat/myGoods.html
INFO: [ app_begin ] --START--
INFO: Run Behavior\ReadHtmlCacheBehavior [ RunTime:0.000000s ]
INFO: [ app_begin ] --END-- [ RunTime:0.001000s ]
NOTIC: [8] Undefined variable: cat_total_num D:\phpstudy\WWW\vmallshop\Home\Home\Controller\SmallCatController.class.php 第 124 行.
NOTIC: [8] Undefined variable: cat_total_price D:\phpstudy\WWW\vmallshop\Home\Home\Controller\SmallCatController.class.php 第 124 行.
NOTIC: [8] Undefined variable: str D:\phpstudy\WWW\vmallshop\Home\Home\Controller\SmallCatController.class.php 第 125 行.
INFO: [ app_end ] --START--
INFO: Run Behavior\ShowPageTraceBehavior [ RunTime:0.004001s ]
INFO: [ app_end ] --END-- [ RunTime:0.004001s ]

[ 2017-07-10T18:24:36+08:00 ] ::1 /vmallshop/index.php/Home/Category/index.html
INFO: [ app_begin ] --START--
INFO: Run Behavior\ReadHtmlCacheBehavior [ RunTime:0.001000s ]
INFO: [ app_begin ] --END-- [ RunTime:0.001000s ]
SQL: DESCRIBE vmall_category [ RunTime:0.043003s ]
SQL: SELECT * FROM `vmall_category` WHERE `category_pid` = 0 ORDER BY category_id  [ RunTime:0.001000s ]
SQL: SELECT * FROM `vmall_category` WHERE `category_path` LIKE '0-10'  [ RunTime:0.001000s ]
SQL: SELECT * FROM `vmall_category` WHERE `category_path` LIKE '0-16'  [ RunTime:0.001000s ]
SQL: SELECT * FROM `vmall_category` WHERE `category_path` LIKE '0-20'  [ RunTime:0.001000s ]
SQL: SELECT * FROM `vmall_category` WHERE `category_path` LIKE '0-23'  [ RunTime:0.001000s ]
SQL: SELECT * FROM `vmall_category` WHERE `category_path` LIKE '0-26'  [ RunTime:0.001000s ]
SQL: SELECT * FROM `vmall_category` WHERE `category_path` LIKE '0-30'  [ RunTime:0.000000s ]
SQL: SELECT * FROM `vmall_category` WHERE `category_path` LIKE '0-33'  [ RunTime:0.000000s ]
SQL: SELECT * FROM `vmall_category` WHERE `category_path` LIKE '0-34'  [ RunTime:0.001000s ]
SQL: SELECT * FROM `vmall_category` WHERE `category_path` LIKE '0-35'  [ RunTime:0.001000s ]
SQL: SELECT * FROM `vmall_category` WHERE `category_path` LIKE '0-37'  [ RunTime:0.001000s ]
NOTIC: [2] Invalid argument supplied for foreach() D:\phpstudy\WWW\vmallshop\Home\Home\Controller\CategoryController.class.php 第 19 行.
NOTIC: [2] Invalid argument supplied for foreach() D:\phpstudy\WWW\vmallshop\Home\Home\Controller\CategoryController.class.php 第 19 行.
INFO: [ app_end ] --START--
INFO: Run Behavior\ShowPageTraceBehavior [ RunTime:0.001000s ]
INFO: [ app_end ] --END-- [ RunTime:0.001000s ]

[ 2017-07-10T18:24:38+08:00 ] ::1 /vmallshop/index.php/Home/Advice/makeCategory.html
INFO: [ app_begin ] --START--
INFO: Run Behavior\ReadHtmlCacheBehavior [ RunTime:0.001000s ]
INFO: [ app_begin ] --END-- [ RunTime:0.001000s ]
SQL: DESCRIBE vmall_advice_category [ RunTime:0.040003s ]
SQL: SELECT * FROM `vmall_advice_category`  [ RunTime:0.000000s ]
INFO: [ app_end ] --START--
INFO: Run Behavior\ShowPageTraceBehavior [ RunTime:0.001000s ]
INFO: [ app_end ] --END-- [ RunTime:0.001000s ]

[ 2017-07-10T18:24:42+08:00 ] ::1 /vmallshop/index.php/Home/Login/checkLogin.html
INFO: [ app_begin ] --START--
INFO: Run Behavior\ReadHtmlCacheBehavior [ RunTime:0.001000s ]
INFO: [ app_begin ] --END-- [ RunTime:0.001000s ]
SQL: DESCRIBE vmall_user [ RunTime:0.020001s ]
SQL: SELECT `user_score` FROM `vmall_user` WHERE `user_id` = 27  [ RunTime:0.000000s ]
INFO: [ app_end ] --START--
INFO: Run Behavior\ShowPageTraceBehavior [ RunTime:0.002000s ]
INFO: [ app_end ] --END-- [ RunTime:0.002000s ]

[ 2017-07-10T18:24:43+08:00 ] ::1 /vmallshop/index.php/Home/Advice/makeCategory.html
INFO: [ app_begin ] --START--
INFO: Run Behavior\ReadHtmlCacheBehavior [ RunTime:0.001000s ]
INFO: [ app_begin ] --END-- [ RunTime:0.002001s ]
SQL: DESCRIBE vmall_advice_category [ RunTime:0.024001s ]
SQL: SELECT * FROM `vmall_advice_category`  [ RunTime:0.001000s ]
INFO: [ app_end ] --START--
INFO: Run Behavior\ShowPageTraceBehavior [ RunTime:0.001000s ]
INFO: [ app_end ] --END-- [ RunTime:0.001000s ]

[ 2017-07-10T18:24:43+08:00 ] ::1 /vmallshop/index.php/Home/SmallCat/myGoods.html
INFO: [ app_begin ] --START--
INFO: Run Behavior\ReadHtmlCacheBehavior [ RunTime:0.000000s ]
INFO: [ app_begin ] --END-- [ RunTime:0.001000s ]
NOTIC: [8] Undefined variable: cat_total_num D:\phpstudy\WWW\vmallshop\Home\Home\Controller\SmallCatController.class.php 第 124 行.
NOTIC: [8] Undefined variable: cat_total_price D:\phpstudy\WWW\vmallshop\Home\Home\Controller\SmallCatController.class.php 第 124 行.
NOTIC: [8] Undefined variable: str D:\phpstudy\WWW\vmallshop\Home\Home\Controller\SmallCatController.class.php 第 125 行.
INFO: [ app_end ] --START--
INFO: Run Behavior\ShowPageTraceBehavior [ RunTime:0.000000s ]
INFO: [ app_end ] --END-- [ RunTime:0.001000s ]

[ 2017-07-10T18:24:44+08:00 ] ::1 /vmallshop/index.php/Home/Category/index.html
INFO: [ app_begin ] --START--
INFO: Run Behavior\ReadHtmlCacheBehavior [ RunTime:0.001000s ]
INFO: [ app_begin ] --END-- [ RunTime:0.001000s ]
SQL: DESCRIBE vmall_category [ RunTime:0.043002s ]
SQL: SELECT * FROM `vmall_category` WHERE `category_pid` = 0 ORDER BY category_id  [ RunTime:0.000000s ]
SQL: SELECT * FROM `vmall_category` WHERE `category_path` LIKE '0-10'  [ RunTime:0.001000s ]
SQL: SELECT * FROM `vmall_category` WHERE `category_path` LIKE '0-16'  [ RunTime:0.001000s ]
SQL: SELECT * FROM `vmall_category` WHERE `category_path` LIKE '0-20'  [ RunTime:0.000000s ]
SQL: SELECT * FROM `vmall_category` WHERE `category_path` LIKE '0-23'  [ RunTime:0.001000s ]
SQL: SELECT * FROM `vmall_category` WHERE `category_path` LIKE '0-26'  [ RunTime:0.000000s ]
SQL: SELECT * FROM `vmall_category` WHERE `category_path` LIKE '0-30'  [ RunTime:0.000000s ]
SQL: SELECT * FROM `vmall_category` WHERE `category_path` LIKE '0-33'  [ RunTime:0.001000s ]
SQL: SELECT * FROM `vmall_category` WHERE `category_path` LIKE '0-34'  [ RunTime:0.001000s ]
SQL: SELECT * FROM `vmall_category` WHERE `category_path` LIKE '0-35'  [ RunTime:0.000000s ]
SQL: SELECT * FROM `vmall_category` WHERE `category_path` LIKE '0-37'  [ RunTime:0.001000s ]
NOTIC: [2] Invalid argument supplied for foreach() D:\phpstudy\WWW\vmallshop\Home\Home\Controller\CategoryController.class.php 第 19 行.
NOTIC: [2] Invalid argument supplied for foreach() D:\phpstudy\WWW\vmallshop\Home\Home\Controller\CategoryController.class.php 第 19 行.
INFO: [ app_end ] --START--
INFO: Run Behavior\ShowPageTraceBehavior [ RunTime:0.002000s ]
INFO: [ app_end ] --END-- [ RunTime:0.002000s ]

[ 2017-07-10T18:24:46+08:00 ] ::1 /vmallshop/index.php/Home/SmallCat/myShop.html
INFO: [ app_begin ] --START--
INFO: Run Behavior\ReadHtmlCacheBehavior [ RunTime:0.001000s ]
INFO: [ app_begin ] --END-- [ RunTime:0.002000s ]
SQL: DESCRIBE vmall_user [ RunTime:0.041003s ]
SQL: SELECT `user_score` FROM `vmall_user` WHERE `user_id` = 27  [ RunTime:0.001000s ]
SQL: DESCRIBE vmall_order [ RunTime:0.040002s ]
SQL: SELECT COUNT(*) AS tp_count FROM `vmall_order` WHERE `user_id` = 27 AND `order_state` = '未付款' LIMIT 1   [ RunTime:0.000000s ]
SQL: SELECT COUNT(*) AS tp_count FROM `vmall_order` WHERE `user_id` = 27 AND `order_state` = '未评论' LIMIT 1   [ RunTime:0.000000s ]
INFO: [ app_end ] --START--
INFO: Run Behavior\ShowPageTraceBehavior [ RunTime:0.001000s ]
INFO: [ app_end ] --END-- [ RunTime:0.002000s ]

[ 2017-07-10T18:24:55+08:00 ] ::1 /vmallshop/index.php/Home/SmallCat/myShop.html
INFO: [ app_begin ] --START--
INFO: Run Behavior\ReadHtmlCacheBehavior [ RunTime:0.002000s ]
INFO: [ app_begin ] --END-- [ RunTime:0.002000s ]
SQL: DESCRIBE vmall_user [ RunTime:0.033002s ]
SQL: SELECT `user_score` FROM `vmall_user` WHERE `user_id` = 27  [ RunTime:0.001000s ]
SQL: DESCRIBE vmall_order [ RunTime:0.031002s ]
SQL: SELECT COUNT(*) AS tp_count FROM `vmall_order` WHERE `user_id` = 27 AND `order_state` = '未付款' LIMIT 1   [ RunTime:0.001000s ]
SQL: SELECT COUNT(*) AS tp_count FROM `vmall_order` WHERE `user_id` = 27 AND `order_state` = '未评论' LIMIT 1   [ RunTime:0.001000s ]
INFO: [ app_end ] --START--
INFO: Run Behavior\ShowPageTraceBehavior [ RunTime:0.001000s ]
INFO: [ app_end ] --END-- [ RunTime:0.001000s ]

[ 2017-07-10T18:24:57+08:00 ] ::1 /vmallshop/index.php/Home/Login/checkLogin.html
INFO: [ app_begin ] --START--
INFO: Run Behavior\ReadHtmlCacheBehavior [ RunTime:0.001000s ]
INFO: [ app_begin ] --END-- [ RunTime:0.001000s ]
SQL: DESCRIBE vmall_user [ RunTime:0.036002s ]
SQL: SELECT `user_score` FROM `vmall_user` WHERE `user_id` = 27  [ RunTime:0.001000s ]
INFO: [ app_end ] --START--
INFO: Run Behavior\ShowPageTraceBehavior [ RunTime:0.001000s ]
INFO: [ app_end ] --END-- [ RunTime:0.001000s ]

[ 2017-07-10T18:24:57+08:00 ] ::1 /vmallshop/index.php/Home/SmallCat/myGoods.html
INFO: [ app_begin ] --START--
INFO: Run Behavior\ReadHtmlCacheBehavior [ RunTime:0.001000s ]
INFO: [ app_begin ] --END-- [ RunTime:0.001000s ]
NOTIC: [8] Undefined variable: cat_total_num D:\phpstudy\WWW\vmallshop\Home\Home\Controller\SmallCatController.class.php 第 124 行.
NOTIC: [8] Undefined variable: cat_total_price D:\phpstudy\WWW\vmallshop\Home\Home\Controller\SmallCatController.class.php 第 124 行.
NOTIC: [8] Undefined variable: str D:\phpstudy\WWW\vmallshop\Home\Home\Controller\SmallCatController.class.php 第 125 行.
INFO: [ app_end ] --START--
INFO: Run Behavior\ShowPageTraceBehavior [ RunTime:0.001000s ]
INFO: [ app_end ] --END-- [ RunTime:0.001000s ]

[ 2017-07-10T18:24:58+08:00 ] ::1 /vmallshop/index.php/Home/Category/index.html
INFO: [ app_begin ] --START--
INFO: Run Behavior\ReadHtmlCacheBehavior [ RunTime:0.001000s ]
INFO: [ app_begin ] --END-- [ RunTime:0.001000s ]
SQL: DESCRIBE vmall_category [ RunTime:0.041002s ]
SQL: SELECT * FROM `vmall_category` WHERE `category_pid` = 0 ORDER BY category_id  [ RunTime:0.000000s ]
SQL: SELECT * FROM `vmall_category` WHERE `category_path` LIKE '0-10'  [ RunTime:0.000000s ]
SQL: SELECT * FROM `vmall_category` WHERE `category_path` LIKE '0-16'  [ RunTime:0.001000s ]
SQL: SELECT * FROM `vmall_category` WHERE `category_path` LIKE '0-20'  [ RunTime:0.000000s ]
SQL: SELECT * FROM `vmall_category` WHERE `category_path` LIKE '0-23'  [ RunTime:0.000000s ]
SQL: SELECT * FROM `vmall_category` WHERE `category_path` LIKE '0-26'  [ RunTime:0.001000s ]
SQL: SELECT * FROM `vmall_category` WHERE `category_path` LIKE '0-30'  [ RunTime:0.001000s ]
SQL: SELECT * FROM `vmall_category` WHERE `category_path` LIKE '0-33'  [ RunTime:0.000000s ]
SQL: SELECT * FROM `vmall_category` WHERE `category_path` LIKE '0-34'  [ RunTime:0.001000s ]
SQL: SELECT * FROM `vmall_category` WHERE `category_path` LIKE '0-35'  [ RunTime:0.001000s ]
SQL: SELECT * FROM `vmall_category` WHERE `category_path` LIKE '0-37'  [ RunTime:0.000000s ]
NOTIC: [2] Invalid argument supplied for foreach() D:\phpstudy\WWW\vmallshop\Home\Home\Controller\CategoryController.class.php 第 19 行.
NOTIC: [2] Invalid argument supplied for foreach() D:\phpstudy\WWW\vmallshop\Home\Home\Controller\CategoryController.class.php 第 19 行.
INFO: [ app_end ] --START--
INFO: Run Behavior\ShowPageTraceBehavior [ RunTime:0.001000s ]
INFO: [ app_end ] --END-- [ RunTime:0.001000s ]

[ 2017-07-10T18:24:59+08:00 ] ::1 /vmallshop/index.php/Home/Advice/makeCategory.html
INFO: [ app_begin ] --START--
INFO: Run Behavior\ReadHtmlCacheBehavior [ RunTime:0.001000s ]
INFO: [ app_begin ] --END-- [ RunTime:0.002000s ]
SQL: DESCRIBE vmall_advice_category [ RunTime:0.041002s ]
SQL: SELECT * FROM `vmall_advice_category`  [ RunTime:0.001000s ]
INFO: [ app_end ] --START--
INFO: Run Behavior\ShowPageTraceBehavior [ RunTime:0.001000s ]
INFO: [ app_end ] --END-- [ RunTime:0.001000s ]

