[ 2017-07-17T09:11:51+08:00 ] ::1 /vmallshop/index.php/Home/SmallCat/myGoods.html
INFO: [ app_begin ] --START--
INFO: Run Behavior\ReadHtmlCacheBehavior [ RunTime:0.001000s ]
INFO: [ app_begin ] --END-- [ RunTime:0.001000s ]
SQL: DESCRIBE vmall_cart [ RunTime:0.041002s ]
SQL: SELECT * FROM `vmall_cart` WHERE `user_id` = 0  [ RunTime:0.001000s ]
NOTIC: [8] Undefined variable: cat_total_num D:\phpstudy\WWW\vmallshop\Home\Home\Controller\SmallCatController.class.php 第 137 行.
NOTIC: [8] Undefined variable: cat_total_price D:\phpstudy\WWW\vmallshop\Home\Home\Controller\SmallCatController.class.php 第 137 行.
NOTIC: [8] Undefined variable: str D:\phpstudy\WWW\vmallshop\Home\Home\Controller\SmallCatController.class.php 第 138 行.
INFO: [ app_end ] --START--
INFO: Run Behavior\ShowPageTraceBehavior [ RunTime:0.001001s ]
INFO: [ app_end ] --END-- [ RunTime:0.001001s ]

[ 2017-07-17T09:12:40+08:00 ] ::1 /vmallshop/index.php/Home/SmallCat/myGoods.html
INFO: [ app_begin ] --START--
INFO: Run Behavior\ReadHtmlCacheBehavior [ RunTime:0.000000s ]
INFO: [ app_begin ] --END-- [ RunTime:0.002000s ]
SQL: DESCRIBE vmall_cart [ RunTime:0.038002s ]
SQL: SELECT * FROM `vmall_cart` WHERE `user_id` = 0  [ RunTime:0.001000s ]
NOTIC: [8] Undefined variable: cat_total_num D:\phpstudy\WWW\vmallshop\Home\Home\Controller\SmallCatController.class.php 第 137 行.
NOTIC: [8] Undefined variable: cat_total_price D:\phpstudy\WWW\vmallshop\Home\Home\Controller\SmallCatController.class.php 第 137 行.
NOTIC: [8] Undefined variable: str D:\phpstudy\WWW\vmallshop\Home\Home\Controller\SmallCatController.class.php 第 138 行.
INFO: [ app_end ] --START--
INFO: Run Behavior\ShowPageTraceBehavior [ RunTime:0.001000s ]
INFO: [ app_end ] --END-- [ RunTime:0.001000s ]

[ 2017-07-17T09:12:45+08:00 ] ::1 /vmallshop/index.php/Home/SmallCat/myGoods.html
INFO: [ app_begin ] --START--
INFO: Run Behavior\ReadHtmlCacheBehavior [ RunTime:0.001000s ]
INFO: [ app_begin ] --END-- [ RunTime:0.002000s ]
SQL: DESCRIBE vmall_cart [ RunTime:0.041002s ]
SQL: SELECT * FROM `vmall_cart` WHERE `user_id` = 0  [ RunTime:0.001000s ]
NOTIC: [8] Undefined variable: cat_total_num D:\phpstudy\WWW\vmallshop\Home\Home\Controller\SmallCatController.class.php 第 137 行.
NOTIC: [8] Undefined variable: cat_total_price D:\phpstudy\WWW\vmallshop\Home\Home\Controller\SmallCatController.class.php 第 137 行.
NOTIC: [8] Undefined variable: str D:\phpstudy\WWW\vmallshop\Home\Home\Controller\SmallCatController.class.php 第 138 行.
INFO: [ app_end ] --START--
INFO: Run Behavior\ShowPageTraceBehavior [ RunTime:0.001000s ]
INFO: [ app_end ] --END-- [ RunTime:0.001000s ]

[ 2017-07-17T09:12:49+08:00 ] ::1 /vmallshop/index.php/Home/Login/remoteLogin.html
INFO: [ app_begin ] --START--
INFO: Run Behavior\ReadHtmlCacheBehavior [ RunTime:0.001000s ]
INFO: [ app_begin ] --END-- [ RunTime:0.001000s ]
SQL: DESCRIBE vmall_user [ RunTime:0.033002s ]
SQL: SELECT * FROM `vmall_user` WHERE `user_name` = 'admin' AND `user_pwd` = '21232f297a57a5a743894a0e4a801fc3'  [ RunTime:0.001000s ]
NOTIC: [8] Undefined index: info D:\phpstudy\WWW\vmallshop\ThinkPHP\Library\Think\Controller.class.php 第 216 行.
NOTIC: [8] Undefined index: navTabId D:\phpstudy\WWW\vmallshop\ThinkPHP\Library\Think\Controller.class.php 第 217 行.
NOTIC: [8] Undefined index: callbackType D:\phpstudy\WWW\vmallshop\ThinkPHP\Library\Think\Controller.class.php 第 218 行.
NOTIC: [8] Undefined index: forwardUrl D:\phpstudy\WWW\vmallshop\ThinkPHP\Library\Think\Controller.class.php 第 219 行.

[ 2017-07-17T09:13:02+08:00 ] ::1 /vmallshop/index.php/Home/Login/remoteLogin.html
INFO: [ app_begin ] --START--
INFO: Run Behavior\ReadHtmlCacheBehavior [ RunTime:0.001001s ]
INFO: [ app_begin ] --END-- [ RunTime:0.001001s ]
SQL: DESCRIBE vmall_user [ RunTime:0.042002s ]
SQL: SELECT * FROM `vmall_user` WHERE `user_name` = 'test001' AND `user_pwd` = 'e10adc3949ba59abbe56e057f20f883e'  [ RunTime:0.001000s ]
SQL: UPDATE `vmall_user` SET `user_last_time`=1500253982,`user_last_ip`=0 WHERE `user_id` = 24 [ RunTime:0.041002s ]
NOTIC: [8] Undefined index: info D:\phpstudy\WWW\vmallshop\ThinkPHP\Library\Think\Controller.class.php 第 216 行.
NOTIC: [8] Undefined index: navTabId D:\phpstudy\WWW\vmallshop\ThinkPHP\Library\Think\Controller.class.php 第 217 行.
NOTIC: [8] Undefined index: callbackType D:\phpstudy\WWW\vmallshop\ThinkPHP\Library\Think\Controller.class.php 第 218 行.
NOTIC: [8] Undefined index: forwardUrl D:\phpstudy\WWW\vmallshop\ThinkPHP\Library\Think\Controller.class.php 第 219 行.

[ 2017-07-17T09:13:05+08:00 ] ::1 /vmallshop/index.php/Home/SmallCat/myGoods.html
INFO: [ app_begin ] --START--
INFO: Run Behavior\ReadHtmlCacheBehavior [ RunTime:0.000000s ]
INFO: [ app_begin ] --END-- [ RunTime:0.001000s ]
SQL: DESCRIBE vmall_cart [ RunTime:0.032002s ]
SQL: SELECT * FROM `vmall_cart` WHERE `user_id` = 24  [ RunTime:0.000000s ]
NOTIC: [8] Undefined variable: cat_total_num D:\phpstudy\WWW\vmallshop\Home\Home\Controller\SmallCatController.class.php 第 137 行.
NOTIC: [8] Undefined variable: cat_total_price D:\phpstudy\WWW\vmallshop\Home\Home\Controller\SmallCatController.class.php 第 137 行.
NOTIC: [8] Undefined variable: str D:\phpstudy\WWW\vmallshop\Home\Home\Controller\SmallCatController.class.php 第 138 行.
INFO: [ app_end ] --START--
INFO: Run Behavior\ShowPageTraceBehavior [ RunTime:0.001000s ]
INFO: [ app_end ] --END-- [ RunTime:0.001000s ]

[ 2017-07-17T09:13:10+08:00 ] ::1 /vmallshop/index.php/Home/SmallCat/myShop.html
INFO: [ app_begin ] --START--
INFO: Run Behavior\ReadHtmlCacheBehavior [ RunTime:0.001000s ]
INFO: [ app_begin ] --END-- [ RunTime:0.002000s ]
SQL: DESCRIBE vmall_user [ RunTime:0.041003s ]
SQL: SELECT `user_score` FROM `vmall_user` WHERE `user_id` = 24  [ RunTime:0.000000s ]
SQL: DESCRIBE vmall_order [ RunTime:0.042002s ]
ERR: 错误的查询条件:[order_state=>未付款]

[ 2017-07-17T09:13:11+08:00 ] ::1 /vmallshop/index.php/Home/Login/checkLogin.html
INFO: [ app_begin ] --START--
INFO: Run Behavior\ReadHtmlCacheBehavior [ RunTime:0.000000s ]
INFO: [ app_begin ] --END-- [ RunTime:0.001000s ]
SQL: DESCRIBE vmall_user [ RunTime:0.032002s ]
SQL: SELECT `user_score` FROM `vmall_user` WHERE `user_id` = 24  [ RunTime:0.001000s ]
INFO: [ app_end ] --START--
INFO: Run Behavior\ShowPageTraceBehavior [ RunTime:0.001000s ]
INFO: [ app_end ] --END-- [ RunTime:0.001000s ]

[ 2017-07-17T09:13:12+08:00 ] ::1 /vmallshop/index.php/Home/Category/index.html
INFO: [ app_begin ] --START--
INFO: Run Behavior\ReadHtmlCacheBehavior [ RunTime:0.000000s ]
INFO: [ app_begin ] --END-- [ RunTime:0.001000s ]
SQL: DESCRIBE vmall_category [ RunTime:0.041003s ]
SQL: SELECT * FROM `vmall_category` WHERE `category_pid` = 0 ORDER BY category_id  [ RunTime:0.001000s ]
SQL: SELECT * FROM `vmall_category` WHERE `category_path` LIKE '0-10'  [ RunTime:0.001000s ]
SQL: SELECT * FROM `vmall_category` WHERE `category_path` LIKE '0-16'  [ RunTime:0.000000s ]
SQL: SELECT * FROM `vmall_category` WHERE `category_path` LIKE '0-20'  [ RunTime:0.000000s ]
SQL: SELECT * FROM `vmall_category` WHERE `category_path` LIKE '0-23'  [ RunTime:0.001000s ]
SQL: SELECT * FROM `vmall_category` WHERE `category_path` LIKE '0-26'  [ RunTime:0.001000s ]
SQL: SELECT * FROM `vmall_category` WHERE `category_path` LIKE '0-30'  [ RunTime:0.000000s ]
SQL: SELECT * FROM `vmall_category` WHERE `category_path` LIKE '0-33'  [ RunTime:0.000000s ]
SQL: SELECT * FROM `vmall_category` WHERE `category_path` LIKE '0-34'  [ RunTime:0.001000s ]
SQL: SELECT * FROM `vmall_category` WHERE `category_path` LIKE '0-35'  [ RunTime:0.000000s ]
SQL: SELECT * FROM `vmall_category` WHERE `category_path` LIKE '0-37'  [ RunTime:0.000000s ]
NOTIC: [2] Invalid argument supplied for foreach() D:\phpstudy\WWW\vmallshop\Home\Home\Controller\CategoryController.class.php 第 19 行.
NOTIC: [2] Invalid argument supplied for foreach() D:\phpstudy\WWW\vmallshop\Home\Home\Controller\CategoryController.class.php 第 19 行.
INFO: [ app_end ] --START--
INFO: Run Behavior\ShowPageTraceBehavior [ RunTime:0.000000s ]
INFO: [ app_end ] --END-- [ RunTime:0.000000s ]

[ 2017-07-17T09:13:13+08:00 ] ::1 /vmallshop/index.php/Home/SmallCat/myGoods.html
INFO: [ app_begin ] --START--
INFO: Run Behavior\ReadHtmlCacheBehavior [ RunTime:0.001000s ]
INFO: [ app_begin ] --END-- [ RunTime:0.001000s ]
SQL: DESCRIBE vmall_cart [ RunTime:0.038002s ]
SQL: SELECT * FROM `vmall_cart` WHERE `user_id` = 24  [ RunTime:0.000000s ]
NOTIC: [8] Undefined variable: cat_total_num D:\phpstudy\WWW\vmallshop\Home\Home\Controller\SmallCatController.class.php 第 137 行.
NOTIC: [8] Undefined variable: cat_total_price D:\phpstudy\WWW\vmallshop\Home\Home\Controller\SmallCatController.class.php 第 137 行.
NOTIC: [8] Undefined variable: str D:\phpstudy\WWW\vmallshop\Home\Home\Controller\SmallCatController.class.php 第 138 行.
INFO: [ app_end ] --START--
INFO: Run Behavior\ShowPageTraceBehavior [ RunTime:0.001001s ]
INFO: [ app_end ] --END-- [ RunTime:0.001001s ]

[ 2017-07-17T10:04:36+08:00 ] ::1 /vmallshop/index.php/Home/Login/checkLogin.html
INFO: [ app_begin ] --START--
INFO: Run Behavior\ReadHtmlCacheBehavior [ RunTime:0.001001s ]
INFO: [ app_begin ] --END-- [ RunTime:0.001001s ]
SQL: DESCRIBE vmall_user [ RunTime:0.039002s ]
SQL: SELECT `user_score` FROM `vmall_user` WHERE `user_id` = 24  [ RunTime:0.001000s ]
INFO: [ app_end ] --START--
INFO: Run Behavior\ShowPageTraceBehavior [ RunTime:0.001001s ]
INFO: [ app_end ] --END-- [ RunTime:0.001001s ]

[ 2017-07-17T10:04:37+08:00 ] ::1 /vmallshop/index.php/Home/SmallCat/myShop.html
INFO: [ app_begin ] --START--
INFO: Run Behavior\ReadHtmlCacheBehavior [ RunTime:0.001000s ]
INFO: [ app_begin ] --END-- [ RunTime:0.002000s ]
SQL: DESCRIBE vmall_user [ RunTime:0.042003s ]
SQL: SELECT `user_score` FROM `vmall_user` WHERE `user_id` = 24  [ RunTime:0.001000s ]
SQL: DESCRIBE vmall_order [ RunTime:0.035002s ]
ERR: 错误的查询条件:[order_state=>未付款]

[ 2017-07-17T10:04:38+08:00 ] ::1 /vmallshop/index.php/Home/SmallCat/myGoods.html
INFO: [ app_begin ] --START--
INFO: Run Behavior\ReadHtmlCacheBehavior [ RunTime:0.000000s ]
INFO: [ app_begin ] --END-- [ RunTime:0.002001s ]
SQL: DESCRIBE vmall_cart [ RunTime:0.042002s ]
SQL: SELECT * FROM `vmall_cart` WHERE `user_id` = 24  [ RunTime:0.001000s ]
NOTIC: [8] Undefined variable: cat_total_num D:\phpstudy\WWW\vmallshop\Home\Home\Controller\SmallCatController.class.php 第 137 行.
NOTIC: [8] Undefined variable: cat_total_price D:\phpstudy\WWW\vmallshop\Home\Home\Controller\SmallCatController.class.php 第 137 行.
NOTIC: [8] Undefined variable: str D:\phpstudy\WWW\vmallshop\Home\Home\Controller\SmallCatController.class.php 第 138 行.
INFO: [ app_end ] --START--
INFO: Run Behavior\ShowPageTraceBehavior [ RunTime:0.001000s ]
INFO: [ app_end ] --END-- [ RunTime:0.001000s ]

[ 2017-07-17T10:04:39+08:00 ] ::1 /vmallshop/index.php/Home/Category/index.html
INFO: [ app_begin ] --START--
INFO: Run Behavior\ReadHtmlCacheBehavior [ RunTime:0.000000s ]
INFO: [ app_begin ] --END-- [ RunTime:0.002000s ]
SQL: DESCRIBE vmall_category [ RunTime:0.042003s ]
SQL: SELECT * FROM `vmall_category` WHERE `category_pid` = 0 ORDER BY category_id  [ RunTime:0.000000s ]
SQL: SELECT * FROM `vmall_category` WHERE `category_path` LIKE '0-10'  [ RunTime:0.001000s ]
SQL: SELECT * FROM `vmall_category` WHERE `category_path` LIKE '0-16'  [ RunTime:0.000000s ]
SQL: SELECT * FROM `vmall_category` WHERE `category_path` LIKE '0-20'  [ RunTime:0.001000s ]
SQL: SELECT * FROM `vmall_category` WHERE `category_path` LIKE '0-23'  [ RunTime:0.001000s ]
SQL: SELECT * FROM `vmall_category` WHERE `category_path` LIKE '0-26'  [ RunTime:0.000000s ]
SQL: SELECT * FROM `vmall_category` WHERE `category_path` LIKE '0-30'  [ RunTime:0.000000s ]
SQL: SELECT * FROM `vmall_category` WHERE `category_path` LIKE '0-33'  [ RunTime:0.001000s ]
SQL: SELECT * FROM `vmall_category` WHERE `category_path` LIKE '0-34'  [ RunTime:0.000000s ]
SQL: SELECT * FROM `vmall_category` WHERE `category_path` LIKE '0-35'  [ RunTime:0.000000s ]
SQL: SELECT * FROM `vmall_category` WHERE `category_path` LIKE '0-37'  [ RunTime:0.001000s ]
NOTIC: [2] Invalid argument supplied for foreach() D:\phpstudy\WWW\vmallshop\Home\Home\Controller\CategoryController.class.php 第 19 行.
NOTIC: [2] Invalid argument supplied for foreach() D:\phpstudy\WWW\vmallshop\Home\Home\Controller\CategoryController.class.php 第 19 行.
INFO: [ app_end ] --START--
INFO: Run Behavior\ShowPageTraceBehavior [ RunTime:0.001000s ]
INFO: [ app_end ] --END-- [ RunTime:0.001000s ]

[ 2017-07-17T14:45:13+08:00 ] ::1 /vmallshop/index.php/Home/Stock/stock_num
INFO: [ app_begin ] --START--
INFO: Run Behavior\ReadHtmlCacheBehavior [ RunTime:0.001000s ]
INFO: [ app_begin ] --END-- [ RunTime:0.001000s ]
SQL: DESCRIBE vmall_category [ RunTime:0.011001s ]
SQL: SELECT * FROM `vmall_category` WHERE `category_type` = 1 LIMIT 9   [ RunTime:0.001000s ]
SQL: SELECT * FROM `vmall_category` WHERE `category_type` = 2  [ RunTime:0.001000s ]
SQL: DESCRIBE vmall_set [ RunTime:0.008000s ]
SQL: SELECT * FROM `vmall_set`  [ RunTime:0.001000s ]
SQL: DESCRIBE vmall_user [ RunTime:0.011001s ]
SQL: SELECT `customer_id` FROM `vmall_user` WHERE `user_id` = 24 LIMIT 1   [ RunTime:0.001000s ]
SQL: DESCRIBE vmall_stock [ RunTime:0.010001s ]
SQL: SELECT * FROM `vmall_stock` WHERE `goods_id` = 11 AND `user_id` = 24 AND `storehouse_id` = 3 LIMIT 1   [ RunTime:0.001000s ]
NOTIC: [8] Undefined index: info D:\phpstudy\WWW\vmallshop\ThinkPHP\Library\Think\Controller.class.php 第 216 行.
NOTIC: [8] Undefined index: navTabId D:\phpstudy\WWW\vmallshop\ThinkPHP\Library\Think\Controller.class.php 第 217 行.
NOTIC: [8] Undefined index: callbackType D:\phpstudy\WWW\vmallshop\ThinkPHP\Library\Think\Controller.class.php 第 218 行.
NOTIC: [8] Undefined index: forwardUrl D:\phpstudy\WWW\vmallshop\ThinkPHP\Library\Think\Controller.class.php 第 219 行.

[ 2017-07-17T14:45:15+08:00 ] ::1 /vmallshop/index.php/Home/Stock/stock_num
INFO: [ app_begin ] --START--
INFO: Run Behavior\ReadHtmlCacheBehavior [ RunTime:0.003000s ]
INFO: [ app_begin ] --END-- [ RunTime:0.003000s ]
SQL: DESCRIBE vmall_category [ RunTime:0.005000s ]
SQL: SELECT * FROM `vmall_category` WHERE `category_type` = 1 LIMIT 9   [ RunTime:0.000000s ]
SQL: SELECT * FROM `vmall_category` WHERE `category_type` = 2  [ RunTime:0.000000s ]
SQL: DESCRIBE vmall_set [ RunTime:0.009001s ]
SQL: SELECT * FROM `vmall_set`  [ RunTime:0.000000s ]
SQL: DESCRIBE vmall_user [ RunTime:0.010000s ]
SQL: SELECT `customer_id` FROM `vmall_user` WHERE `user_id` = 24 LIMIT 1   [ RunTime:0.000000s ]
SQL: DESCRIBE vmall_stock [ RunTime:0.011000s ]
SQL: SELECT * FROM `vmall_stock` WHERE `goods_id` = 12 AND `user_id` = 24 AND `storehouse_id` = 3 LIMIT 1   [ RunTime:0.001000s ]
NOTIC: [8] Undefined index: info D:\phpstudy\WWW\vmallshop\ThinkPHP\Library\Think\Controller.class.php 第 216 行.
NOTIC: [8] Undefined index: navTabId D:\phpstudy\WWW\vmallshop\ThinkPHP\Library\Think\Controller.class.php 第 217 行.
NOTIC: [8] Undefined index: callbackType D:\phpstudy\WWW\vmallshop\ThinkPHP\Library\Think\Controller.class.php 第 218 行.
NOTIC: [8] Undefined index: forwardUrl D:\phpstudy\WWW\vmallshop\ThinkPHP\Library\Think\Controller.class.php 第 219 行.

[ 2017-07-17T14:45:22+08:00 ] ::1 /vmallshop/index.php/Home/Stock/stock_num
INFO: [ app_begin ] --START--
INFO: Run Behavior\ReadHtmlCacheBehavior [ RunTime:0.000000s ]
INFO: [ app_begin ] --END-- [ RunTime:0.001000s ]
SQL: DESCRIBE vmall_category [ RunTime:0.007001s ]
SQL: SELECT * FROM `vmall_category` WHERE `category_type` = 1 LIMIT 9   [ RunTime:0.000000s ]
SQL: SELECT * FROM `vmall_category` WHERE `category_type` = 2  [ RunTime:0.000000s ]
SQL: DESCRIBE vmall_set [ RunTime:0.008000s ]
SQL: SELECT * FROM `vmall_set`  [ RunTime:0.001000s ]
SQL: DESCRIBE vmall_user [ RunTime:0.012001s ]
SQL: SELECT `customer_id` FROM `vmall_user` WHERE `user_id` = 24 LIMIT 1   [ RunTime:0.001000s ]
SQL: DESCRIBE vmall_stock [ RunTime:0.009001s ]
SQL: SELECT * FROM `vmall_stock` WHERE `goods_id` = 11 AND `user_id` = 24 AND `storehouse_id` = 3 LIMIT 1   [ RunTime:0.000000s ]
NOTIC: [8] Undefined index: info D:\phpstudy\WWW\vmallshop\ThinkPHP\Library\Think\Controller.class.php 第 216 行.
NOTIC: [8] Undefined index: navTabId D:\phpstudy\WWW\vmallshop\ThinkPHP\Library\Think\Controller.class.php 第 217 行.
NOTIC: [8] Undefined index: callbackType D:\phpstudy\WWW\vmallshop\ThinkPHP\Library\Think\Controller.class.php 第 218 行.
NOTIC: [8] Undefined index: forwardUrl D:\phpstudy\WWW\vmallshop\ThinkPHP\Library\Think\Controller.class.php 第 219 行.

[ 2017-07-17T14:45:23+08:00 ] ::1 /vmallshop/index.php/Home/Stock/stock_name
INFO: [ app_begin ] --START--
INFO: Run Behavior\ReadHtmlCacheBehavior [ RunTime:0.001000s ]
INFO: [ app_begin ] --END-- [ RunTime:0.001000s ]
SQL: DESCRIBE vmall_category [ RunTime:0.011000s ]
SQL: SELECT * FROM `vmall_category` WHERE `category_type` = 1 LIMIT 9   [ RunTime:0.001000s ]
SQL: SELECT * FROM `vmall_category` WHERE `category_type` = 2  [ RunTime:0.001000s ]
SQL: DESCRIBE vmall_set [ RunTime:0.011001s ]
SQL: SELECT * FROM `vmall_set`  [ RunTime:0.001000s ]
SQL: DESCRIBE vmall_user [ RunTime:0.009001s ]
SQL: SELECT `customer_id` FROM `vmall_user` WHERE `user_id` = 24 LIMIT 1   [ RunTime:0.000000s ]
SQL: DESCRIBE vmall_stock [ RunTime:0.009000s ]
SQL: SELECT * FROM `vmall_stock` WHERE `storehouse_id` = 3 AND `user_id` = 24  [ RunTime:0.000000s ]
SQL: DESCRIBE vmall_goods [ RunTime:0.013001s ]
SQL: SELECT `goods_id`,`goods_name` FROM `vmall_goods` WHERE `goods_id` IN ('22','11','3','12','11')  [ RunTime:0.001000s ]
NOTIC: [8] Undefined index: info D:\phpstudy\WWW\vmallshop\ThinkPHP\Library\Think\Controller.class.php 第 216 行.
NOTIC: [8] Undefined index: navTabId D:\phpstudy\WWW\vmallshop\ThinkPHP\Library\Think\Controller.class.php 第 217 行.
NOTIC: [8] Undefined index: callbackType D:\phpstudy\WWW\vmallshop\ThinkPHP\Library\Think\Controller.class.php 第 218 行.
NOTIC: [8] Undefined index: forwardUrl D:\phpstudy\WWW\vmallshop\ThinkPHP\Library\Think\Controller.class.php 第 219 行.

[ 2017-07-17T14:46:03+08:00 ] ::1 /vmallshop/index.php/Home/Stock/__CONTORLLER__/edit?stock_desc_id=48
ERR: 非法操作:__CONTORLLER__

[ 2017-07-17T15:43:20+08:00 ] ::1 /vmallshop/index.php/Home/SmallCat/myGoods.html
INFO: [ app_begin ] --START--
INFO: Run Behavior\ReadHtmlCacheBehavior [ RunTime:0.001000s ]
INFO: [ app_begin ] --END-- [ RunTime:0.002000s ]
SQL: DESCRIBE vmall_cart [ RunTime:0.115006s ]
SQL: SELECT * FROM `vmall_cart` WHERE `user_id` = 24  [ RunTime:0.064003s ]
NOTIC: [8] Undefined variable: cat_total_num D:\phpstudy\WWW\vmallshop\Home\Home\Controller\SmallCatController.class.php 第 137 行.
NOTIC: [8] Undefined variable: cat_total_price D:\phpstudy\WWW\vmallshop\Home\Home\Controller\SmallCatController.class.php 第 137 行.
NOTIC: [8] Undefined variable: str D:\phpstudy\WWW\vmallshop\Home\Home\Controller\SmallCatController.class.php 第 138 行.
INFO: [ app_end ] --START--
INFO: Run Behavior\ShowPageTraceBehavior [ RunTime:0.001000s ]
INFO: [ app_end ] --END-- [ RunTime:0.001000s ]

[ 2017-07-17T16:19:32+08:00 ] ::1 /vmallshop/index.php/Home/Stock/stock_num
INFO: [ app_begin ] --START--
INFO: Run Behavior\ReadHtmlCacheBehavior [ RunTime:0.001000s ]
INFO: [ app_begin ] --END-- [ RunTime:0.002000s ]
SQL: DESCRIBE vmall_category [ RunTime:0.037002s ]
SQL: SELECT * FROM `vmall_category` WHERE `category_type` = 1 LIMIT 9   [ RunTime:0.001000s ]
SQL: SELECT * FROM `vmall_category` WHERE `category_type` = 2  [ RunTime:0.000000s ]
SQL: DESCRIBE vmall_set [ RunTime:0.041002s ]
SQL: SELECT * FROM `vmall_set`  [ RunTime:0.001000s ]
SQL: DESCRIBE vmall_user [ RunTime:0.040003s ]
SQL: SELECT `customer_id` FROM `vmall_user` WHERE `user_id` = 24 LIMIT 1   [ RunTime:0.000000s ]
SQL: DESCRIBE vmall_stock [ RunTime:0.024001s ]
SQL: SELECT * FROM `vmall_stock` WHERE `goods_id` = 12 AND `user_id` = 24 AND `storehouse_id` = 3 LIMIT 1   [ RunTime:0.001000s ]
NOTIC: [8] Undefined index: info D:\phpstudy\WWW\vmallshop\ThinkPHP\Library\Think\Controller.class.php 第 216 行.
NOTIC: [8] Undefined index: navTabId D:\phpstudy\WWW\vmallshop\ThinkPHP\Library\Think\Controller.class.php 第 217 行.
NOTIC: [8] Undefined index: callbackType D:\phpstudy\WWW\vmallshop\ThinkPHP\Library\Think\Controller.class.php 第 218 行.
NOTIC: [8] Undefined index: forwardUrl D:\phpstudy\WWW\vmallshop\ThinkPHP\Library\Think\Controller.class.php 第 219 行.

[ 2017-07-17T16:19:35+08:00 ] ::1 /vmallshop/index.php/Home/Stock/stock_name
INFO: [ app_begin ] --START--
INFO: Run Behavior\ReadHtmlCacheBehavior [ RunTime:0.000000s ]
INFO: [ app_begin ] --END-- [ RunTime:0.001000s ]
SQL: DESCRIBE vmall_category [ RunTime:0.038003s ]
SQL: SELECT * FROM `vmall_category` WHERE `category_type` = 1 LIMIT 9   [ RunTime:0.000000s ]
SQL: SELECT * FROM `vmall_category` WHERE `category_type` = 2  [ RunTime:0.000000s ]
SQL: DESCRIBE vmall_set [ RunTime:0.039002s ]
SQL: SELECT * FROM `vmall_set`  [ RunTime:0.000000s ]
SQL: DESCRIBE vmall_user [ RunTime:0.043002s ]
SQL: SELECT `customer_id` FROM `vmall_user` WHERE `user_id` = 24 LIMIT 1   [ RunTime:0.000000s ]
SQL: DESCRIBE vmall_stock [ RunTime:0.040003s ]
SQL: SELECT * FROM `vmall_stock` WHERE `storehouse_id` = 3 AND `user_id` = 24  [ RunTime:0.000000s ]
SQL: DESCRIBE vmall_goods [ RunTime:0.043002s ]
SQL: SELECT `goods_id`,`goods_name` FROM `vmall_goods` WHERE `goods_id` IN ('22','11','3','12','11')  [ RunTime:0.001000s ]
NOTIC: [8] Undefined index: info D:\phpstudy\WWW\vmallshop\ThinkPHP\Library\Think\Controller.class.php 第 216 行.
NOTIC: [8] Undefined index: navTabId D:\phpstudy\WWW\vmallshop\ThinkPHP\Library\Think\Controller.class.php 第 217 行.
NOTIC: [8] Undefined index: callbackType D:\phpstudy\WWW\vmallshop\ThinkPHP\Library\Think\Controller.class.php 第 218 行.
NOTIC: [8] Undefined index: forwardUrl D:\phpstudy\WWW\vmallshop\ThinkPHP\Library\Think\Controller.class.php 第 219 行.

[ 2017-07-17T16:52:11+08:00 ] ::1 /vmallshop/index.php/Home/SmallCat/myGoods.html
INFO: [ app_begin ] --START--
INFO: Run Behavior\ReadHtmlCacheBehavior [ RunTime:0.002000s ]
INFO: [ app_begin ] --END-- [ RunTime:0.003000s ]
SQL: DESCRIBE vmall_cart [ RunTime:0.077005s ]
SQL: SELECT * FROM `vmall_cart` WHERE `user_id` = 24  [ RunTime:0.003000s ]
NOTIC: [8] Undefined variable: cat_total_num D:\phpstudy\WWW\vmallshop\Home\Home\Controller\SmallCatController.class.php 第 137 行.
NOTIC: [8] Undefined variable: cat_total_price D:\phpstudy\WWW\vmallshop\Home\Home\Controller\SmallCatController.class.php 第 137 行.
NOTIC: [8] Undefined variable: str D:\phpstudy\WWW\vmallshop\Home\Home\Controller\SmallCatController.class.php 第 138 行.
INFO: [ app_end ] --START--
INFO: Run Behavior\ShowPageTraceBehavior [ RunTime:0.001000s ]
INFO: [ app_end ] --END-- [ RunTime:0.001000s ]

[ 2017-07-17T16:52:17+08:00 ] ::1 /vmallshop/index.php/Home/Login/checkLogin.html
INFO: [ app_begin ] --START--
INFO: Run Behavior\ReadHtmlCacheBehavior [ RunTime:0.001000s ]
INFO: [ app_begin ] --END-- [ RunTime:0.001000s ]
SQL: DESCRIBE vmall_user [ RunTime:0.010001s ]
SQL: SELECT `user_score` FROM `vmall_user` WHERE `user_id` = 24  [ RunTime:0.000000s ]
INFO: [ app_end ] --START--
INFO: Run Behavior\ShowPageTraceBehavior [ RunTime:0.001000s ]
INFO: [ app_end ] --END-- [ RunTime:0.001000s ]

[ 2017-07-17T16:52:17+08:00 ] ::1 /vmallshop/index.php/Home/SmallCat/myGoods.html
INFO: [ app_begin ] --START--
INFO: Run Behavior\ReadHtmlCacheBehavior [ RunTime:0.001001s ]
INFO: [ app_begin ] --END-- [ RunTime:0.001001s ]
SQL: DESCRIBE vmall_cart [ RunTime:0.027001s ]
SQL: SELECT * FROM `vmall_cart` WHERE `user_id` = 24  [ RunTime:0.001000s ]
NOTIC: [8] Undefined variable: cat_total_num D:\phpstudy\WWW\vmallshop\Home\Home\Controller\SmallCatController.class.php 第 137 行.
NOTIC: [8] Undefined variable: cat_total_price D:\phpstudy\WWW\vmallshop\Home\Home\Controller\SmallCatController.class.php 第 137 行.
NOTIC: [8] Undefined variable: str D:\phpstudy\WWW\vmallshop\Home\Home\Controller\SmallCatController.class.php 第 138 行.
INFO: [ app_end ] --START--
INFO: Run Behavior\ShowPageTraceBehavior [ RunTime:0.001000s ]
INFO: [ app_end ] --END-- [ RunTime:0.001000s ]

[ 2017-07-17T16:52:17+08:00 ] ::1 /vmallshop/index.php/Home/Category/index.html
INFO: [ app_begin ] --START--
INFO: Run Behavior\ReadHtmlCacheBehavior [ RunTime:0.001000s ]
INFO: [ app_begin ] --END-- [ RunTime:0.001000s ]
SQL: DESCRIBE vmall_category [ RunTime:0.026002s ]
SQL: SELECT * FROM `vmall_category` WHERE `category_pid` = 0 ORDER BY category_id  [ RunTime:0.000000s ]
SQL: SELECT * FROM `vmall_category` WHERE `category_path` LIKE '0-10'  [ RunTime:0.001000s ]
SQL: SELECT * FROM `vmall_category` WHERE `category_path` LIKE '0-16'  [ RunTime:0.000000s ]
SQL: SELECT * FROM `vmall_category` WHERE `category_path` LIKE '0-20'  [ RunTime:0.000000s ]
SQL: SELECT * FROM `vmall_category` WHERE `category_path` LIKE '0-23'  [ RunTime:0.001000s ]
SQL: SELECT * FROM `vmall_category` WHERE `category_path` LIKE '0-26'  [ RunTime:0.000000s ]
SQL: SELECT * FROM `vmall_category` WHERE `category_path` LIKE '0-30'  [ RunTime:0.000000s ]
SQL: SELECT * FROM `vmall_category` WHERE `category_path` LIKE '0-33'  [ RunTime:0.000000s ]
SQL: SELECT * FROM `vmall_category` WHERE `category_path` LIKE '0-34'  [ RunTime:0.000000s ]
SQL: SELECT * FROM `vmall_category` WHERE `category_path` LIKE '0-35'  [ RunTime:0.000000s ]
SQL: SELECT * FROM `vmall_category` WHERE `category_path` LIKE '0-37'  [ RunTime:0.001000s ]
NOTIC: [2] Invalid argument supplied for foreach() D:\phpstudy\WWW\vmallshop\Home\Home\Controller\CategoryController.class.php 第 19 行.
NOTIC: [2] Invalid argument supplied for foreach() D:\phpstudy\WWW\vmallshop\Home\Home\Controller\CategoryController.class.php 第 19 行.
INFO: [ app_end ] --START--
INFO: Run Behavior\ShowPageTraceBehavior [ RunTime:0.001000s ]
INFO: [ app_end ] --END-- [ RunTime:0.001000s ]

[ 2017-07-17T16:52:17+08:00 ] ::1 /vmallshop/index.php/Home/SmallCat/myShop.html
INFO: [ app_begin ] --START--
INFO: Run Behavior\ReadHtmlCacheBehavior [ RunTime:0.001000s ]
INFO: [ app_begin ] --END-- [ RunTime:0.002000s ]
SQL: DESCRIBE vmall_user [ RunTime:0.031002s ]
SQL: SELECT `user_score` FROM `vmall_user` WHERE `user_id` = 24  [ RunTime:0.001000s ]
SQL: DESCRIBE vmall_order [ RunTime:0.027001s ]
ERR: 错误的查询条件:[order_state=>未付款]

[ 2017-07-17T18:55:59+08:00 ] ::1 /vmallshop/index.php/Home/Stock/add_action
INFO: [ app_begin ] --START--
INFO: Run Behavior\ReadHtmlCacheBehavior [ RunTime:0.001000s ]
INFO: [ app_begin ] --END-- [ RunTime:0.001000s ]
SQL: DESCRIBE vmall_category [ RunTime:0.016001s ]
SQL: SELECT * FROM `vmall_category` WHERE `category_type` = 1 LIMIT 9   [ RunTime:0.001000s ]
SQL: SELECT * FROM `vmall_category` WHERE `category_type` = 2  [ RunTime:0.000000s ]
SQL: DESCRIBE vmall_set [ RunTime:0.024001s ]
SQL: SELECT * FROM `vmall_set`  [ RunTime:0.001000s ]
SQL: DESCRIBE vmall_user [ RunTime:0.011001s ]
SQL: SELECT `customer_id` FROM `vmall_user` WHERE `user_id` = 24 LIMIT 1   [ RunTime:0.000000s ]
SQL: DESCRIBE vmall_stock [ RunTime:0.012000s ]
SQL: SELECT * FROM `vmall_stock` WHERE `storehouse_id` = 3 AND `goods_id` = 21 LIMIT 1   [ RunTime:0.000000s ]
SQL: UPDATE `vmall_stock` SET `updata_time`=1500288959,`stock_num`=11 WHERE `storehouse_id` = 3 AND `goods_id` = 21 [ RunTime:0.000000s ]
SQL: DESCRIBE vmall_stock_desc [ RunTime:0.011000s ]
SQL: INSERT INTO `vmall_stock_desc` (`goods_id`,`goods_num`,`goods_buy_price`,`goods_sell_price`,`addtime`,`storehouse_id`,`stock_no`,`user_id`) VALUES (21,11,2,2,1500288959,3,'2017071718555966373',24) [ RunTime:0.001000s ]
NOTIC: [8] Undefined index: info D:\phpstudy\WWW\vmallshop\ThinkPHP\Library\Think\Controller.class.php 第 216 行.
NOTIC: [8] Undefined index: navTabId D:\phpstudy\WWW\vmallshop\ThinkPHP\Library\Think\Controller.class.php 第 217 行.
NOTIC: [8] Undefined index: callbackType D:\phpstudy\WWW\vmallshop\ThinkPHP\Library\Think\Controller.class.php 第 218 行.
NOTIC: [8] Undefined index: forwardUrl D:\phpstudy\WWW\vmallshop\ThinkPHP\Library\Think\Controller.class.php 第 219 行.

